0.000000,0.000000
0.000500,0.002500
0.001000,0.004875
0.001500,0.007006
0.002000,0.008787
0.002500,0.010129
0.003000,0.010964
0.003500,0.011251
0.004000,0.010975
0.004500,0.010151
0.005000,0.008819
0.005500,0.007046
0.006000,0.004921
0.006500,0.002550
0.007000,0.000051
0.007500,-0.002450
0.008000,-0.004829
0.008500,-0.006966
0.009000,-0.008755
0.009500,-0.010106
0.010000,-0.010952
0.010500,-0.011251
0.011000,-0.010986
0.011500,-0.010173
0.012000,-0.008851
0.012500,-0.007086
0.013000,-0.004967
0.013500,-0.002599
0.014000,-0.000102
0.014500,0.002400
0.015000,0.004783
0.015500,0.006926
0.016000,0.008723
0.016500,0.010084
0.017000,0.010941
0.017500,0.011250
0.018000,0.010997
0.018500,0.010195
0.019000,0.008882
0.019500,0.007125
0.020000,0.005013
0.020500,0.002649
0.021000,0.000153
0.021500,-0.002350
0.022000,-0.004736
0.022500,-0.006886
0.023000,-0.008691
0.023500,-0.010061
0.024000,-0.010929
0.024500,-0.011249
0.025000,-0.011008
0.025500,-0.010216
0.026000,-0.008913
0.026500,-0.007165
0.027000,-0.005058
0.027500,-0.002699
0.028000,-0.000204
0.028500,0.002300
0.029000,0.004690
0.029500,0.006845
0.030000,0.008658
0.030500,0.010038
0.031000,0.010916
0.031500,0.011249
0.032000,0.011018
0.032500,0.010237
0.033000,0.008944
0.033500,0.007204
0.034000,0.005104
0.034500,0.002748
0.035000,0.000255
0.035500,-0.002250
0.036000,-0.004644
0.036500,-0.006805
0.037000,-0.008625
0.037500,-0.010015
0.038000,-0.010904
0.038500,-0.011247
0.039000,-0.011029
0.039500,-0.010258
0.040000,-0.008975
0.040500,-0.007243
0.041000,-0.005149
0.041500,-0.002798
0.042000,-0.000306
0.042500,0.002200
0.043000,0.004597
0.043500,0.006764
0.044000,0.008593
0.044500,0.009992
0.045000,0.010891
0.045500,0.011246
0.046000,0.011039
0.046500,0.010279
0.047000,0.009006
0.047500,0.007282
0.048000,0.005195
0.048500,0.002847
0.049000,0.000357
0.049500,-0.002150
0.050000,-0.004550
0.050500,-0.006723
0.051000,-0.008560
0.051500,-0.009968
0.052000,-0.010878
0.052500,-0.011244
0.053000,-0.011048
0.053500,-0.010300
0.054000,-0.009036
0.054500,-0.007321
0.055000,-0.005240
0.055500,-0.002897
0.056000,-0.000408
0.056500,0.002100
0.057000,0.004504
0.057500,0.006682
0.058000,0.008526
0.058500,0.009944
0.059000,0.010865
0.059500,0.011243
0.060000,0.011058
0.060500,0.010320
0.061000,0.009067
0.061500,0.007360
0.062000,0.005285
0.062500,0.002946
0.063000,0.000459
0.063500,-0.002050
0.064000,-0.004457
0.064500,-0.006641
0.065000,-0.008493
0.065500,-0.009920
0.066000,-0.010852
0.066500,-0.011240
0.067000,-0.011067
0.067500,-0.010341
0.068000,-0.009097
0.068500,-0.007398
0.069000,-0.005330
0.069500,-0.002995
0.070000,-0.000510
0.070500,0.002000
0.071000,0.004410
0.071500,0.006600
0.072000,0.008459
0.072500,0.009896
0.073000,0.010838
0.073500,0.011238
0.074000,0.011076
0.074500,0.010361
0.075000,0.009127
0.075500,0.007437
0.076000,0.005375
0.076500,0.003044
0.077000,0.000561
0.077500,-0.001949
0.078000,-0.004363
0.078500,-0.006558
0.079000,-0.008426
0.079500,-0.009872
0.080000,-0.010824
0.080500,-0.011236
0.081000,-0.011085
0.081500,-0.010380
0.082000,-0.009157
0.082500,-0.007475
0.083000,-0.005420
0.083500,-0.003093
0.084000,-0.000612
0.084500,0.001899
0.085000,0.004316
0.085500,0.006517
0.086000,0.008392
0.086500,0.009847
0.087000,0.010810
0.087500,0.011233
0.088000,0.011094
0.088500,0.010400
0.089000,0.009186
0.089500,0.007513
0.090000,0.005464
0.090500,0.003143
0.091000,0.000663
0.091500,-0.001849
0.092000,-0.004269
0.092500,-0.006475
0.093000,-0.008358
0.093500,-0.009822
0.094000,-0.010796
0.094500,-0.011230
0.095000,-0.011102
0.095500,-0.010419
0.096000,-0.009216
0.096500,-0.007551
0.097000,-0.005509
0.097500,-0.003192
0.098000,-0.000714
0.098500,0.001798
0.099000,0.004221
0.099500,0.006433
0.100000,0.008323
0.100500,0.009797
0.101000,0.010781
0.101500,0.011227
0.102000,0.011110
0.102500,0.010438
0.103000,0.009245
0.103500,0.007589
0.104000,0.005553
0.104500,0.003240
0.105000,0.000765
0.105500,-0.001748
0.106000,-0.004174
0.106500,-0.006391
0.107000,-0.008289
0.107500,-0.009772
0.108000,-0.010767
0.108500,-0.011223
0.109000,-0.011118
0.109500,-0.010457
0.110000,-0.009274
0.110500,-0.007626
0.111000,-0.005598
0.111500,-0.003289
0.112000,-0.000816
0.112500,0.001698
0.113000,0.004126
0.113500,0.006349
0.114000,0.008254
0.114500,0.009747
0.115000,0.010752
0.115500,0.011219
0.116000,0.011126
0.116500,0.010476
0.117000,0.009303
0.117500,0.007664
0.118000,0.005642
0.118500,0.003338
0.119000,0.000867
0.119500,-0.001647
0.120000,-0.004079
0.120500,-0.006307
0.121000,-0.008219
0.121500,-0.009721
0.122000,-0.010737
0.122500,-0.011215
0.123000,-0.011133
0.123500,-0.010495
0.124000,-0.009331
0.124500,-0.007701
0.125000,-0.005686
0.125500,-0.003387
0.126000,-0.000918
0.126500,0.001596
0.127000,0.004031
0.127500,0.006265
0.128000,0.008185
0.128500,0.009695
0.129000,0.010721
0.129500,0.011211
0.130000,0.011141
0.130500,0.010513
0.131000,0.009360
0.131500,0.007738
0.132000,0.005730
0.132500,0.003435
0.133000,0.000969
0.133500,-0.001546
0.134000,-0.003984
0.134500,-0.006222
0.135000,-0.008149
0.135500,-0.009669
0.136000,-0.010706
0.136500,-0.011207
0.137000,-0.011148
0.137500,-0.010531
0.138000,-0.009388
0.138500,-0.007775
0.139000,-0.005774
0.139500,-0.003484
0.140000,-0.001020
0.140500,0.001495
0.141000,0.003936
0.141500,0.006179
0.142000,0.008114
0.142500,0.009643
0.143000,0.010690
0.143500,0.011202
0.144000,0.011154
0.144500,0.010549
0.145000,0.009416
0.145500,0.007812
0.146000,0.005818
0.146500,0.003533
0.147000,0.001071
0.147500,-0.001445
0.148000,-0.003888
0.148500,-0.006137
0.149000,-0.008079
0.149500,-0.009617
0.150000,-0.010674
0.150500,-0.011197
0.151000,-0.011161
0.151500,-0.010567
0.152000,-0.009444
0.152500,-0.007849
0.153000,-0.005862
0.153500,-0.003581
0.154000,-0.001122
0.154500,0.001394
0.155000,0.003840
0.155500,0.006094
0.156000,0.008043
0.156500,0.009590
0.157000,0.010658
0.157500,0.011192
0.158000,0.011167
0.158500,0.010584
0.159000,0.009471
0.159500,0.007885
0.160000,0.005905
0.160500,0.003629
0.161000,0.001172
0.161500,-0.001343
0.162000,-0.003792
0.162500,-0.006051
0.163000,-0.008007
0.163500,-0.009563
0.164000,-0.010641
0.164500,-0.011187
0.165000,-0.011173
0.165500,-0.010601
0.166000,-0.009499
0.166500,-0.007922
0.167000,-0.005948
0.167500,-0.003678
0.168000,-0.001223
0.168500,0.001293
0.169000,0.003744
0.169500,0.006008
0.170000,0.007971
0.170500,0.009536
0.171000,0.010624
0.171500,0.011181
0.172000,0.011179
0.172500,0.010618
0.173000,0.009526
0.173500,0.007958
0.174000,0.005992
0.174500,0.003726
0.175000,0.001274
0.175500,-0.001242
0.176000,-0.003696
0.176500,-0.005964
0.177000,-0.007935
0.177500,-0.009509
0.178000,-0.010608
0.178500,-0.011176
0.179000,-0.011185
0.179500,-0.010635
0.180000,-0.009553
0.180500,-0.007994
0.181000,-0.006035
0.181500,-0.003774
0.182000,-0.001325
0.182500,0.001191
0.183000,0.003647
0.183500,0.005921
0.184000,0.007899
0.184500,0.009482
0.185000,0.010590
0.185500,0.011170
0.186000,0.011190
0.186500,0.010652
0.187000,0.009580
0.187500,0.008030
0.188000,0.006078
0.188500,0.003822
0.189000,0.001375
0.189500,-0.001140
0.190000,-0.003599
0.190500,-0.005878
0.191000,-0.007862
0.191500,-0.009454
0.192000,-0.010573
0.192500,-0.011163
0.193000,-0.011195
0.193500,-0.010668
0.194000,-0.009607
0.194500,-0.008065
0.195000,-0.006121
0.195500,-0.003870
0.196000,-0.001426
0.196500,0.001090
0.197000,0.003551
0.197500,0.005834
0.198000,0.007826
0.198500,0.009426
0.199000,0.010555
0.199500,0.011157
0.200000,0.011200
0.200500,0.010684
0.201000,0.009633
0.201500,0.008101
0.202000,0.006164
0.202500,0.003918
0.203000,0.001477
0.203500,-0.001039
0.204000,-0.003502
0.204500,-0.005790
0.205000,-0.007789
0.205500,-0.009398
0.206000,-0.010538
0.206500,-0.011150
0.207000,-0.011205
0.207500,-0.010700
0.208000,-0.009660
0.208500,-0.008136
0.209000,-0.006206
0.209500,-0.003966
0.210000,-0.001527
0.210500,0.000988
0.211000,0.003454
0.211500,0.005746
0.212000,0.007752
0.212500,0.009370
0.213000,0.010520
0.213500,0.011143
0.214000,0.011210
0.214500,0.010716
0.215000,0.009686
0.215500,0.008172
0.216000,0.006249
0.216500,0.004014
0.217000,0.001578
0.217500,-0.000937
0.218000,-0.003405
0.218500,-0.005703
0.219000,-0.007715
0.219500,-0.009342
0.220000,-0.010501
0.220500,-0.011136
0.221000,-0.011214
0.221500,-0.010731
0.222000,-0.009712
0.222500,-0.008207
0.223000,-0.006291
0.223500,-0.004061
0.224000,-0.001628
0.224500,0.000886
0.225000,0.003356
0.225500,0.005658
0.226000,0.007678
0.226500,0.009313
0.227000,0.010483
0.227500,0.011129
0.228000,0.011218
0.228500,0.010746
0.229000,0.009737
0.229500,0.008241
0.230000,0.006333
0.230500,0.004109
0.231000,0.001679
0.231500,-0.000835
0.232000,-0.003307
0.232500,-0.005614
0.233000,-0.007640
0.233500,-0.009285
0.234000,-0.010464
0.234500,-0.011121
0.235000,-0.011222
0.235500,-0.010761
0.236000,-0.009763
0.236500,-0.008276
0.237000,-0.006376
0.237500,-0.004156
0.238000,-0.001729
0.238500,0.000784
0.239000,0.003259
0.239500,0.005570
0.240000,0.007603
0.240500,0.009256
0.241000,0.010446
0.241500,0.011113
0.242000,0.011225
0.242500,0.010776
0.243000,0.009788
0.243500,0.008311
0.244000,0.006418
0.244500,0.004204
0.245000,0.001780
0.245500,-0.000733
0.246000,-0.003210
0.246500,-0.005526
0.247000,-0.007565
0.247500,-0.009226
0.248000,-0.010426
0.248500,-0.011105
0.249000,-0.011229
0.249500,-0.010791
0.250000,-0.009813
0.250500,-0.008345
0.251000,-0.006459
0.251500,-0.004251
0.252000,-0.001830
0.252500,0.000682
0.253000,0.003161
0.253500,0.005481
0.254000,0.007527
0.254500,0.009197
0.255000,0.010407
0.255500,0.011097
0.256000,0.011232
0.256500,0.010805
0.257000,0.009838
0.257500,0.008379
0.258000,0.006501
0.258500,0.004298
0.259000,0.001880
0.259500,-0.000631
0.260000,-0.003112
0.260500,-0.005436
0.261000,-0.007489
0.261500,-0.009168
0.262000,-0.010388
0.262500,-0.011088
0.263000,-0.011235
0.263500,-0.010819
0.264000,-0.009863
0.264500,-0.008413
0.265000,-0.006543
0.265500,-0.004345
0.266000,-0.001931
0.266500,0.000580
0.267000,0.003063
0.267500,0.005392
0.268000,0.007451
0.268500,0.009138
0.269000,0.010368
0.269500,0.011080
0.270000,0.011237
0.270500,0.010833
0.271000,0.009887
0.271500,0.008447
0.272000,0.006584
0.272500,0.004393
0.273000,0.001981
0.273500,-0.000529
0.274000,-0.003013
0.274500,-0.005347
0.275000,-0.007413
0.275500,-0.009108
0.276000,-0.010348
0.276500,-0.011071
0.277000,-0.011240
0.277500,-0.010847
0.278000,-0.009911
0.278500,-0.008481
0.279000,-0.006626
0.279500,-0.004439
0.280000,-0.002031
0.280500,0.000478
0.281000,0.002964
0.281500,0.005302
0.282000,0.007374
0.282500,0.009078
0.283000,0.010328
0.283500,0.011061
0.284000,0.011242
0.284500,0.010860
0.285000,0.009935
0.285500,0.008514
0.286000,0.006667
0.286500,0.004486
0.287000,0.002082
0.287500,-0.000427
0.288000,-0.002915
0.288500,-0.005257
0.289000,-0.007336
0.289500,-0.009048
0.290000,-0.010307
0.290500,-0.011052
0.291000,-0.011244
0.291500,-0.010873
0.292000,-0.009959
0.292500,-0.008547
0.293000,-0.006708
0.293500,-0.004533
0.294000,-0.002132
0.294500,0.000376
0.295000,0.002865
0.295500,0.005211
0.296000,0.007297
0.296500,0.009017
0.297000,0.010287
0.297500,0.011042
0.298000,0.011245
0.298500,0.010886
0.299000,0.009983
0.299500,0.008580
0.300000,0.006749
0.300500,0.004580
0.301000,0.002182
0.301500,-0.000325
0.302000,-0.002816
0.302500,-0.005166
0.303000,-0.007258
0.303500,-0.008987
0.304000,-0.010266
0.304500,-0.011032
0.305000,-0.011247
0.305500,-0.010899
0.306000,-0.010006
0.306500,-0.008613
0.307000,-0.006790
0.307500,-0.004626
0.308000,-0.002232
0.308500,0.000274
0.309000,0.002767
0.309500,0.005121
0.310000,0.007219
0.310500,0.008956
0.311000,0.010245
0.311500,0.011022
0.312000,0.011248
0.312500,0.010912
0.313000,0.010030
0.313500,0.008646
0.314000,0.006830
0.314500,0.004673
0.315000,0.002282
0.315500,-0.000223
0.316000,-0.002717
0.316500,-0.005075
0.317000,-0.007179
0.317500,-0.008925
0.318000,-0.010224
0.318500,-0.011012
0.319000,-0.011249
0.319500,-0.010924
0.320000,-0.010053
0.320500,-0.008679
0.321000,-0.006871
0.321500,-0.004719
0.322000,-0.002332
0.322500,0.000172
0.323000,0.002668
0.323500,0.005030
0.324000,0.007140
0.324500,0.008894
0.325000,0.010203
0.325500,0.011001
0.326000,0.011250
0.326500,0.010936
0.327000,0.010075
0.327500,0.008711
0.328000,0.006911
0.328500,0.004766
0.329000,0.002382
0.329500,-0.000121
0.330000,-0.002618
0.330500,-0.004984
0.331000,-0.007101
0.331500,-0.008862
0.332000,-0.010181
0.332500,-0.010990
0.333000,-0.011250
0.333500,-0.010948
0.334000,-0.010098
0.334500,-0.008743
0.335000,-0.006951
0.335500,-0.004812
0.336000,-0.002432
0.336500,0.000070
0.337000,0.002568
0.337500,0.004938
0.338000,0.007061
0.338500,0.008831
0.339000,0.010159
0.339500,0.010979
0.340000,0.011251
0.340500,0.010960
0.341000,0.010121
0.341500,0.008775
0.342000,0.006991
0.342500,0.004858
0.343000,0.002482
0.343500,-0.000019
0.344000,-0.002518
0.344500,-0.004892
0.345000,-0.007021
0.345500,-0.008799
0.346000,-0.010137
0.346500,-0.010968
0.347000,-0.011251
0.347500,-0.010971
0.348000,-0.010143
0.348500,-0.008807
0.349000,-0.007031
0.349500,-0.004904
0.350000,-0.002531
0.350500,-0.000032
0.351000,0.002469
0.351500,0.004846
0.352000,0.006981
0.352500,0.008767
0.353000,0.010115
0.353500,0.010957
0.354000,0.011251
0.354500,0.010982
0.355000,0.010165
0.355500,0.008839
0.356000,0.007071
0.356500,0.004950
0.357000,0.002581
0.357500,0.000083
0.358000,-0.002419
0.358500,-0.004800
0.359000,-0.006941
0.359500,-0.008735
0.360000,-0.010092
0.360500,-0.010945
0.361000,-0.011250
0.361500,-0.010993
0.362000,-0.010187
0.362500,-0.008870
0.363000,-0.007111
0.363500,-0.004996
0.364000,-0.002631
0.364500,-0.000134
0.365000,0.002369
0.365500,0.004754
0.366000,0.006901
0.366500,0.008703
0.367000,0.010070
0.367500,0.010933
0.368000,0.011250
0.368500,0.011004
0.369000,0.010208
0.369500,0.008902
0.370000,0.007150
0.370500,0.005041
0.371000,0.002680
0.371500,0.000185
0.372000,-0.002319
0.372500,-0.004707
0.373000,-0.006860
0.373500,-0.008670
0.374000,-0.010047
0.374500,-0.010921
0.375000,-0.011249
0.375500,-0.011015
0.376000,-0.010229
0.376500,-0.008933
0.377000,-0.007190
0.377500,-0.005087
0.378000,-0.002730
0.378500,-0.000236
0.379000,0.002269
0.379500,0.004661
0.380000,0.006820
0.380500,0.008638
0.381000,0.010024
0.381500,0.010908
0.382000,0.011248
0.382500,0.011025
0.383000,0.010251
0.383500,0.008964
0.384000,0.007229
0.384500,0.005132
0.385000,0.002779
0.385500,0.000287
0.386000,-0.002219
0.386500,-0.004614
0.387000,-0.006779
0.387500,-0.008605
0.388000,-0.010000
0.388500,-0.010896
0.389000,-0.011247
0.389500,-0.011035
0.390000,-0.010272
0.390500,-0.008995
0.391000,-0.007268
0.391500,-0.005178
0.392000,-0.002829
0.392500,-0.000338
0.393000,0.002169
0.393500,0.004568
0.394000,0.006738
0.394500,0.008572
0.395000,0.009977
0.395500,0.010883
0.396000,0.011245
0.396500,0.011045
0.397000,0.010292
0.397500,0.009025
0.398000,0.007307
0.398500,0.005223
0.399000,0.002878
0.399500,0.000390
0.400000,-0.002119
0.400500,-0.004521
0.401000,-0.006697
0.401500,-0.008539
0.402000,-0.009953
0.402500,-0.010870
0.403000,-0.011243
0.403500,-0.011054
0.404000,-0.010313
0.404500,-0.009056
0.405000,-0.007346
0.405500,-0.005268
0.406000,-0.002928
0.406500,-0.000441
0.407000,0.002069
0.407500,0.004474
0.408000,0.006656
0.408500,0.008505
0.409000,0.009929
0.409500,0.010857
0.410000,0.011241
0.410500,0.011064
0.411000,0.010333
0.411500,0.009086
0.412000,0.007384
0.412500,0.005313
0.413000,0.002977
0.413500,0.000492
0.414000,-0.002018
0.414500,-0.004427
0.415000,-0.006615
0.415500,-0.008472
0.416000,-0.009905
0.416500,-0.010843
0.417000,-0.011239
0.417500,-0.011073
0.418000,-0.010353
0.418500,-0.009116
0.419000,-0.007423
0.419500,-0.005358
0.420000,-0.003026
0.420500,-0.000543
0.421000,0.001968
0.421500,0.004380
0.422000,0.006574
0.422500,0.008438
0.423000,0.009881
0.423500,0.010829
0.424000,0.011237
0.424500,0.011082
0.425000,0.010373
0.425500,0.009146
0.426000,0.007461
0.426500,0.005403
0.427000,0.003075
0.427500,0.000594
0.428000,-0.001918
0.428500,-0.004333
0.429000,-0.006532
0.429500,-0.008404
0.430000,-0.009856
0.430500,-0.010815
0.431000,-0.011234
0.431500,-0.011091
0.432000,-0.010393
0.432500,-0.009175
0.433000,-0.007499
0.433500,-0.005448
0.434000,-0.003124
0.434500,-0.000645
0.435000,0.001867
0.435500,0.004286
0.436000,0.006490
0.436500,0.008370
0.437000,0.009832
0.437500,0.010801
0.438000,0.011231
0.438500,0.011099
0.439000,0.010412
0.439500,0.009205
0.440000,0.007537
0.440500,0.005493
0.441000,0.003173
0.441500,0.000696
0.442000,-0.001817
0.442500,-0.004239
0.443000,-0.006449
0.443500,-0.008336
0.444000,-0.009807
0.444500,-0.010787
0.445000,-0.011228
0.445500,-0.011107
0.446000,-0.010431
0.446500,-0.009234
0.447000,-0.007575
0.447500,-0.005537
0.448000,-0.003222
0.448500,-0.000746
0.449000,0.001767
0.449500,0.004191
0.450000,0.006407
0.450500,0.008302
0.451000,0.009781
0.451500,0.010772
0.452000,0.011224
0.452500,0.011115
0.453000,0.010450
0.453500,0.009263
0.454000,0.007613
0.454500,0.005581
0.455000,0.003271
0.455500,0.000797
0.456000,-0.001716
0.456500,-0.004144
0.457000,-0.006365
0.457500,-0.008267
0.458000,-0.009756
0.458500,-0.010757
0.459000,-0.011221
0.459500,-0.011123
0.460000,-0.010469
0.460500,-0.009292
0.461000,-0.007650
0.461500,-0.005626
0.462000,-0.003320
0.462500,-0.000848
0.463000,0.001666
0.463500,0.004097
0.464000,0.006323
0.464500,0.008232
0.465000,0.009731
0.465500,0.010742
0.466000,0.011217
0.466500,0.011131
0.467000,0.010488
0.467500,0.009321
0.468000,0.007687
0.468500,0.005670
0.469000,0.003369
0.469500,0.000899
0.470000,-0.001615
0.470500,-0.004049
0.471000,-0.006280
0.471500,-0.008197
0.472000,-0.009705
0.472500,-0.010727
0.473000,-0.011213
0.473500,-0.011138
0.474000,-0.010506
0.474500,-0.009349
0.475000,-0.007725
0.475500,-0.005714
0.476000,-0.003417
0.476500,-0.000950
0.477000,0.001565
0.477500,0.004001
0.478000,0.006238
0.478500,0.008162
0.479000,0.009679
0.479500,0.010712
0.480000,0.011208
0.480500,0.011145
0.481000,0.010524
0.481500,0.009377
0.482000,0.007762
0.482500,0.005758
0.483000,0.003466
0.483500,0.001001
0.484000,-0.001514
0.484500,-0.003953
0.485000,-0.006195
0.485500,-0.008127
0.486000,-0.009653
0.486500,-0.010696
0.487000,-0.011204
0.487500,-0.011152
0.488000,-0.010542
0.488500,-0.009406
0.489000,-0.007799
0.489500,-0.005802
0.490000,-0.003515
0.490500,-0.001052
0.491000,0.001463
0.491500,0.003906
0.492000,0.006153
0.492500,0.008092
0.493000,0.009626
0.493500,0.010680
0.494000,0.011199
0.494500,0.011159
0.495000,0.010560
0.495500,0.009434
0.496000,0.007835
0.496500,0.005845
0.497000,0.003563
0.497500,0.001103
0.498000,-0.001413
0.498500,-0.003858
0.499000,-0.006110
0.499500,-0.008056
0.500000,-0.009600
0.500500,-0.010664
0.501000,-0.011194
0.501500,-0.011165
0.502000,-0.010578
0.502500,-0.009461
0.503000,-0.007872
0.503500,-0.005889
0.504000,-0.003612
0.504500,-0.001154
0.505000,0.001362
0.505500,0.003810
0.506000,0.006067
0.506500,0.008020
0.507000,0.009573
0.507500,0.010647
0.508000,0.011189
0.508500,0.011171
0.509000,0.010595
0.509500,0.009489
0.510000,0.007908
0.510500,0.005932
0.511000,0.003660
0.511500,0.001204
0.512000,-0.001311
0.512500,-0.003762
0.513000,-0.006024
0.513500,-0.007985
0.514000,-0.009546
0.514500,-0.010631
0.515000,-0.011183
0.515500,-0.011177
0.516000,-0.010612
0.516500,-0.009516
0.517000,-0.007945
0.517500,-0.005976
0.518000,-0.003708
0.518500,-0.001255
0.519000,0.001261
0.519500,0.003713
0.520000,0.005981
0.520500,0.007949
0.521000,0.009519
0.521500,0.010614
0.522000,0.011178
0.522500,0.011183
0.523000,0.010629
0.523500,0.009543
0.524000,0.007981
0.524500,0.006019
0.525000,0.003756
0.525500,0.001306
0.526000,-0.001210
0.526500,-0.003665
0.527000,-0.005937
0.527500,-0.007912
0.528000,-0.009492
0.528500,-0.010597
0.529000,-0.011172
0.529500,-0.011188
0.530000,-0.010645
0.530500,-0.009570
0.531000,-0.008017
0.531500,-0.006062
0.532000,-0.003804
0.532500,-0.001357
0.533000,0.001159
0.533500,0.003617
0.534000,0.005894
0.534500,0.007876
0.535000,0.009464
0.535500,0.010580
0.536000,0.011166
0.536500,0.011194
0.537000,0.010662
0.537500,0.009597
0.538000,0.008052
0.538500,0.006105
0.539000,0.003852
0.539500,0.001407
0.540000,-0.001108
0.540500,-0.003568
0.541000,-0.005850
0.541500,-0.007839
0.542000,-0.009437
0.542500,-0.010562
0.543000,-0.011159
0.543500,-0.011199
0.544000,-0.010678
0.544500,-0.009624
0.545000,-0.008088
0.545500,-0.006148
0.546000,-0.003900
0.546500,-0.001458
0.547000,0.001058
0.547500,0.003520
0.548000,0.005807
0.548500,0.007803
0.549000,0.009409
0.549500,0.010544
0.550000,0.011153
0.550500,0.011203
0.551000,0.010694
0.551500,0.009650
0.552000,0.008123
0.552500,0.006190
0.553000,0.003948
0.553500,0.001508
0.554000,-0.001007
0.554500,-0.003471
0.555000,-0.005763
0.555500,-0.007766
0.556000,-0.009381
0.556500,-0.010526
0.557000,-0.011146
0.557500,-0.011208
0.558000,-0.010710
0.558500,-0.009676
0.559000,-0.008159
0.559500,-0.006233
0.560000,-0.003996
0.560500,-0.001559
0.561000,0.000956
0.561500,0.003423
0.562000,0.005719
0.562500,0.007729
0.563000,0.009352
0.563500,0.010508
0.564000,0.011139
0.564500,0.011212
0.565000,0.010725
0.565500,0.009702
0.566000,0.008194
0.566500,0.006275
0.567000,0.004044
0.567500,0.001610
0.568000,-0.000905
0.568500,-0.003374
0.569000,-0.005675
0.569500,-0.007692
0.570000,-0.009324
0.570500,-0.010490
0.571000,-0.011131
0.571500,-0.011216
0.572000,-0.010741
0.572500,-0.009728
0.573000,-0.008228
0.573500,-0.006318
0.574000,-0.004091
0.574500,-0.001660
0.575000,0.000854
0.575500,0.003325
0.576000,0.005631
0.576500,0.007654
0.577000,0.009295
0.577500,0.010471
0.578000,0.011124
0.578500,0.011220
0.579000,0.010756
0.579500,0.009753
0.580000,0.008263
0.580500,0.006360
0.581000,0.004139
0.581500,0.001711
0.582000,-0.000803
0.582500,-0.003277
0.583000,-0.005586
0.583500,-0.007617
0.584000,-0.009266
0.584500,-0.010453
0.585000,-0.011116
0.585500,-0.011224
0.586000,-0.010771
0.586500,-0.009779
0.587000,-0.008298
0.587500,-0.006402
0.588000,-0.004186
0.588500,-0.001761
0.589000,0.000752
0.589500,0.003228
0.590000,0.005542
0.590500,0.007579
0.591000,0.009237
0.591500,0.010434
0.592000,0.011108
0.592500,0.011227
0.593000,0.010785
0.593500,0.009804
0.594000,0.008332
0.594500,0.006444
0.595000,0.004234
0.595500,0.001811
0.596000,-0.000701
0.596500,-0.003179
0.597000,-0.005497
0.597500,-0.007541
0.598000,-0.009208
0.598500,-0.010414
0.599000,-0.011100
0.599500,-0.011231
0.600000,-0.010800
0.600500,-0.009829
0.601000,-0.008366
0.601500,-0.006486
0.602000,-0.004281
0.602500,-0.001862
0.603000,0.000650
0.603500,0.003130
0.604000,0.005453
0.604500,0.007503
0.605000,0.009179
0.605500,0.010395
0.606000,0.011092
0.606500,0.011234
0.607000,0.010814
0.607500,0.009854
0.608000,0.008400
0.608500,0.006527
0.609000,0.004328
0.609500,0.001912
0.610000,-0.000599
0.610500,-0.003081
0.611000,-0.005408
0.611500,-0.007465
0.612000,-0.009149
0.612500,-0.010375
0.613000,-0.011083
0.613500,-0.011236
0.614000,-0.010828
0.614500,-0.009878
0.615000,-0.008434
0.615500,-0.006569
0.616000,-0.004375
0.616500,-0.001962
0.617000,0.000548
0.617500,0.003032
0.618000,0.005363
0.618500,0.007427
0.619000,0.009119
0.619500,0.010355
0.620000,0.011074
0.620500,0.011239
0.621000,0.010842
0.621500,0.009902
0.622000,0.008468
0.622500,0.006610
0.623000,0.004422
0.623500,0.002013
0.624000,-0.000497
0.624500,-0.002982
0.625000,-0.005318
0.625500,-0.007388
0.626000,-0.009089
0.626500,-0.010335
0.627000,-0.011065
0.627500,-0.011241
0.628000,-0.010855
0.628500,-0.009927
0.629000,-0.008502
0.629500,-0.006652
0.630000,-0.004469
0.630500,-0.002063
0.631000,0.000446
0.631500,0.002933
0.632000,0.005273
0.632500,0.007350
0.633000,0.009059
0.633500,0.010315
0.634000,0.011055
0.634500,0.011243
0.635000,0.010868
0.635500,0.009950
0.636000,0.008535
0.636500,0.006693
0.637000,0.004516
0.637500,0.002113
0.638000,-0.000395
0.638500,-0.002884
0.639000,-0.005228
0.639500,-0.007311
0.640000,-0.009029
0.640500,-0.010295
0.641000,-0.011046
0.641500,-0.011245
0.642000,-0.010882
0.642500,-0.009974
0.643000,-0.008568
0.643500,-0.006734
0.644000,-0.004563
0.644500,-0.002163
0.645000,0.000344
0.645500,0.002834
0.646000,0.005183
0.646500,0.007272
0.647000,0.008998
0.647500,0.010274
0.648000,0.011036
0.648500,0.011246
0.649000,0.010894
0.649500,0.009998
0.650000,0.008601
0.650500,0.006775
0.651000,0.004609
0.651500,0.002213
0.652000,-0.000293
0.652500,-0.002785
0.653000,-0.005138
0.653500,-0.007233
0.654000,-0.008967
0.654500,-0.010253
0.655000,-0.011026
0.655500,-0.011248
0.656000,-0.010907
0.656500,-0.010021
0.657000,-0.008634
0.657500,-0.006815
0.658000,-0.004656
0.658500,-0.002263
0.659000,0.000242
0.659500,0.002735
0.660000,0.005092
0.660500,0.007194
0.661000,0.008936
0.661500,0.010232
0.662000,0.011016
0.662500,0.011249
0.663000,0.010919
0.663500,0.010044
0.664000,0.008667
0.664500,0.006856
0.665000,0.004702
0.665500,0.002313
0.666000,-0.000191
0.666500,-0.002686
0.667000,-0.005046
0.667500,-0.007155
0.668000,-0.008905
0.668500,-0.010210
0.669000,-0.011005
0.669500,-0.011250
0.670000,-0.010932
0.670500,-0.010067
0.671000,-0.008699
0.671500,-0.006896
0.672000,-0.004748
0.672500,-0.002363
0.673000,0.000140
0.673500,0.002636
0.674000,0.005001
0.674500,0.007115
0.675000,0.008874
0.675500,0.010189
0.676000,0.010994
0.676500,0.011250
0.677000,0.010944
0.677500,0.010090
0.678000,0.008731
0.678500,0.006936
0.679000,0.004795
0.679500,0.002413
0.680000,-0.000089
0.680500,-0.002587
0.681000,-0.004955
0.681500,-0.007076
0.682000,-0.008842
0.682500,-0.010167
0.683000,-0.010984
0.683500,-0.011251
0.684000,-0.010955
0.684500,-0.010112
0.685000,-0.008764
0.685500,-0.006977
0.686000,-0.004841
0.686500,-0.002463
0.687000,0.000038
0.687500,0.002537
0.688000,0.004909
0.688500,0.007036
0.689000,0.008811
0.689500,0.010145
0.690000,0.010972
0.690500,0.011251
0.691000,0.010967
0.691500,0.010135
0.692000,0.008795
0.692500,0.007017
0.693000,0.004887
0.693500,0.002513
0.694000,0.000013
0.694500,-0.002487
0.695000,-0.004863
0.695500,-0.006996
0.696000,-0.008779
0.696500,-0.010123
0.697000,-0.010961
0.697500,-0.011251
0.698000,-0.010978
0.698500,-0.010157
0.699000,-0.008827
0.699500,-0.007056
0.700000,-0.004933
0.700500,-0.002563
0.701000,-0.000064
0.701500,0.002437
0.702000,0.004817
0.702500,0.006956
0.703000,0.008747
0.703500,0.010101
0.704000,0.010949
0.704500,0.011251
0.705000,0.010989
0.705500,0.010178
0.706000,0.008859
0.706500,0.007096
0.707000,0.004979
0.707500,0.002612
0.708000,0.000115
0.708500,-0.002387
0.709000,-0.004771
0.709500,-0.006916
0.710000,-0.008715
0.710500,-0.010078
0.711000,-0.010937
0.711500,-0.011250
0.712000,-0.011000
0.712500,-0.010200
0.713000,-0.008890
0.713500,-0.007136
0.714000,-0.005024
0.714500,-0.002662
0.715000,-0.000166
0.715500,0.002337
0.716000,0.004724
0.716500,0.006875
0.717000,0.008682
0.717500,0.010055
0.718000,0.010925
0.718500,0.011249
0.719000,0.011011
0.719500,0.010222
0.720000,0.008921
0.720500,0.007175
0.721000,0.005070
0.721500,0.002712
0.722000,0.000217
0.722500,-0.002287
0.723000,-0.004678
0.723500,-0.006835
0.724000,-0.008650
0.724500,-0.010032
0.725000,-0.010913
0.725500,-0.011248
0.726000,-0.011021
0.726500,-0.010243
0.727000,-0.008952
0.727500,-0.007214
0.728000,-0.005116
0.728500,-0.002761
0.729000,-0.000269
0.729500,0.002237
0.730000,0.004632
0.730500,0.006794
0.731000,0.008617
0.731500,0.010009
0.732000,0.010901
0.732500,0.011247
0.733000,0.011031
0.733500,0.010264
0.734000,0.008983
0.734500,0.007253
0.735000,0.005161
0.735500,0.002811
0.736000,0.000320
0.736500,-0.002187
0.737000,-0.004585
0.737500,-0.006753
0.738000,-0.008584
0.738500,-0.009986
0.739000,-0.010888
0.739500,-0.011246
0.740000,-0.011041
0.740500,-0.010285
0.741000,-0.009014
0.741500,-0.007292
0.742000,-0.005206
0.742500,-0.002860
0.743000,-0.000371
0.743500,0.002137
0.744000,0.004538
0.744500,0.006712
0.745000,0.008551
0.745500,0.009962
0.746000,0.010875
0.746500,0.011244
0.747000,0.011051
0.747500,0.010305
0.748000,0.009044
0.748500,0.007331
0.749000,0.005252
0.749500,0.002909
0.750000,0.000422
0.750500,-0.002087
0.751000,-0.004492
0.751500,-0.006671
0.752000,-0.008518
0.752500,-0.009938
0.753000,-0.010862
0.753500,-0.011242
0.754000,-0.011060
0.754500,-0.010326
0.755000,-0.009075
0.755500,-0.007370
0.756000,-0.005297
0.756500,-0.002959
0.757000,-0.000473
0.757500,0.002037
0.758000,0.004445
0.758500,0.006630
0.759000,0.008484
0.759500,0.009914
0.760000,0.010848
0.760500,0.011240
0.761000,0.011070
0.761500,0.010346
0.762000,0.009105
0.762500,0.007408
0.763000,0.005342
0.763500,0.003008
0.764000,0.000524
0.764500,-0.001987
0.765000,-0.004398
0.765500,-0.006589
0.766000,-0.008451
0.766500,-0.009890
0.767000,-0.010834
0.767500,-0.011237
0.768000,-0.011079
0.768500,-0.010366
0.769000,-0.009135
0.769500,-0.007447
0.770000,-0.005387
0.770500,-0.003057
0.771000,-0.000575
0.771500,0.001936
0.772000,0.004351
0.772500,0.006547
0.773000,0.008417
0.773500,0.009865
0.774000,0.010821
0.774500,0.011235
0.775000,0.011087
0.775500,0.010385
0.776000,0.009164
0.776500,0.007485
0.777000,0.005431
0.777500,0.003106
0.778000,0.000626
0.778500,-0.001886
0.779000,-0.004304
0.779500,-0.006506
0.780000,-0.008383
0.780500,-0.009841
0.781000,-0.010807
0.781500,-0.011232
0.782000,-0.011096
0.782500,-0.010405
0.783000,-0.009194
0.783500,-0.007523
0.784000,-0.005476
0.784500,-0.003155
0.785000,-0.000677
0.785500,0.001836
0.786000,0.004256
0.786500,0.006464
0.787000,0.008349
0.787500,0.009816
0.788000,0.010792
0.788500,0.011229
0.789000,0.011104
0.789500,0.010424
0.790000,0.009223
0.790500,0.007561
0.791000,0.005521
0.791500,0.003204
0.792000,0.000728
0.792500,-0.001785
0.793000,-0.004209
0.793500,-0.006422
0.794000,-0.008314
0.794500,-0.009791
0.795000,-0.010778
0.795500,-0.011226
0.796000,-0.011112
0.796500,-0.010443
0.797000,-0.009252
0.797500,-0.007599
0.798000,-0.005565
0.798500,-0.003253
0.799000,-0.000779
0.799500,0.001735
0.800000,0.004162
0.800500,0.006380
0.801000,0.008280
0.801500,0.009766
0.802000,0.010763
0.802500,0.011222
0.803000,0.011120
0.803500,0.010462
0.804000,0.009281
0.804500,0.007636
0.805000,0.005609
0.805500,0.003302
0.806000,0.000830
0.806500,-0.001684
0.807000,-0.004114
0.807500,-0.006338
0.808000,-0.008245
0.808500,-0.009740
0.809000,-0.010748
0.809500,-0.011218
0.810000,-0.011128
0.810500,-0.010481
0.811000,-0.009310
0.811500,-0.007674
0.812000,-0.005654
0.812500,-0.003351
0.813000,-0.000880
0.813500,0.001634
0.814000,0.004067
0.814500,0.006296
0.815000,0.008210
0.815500,0.009714
0.816000,0.010733
0.816500,0.011214
0.817000,0.011135
0.817500,0.010499
0.818000,0.009339
0.818500,0.007711
0.819000,0.005698
0.819500,0.003399
0.820000,0.000931
0.820500,-0.001583
0.821000,-0.004019
0.821500,-0.006254
0.822000,-0.008175
0.822500,-0.009689
0.823000,-0.010717
0.823500,-0.011210
0.824000,-0.011142
0.824500,-0.010518
0.825000,-0.009367
0.825500,-0.007748
0.826000,-0.005742
0.826500,-0.003448
0.827000,-0.000982
0.827500,0.001533
0.828000,0.003971
0.828500,0.006211
0.829000,0.008140
0.829500,0.009662
0.830000,0.010702
0.830500,0.011206
0.831000,0.011149
0.831500,0.010536
0.832000,0.009395
0.832500,0.007785
0.833000,0.005785
0.833500,0.003497
0.834000,0.001033
0.834500,-0.001482
0.835000,-0.003923
0.835500,-0.006168
0.836000,-0.008105
0.836500,-0.009636
0.837000,-0.010686
0.837500,-0.011201
0.838000,-0.011156
0.838500,-0.010554
0.839000,-0.009423
0.839500,-0.007822
0.840000,-0.005829
0.840500,-0.003545
0.841000,-0.001084
0.841500,0.001432
0.842000,0.003875
0.842500,0.006126
0.843000,0.008069
0.843500,0.009610
0.844000,0.010670
0.844500,0.011196
0.845000,0.011163
0.845500,0.010571
0.846000,0.009451
0.846500,0.007858
0.847000,0.005873
0.847500,0.003594
0.848000,0.001135
0.848500,-0.001381
0.849000,-0.003827
0.849500,-0.006083
0.850000,-0.008034
0.850500,-0.009583
0.851000,-0.010653
0.851500,-0.011191
0.852000,-0.011169
0.852500,-0.010588
0.853000,-0.009479
0.853500,-0.007895
0.854000,-0.005916
0.854500,-0.003642
0.855000,-0.001186
0.855500,0.001330
0.856000,0.003779
0.856500,0.006040
0.857000,0.007998
0.857500,0.009556
0.858000,0.010637
0.858500,0.011186
0.859000,0.011175
0.859500,0.010606
0.860000,0.009506
0.860500,0.007931
0.861000,0.005960
0.861500,0.003690
0.862000,0.001236
0.862500,-0.001279
0.863000,-0.003731
0.863500,-0.005997
0.864000,-0.007962
0.864500,-0.009529
0.865000,-0.010620
0.865500,-0.011180
0.866000,-0.011181
0.866500,-0.010623
0.867000,-0.009533
0.867500,-0.007967
0.868000,-0.006003
0.868500,-0.003738
0.869000,-0.001287
0.869500,0.001229
0.870000,0.003683
0.870500,0.005953
0.871000,0.007926
0.871500,0.009502
0.872000,0.010603
0.872500,0.011174
0.873000,0.011186
0.873500,0.010639
0.874000,0.009560
0.874500,0.008003
0.875000,0.006046
0.875500,0.003787
0.876000,0.001338
0.876500,-0.001178
0.877000,-0.003635
0.877500,-0.005910
0.878000,-0.007889
0.878500,-0.009475
0.879000,-0.010586
0.879500,-0.011168
0.880000,-0.011192
0.880500,-0.010656
0.881000,-0.009587
0.881500,-0.008039
0.882000,-0.006089
0.882500,-0.003835
0.883000,-0.001388
0.883500,0.001127
0.884000,0.003586
0.884500,0.005866
0.885000,0.007853
0.885500,0.009447
0.886000,0.010569
0.886500,0.011162
0.887000,0.011197
0.887500,0.010672
0.888000,0.009614
0.888500,0.008075
0.889000,0.006132
0.889500,0.003883
0.890000,0.001439
0.890500,-0.001076
0.891000,-0.003538
0.891500,-0.005823
0.892000,-0.007816
0.892500,-0.009419
0.893000,-0.010551
0.893500,-0.011155
0.894000,-0.011202
0.894500,-0.010688
0.895000,-0.009640
0.895500,-0.008110
0.896000,-0.006175
0.896500,-0.003930
0.897000,-0.001490
0.897500,0.001026
0.898000,0.003489
0.898500,0.005779
0.899000,0.007779
0.899500,0.009391
0.900000,0.010533
0.900500,0.011148
0.901000,0.011206
0.901500,0.010704
0.902000,0.009666
0.902500,0.008145
0.903000,0.006217
0.903500,0.003978
0.904000,0.001540
0.904500,-0.000975
0.905000,-0.003441
0.905500,-0.005735
0.906000,-0.007743
0.906500,-0.009363
0.907000,-0.010515
0.907500,-0.011141
0.908000,-0.011211
0.908500,-0.010720
0.909000,-0.009692
0.909500,-0.008181
0.910000,-0.006260
0.910500,-0.004026
0.911000,-0.001591
0.911500,0.000924
0.912000,0.003392
0.912500,0.005691
0.913000,0.007705
0.913500,0.009334
0.914000,0.010497
0.914500,0.011134
0.915000,0.011215
0.915500,0.010735
0.916000,0.009718
0.916500,0.008216
0.917000,0.006302
0.917500,0.004074
0.918000,0.001641
0.918500,-0.000873
0.919000,-0.003344
0.919500,-0.005647
0.920000,-0.007668
0.920500,-0.009306
0.921000,-0.010478
0.921500,-0.011127
0.922000,-0.011219
0.922500,-0.010750
0.923000,-0.009744
0.923500,-0.008250
0.924000,-0.006344
0.924500,-0.004121
0.925000,-0.001692
0.925500,0.000822
0.926000,0.003295
0.926500,0.005603
0.927000,0.007631
0.927500,0.009277
0.928000,0.010460
0.928500,0.011119
0.929000,0.011223
0.929500,0.010765
0.930000,0.009769
0.930500,0.008285
0.931000,0.006386
0.931500,0.004169
0.932000,0.001742
0.932500,-0.000771
0.933000,-0.003246
0.933500,-0.005558
0.934000,-0.007593
0.934500,-0.009248
0.935000,-0.010441
0.935500,-0.011111
0.936000,-0.011226
0.936500,-0.010780
0.937000,-0.009795
0.937500,-0.008319
0.938000,-0.006428
0.938500,-0.004216
0.939000,-0.001793
0.939500,0.000720
0.940000,0.003197
0.940500,0.005514
0.941000,0.007555
0.941500,0.009219
0.942000,0.010421
0.942500,0.011103
0.943000,0.011229
0.943500,0.010794
0.944000,0.009820
0.944500,0.008354
0.945000,0.006470
0.945500,0.004263
0.946000,0.001843
0.946500,-0.000669
0.947000,-0.003148
0.947500,-0.005469
0.948000,-0.007517
0.948500,-0.009189
0.949000,-0.010402
0.949500,-0.011095
0.950000,-0.011232
0.950500,-0.010809
0.951000,-0.009844
0.951500,-0.008388
0.952000,-0.006512
0.952500,-0.004311
0.953000,-0.001894
0.953500,0.000618
0.954000,0.003099
0.954500,0.005425
0.955000,0.007479
0.955500,0.009160
0.956000,0.010383
0.956500,0.011086
0.957000,0.011235
0.957500,0.010823
0.958000,0.009869
0.958500,0.008422
0.959000,0.006554
0.959500,0.004358
0.960000,0.001944
0.960500,-0.000567
0.961000,-0.003050
0.961500,-0.005380
0.962000,-0.007441
0.962500,-0.009130
0.963000,-0.010363
0.963500,-0.011077
0.964000,-0.011238
0.964500,-0.010837
0.965000,-0.009893
0.965500,-0.008456
0.966000,-0.006595
0.966500,-0.004405
0.967000,-0.001994
0.967500,0.000516
0.968000,0.003001
0.968500,0.005335
0.969000,0.007403
0.969500,0.009100
0.970000,0.010343
0.970500,0.011068
0.971000,0.011240
0.971500,0.010850
0.972000,0.009918
0.972500,0.008489
0.973000,0.006636
0.973500,0.004452
0.974000,0.002044
0.974500,-0.000465
0.975000,-0.002951
0.975500,-0.005290
0.976000,-0.007364
0.976500,-0.009070
0.977000,-0.010323
0.977500,-0.011059
0.978000,-0.011242
0.978500,-0.010864
0.979000,-0.009942
0.979500,-0.008523
0.980000,-0.006678
0.980500,-0.004498
0.981000,-0.002095
0.981500,0.000414
0.982000,0.002902
0.982500,0.005245
0.983000,0.007326
0.983500,0.009040
0.984000,0.010302
0.984500,0.011049
0.985000,0.011244
0.985500,0.010877
0.986000,0.009965
0.986500,0.008556
0.987000,0.006719
0.987500,0.004545
0.988000,0.002145
0.988500,-0.000363
0.989000,-0.002853
0.989500,-0.005200
0.990000,-0.007287
0.990500,-0.009009
0.991000,-0.010282
0.991500,-0.011040
0.992000,-0.011246
0.992500,-0.010890
0.993000,-0.009989
0.993500,-0.008589
0.994000,-0.006759
0.994500,-0.004592
0.995000,-0.002195
0.995500,0.000312
0.996000,0.002803
0.996500,0.005154
0.997000,0.007248
0.997500,0.008979
0.998000,0.010261
0.998500,0.011030
0.999000,0.011247
0.999500,0.010902
