0.000000,0.000000
0.000500,0.002479
0.001000,0.004835
0.001500,0.006950
0.002000,0.008719
0.002500,0.010054
0.003000,0.010888
0.003500,0.011180
0.004000,0.010916
0.004500,0.010108
0.005000,0.008796
0.005500,0.007047
0.006000,0.004947
0.006500,0.002601
0.007000,0.000125
0.007500,-0.002357
0.008000,-0.004722
0.008500,-0.006852
0.009000,-0.008640
0.009500,-0.009998
0.010000,-0.010859
0.010500,-0.011179
0.011000,-0.010942
0.011500,-0.010160
0.012000,-0.008873
0.012500,-0.007144
0.013000,-0.005059
0.013500,-0.002722
0.014000,-0.000250
0.014500,0.002235
0.015000,0.004609
0.015500,0.006753
0.016000,0.008560
0.016500,0.009942
0.017000,0.010828
0.017500,0.011176
0.018000,0.010967
0.018500,0.010212
0.019000,0.008948
0.019500,0.007239
0.020000,0.005170
0.020500,0.002843
0.021000,0.000374
0.021500,-0.002113
0.022000,-0.004495
0.022500,-0.006653
0.023000,-0.008479
0.023500,-0.009884
0.024000,-0.010796
0.024500,-0.011171
0.025000,-0.010990
0.025500,-0.010262
0.026000,-0.009022
0.026500,-0.007334
0.027000,-0.005280
0.027500,-0.002963
0.028000,-0.000499
0.028500,0.001990
0.029000,0.004380
0.029500,0.006552
0.030000,0.008397
0.030500,0.009825
0.031000,0.010763
0.031500,0.011166
0.032000,0.011012
0.032500,0.010310
0.033000,0.009095
0.033500,0.007427
0.034000,0.005389
0.034500,0.003083
0.035000,0.000624
0.035500,-0.001867
0.036000,-0.004265
0.036500,-0.006450
0.037000,-0.008314
0.037500,-0.009765
0.038000,-0.010729
0.038500,-0.011159
0.039000,-0.011033
0.039500,-0.010358
0.040000,-0.009167
0.040500,-0.007520
0.041000,-0.005498
0.041500,-0.003203
0.042000,-0.000748
0.042500,0.001744
0.043000,0.004149
0.043500,0.006348
0.044000,0.008230
0.044500,0.009703
0.045000,0.010693
0.045500,0.011150
0.046000,0.011052
0.046500,0.010404
0.047000,0.009238
0.047500,0.007612
0.048000,0.005607
0.048500,0.003322
0.049000,0.000873
0.049500,-0.001621
0.050000,-0.004033
0.050500,-0.006245
0.051000,-0.008145
0.051500,-0.009640
0.052000,-0.010656
0.052500,-0.011140
0.053000,-0.011070
0.053500,-0.010449
0.054000,-0.009307
0.054500,-0.007702
0.055000,-0.005714
0.055500,-0.003441
0.056000,-0.000997
0.056500,0.001497
0.057000,0.003916
0.057500,0.006141
0.058000,0.008059
0.058500,0.009577
0.059000,0.010617
0.059500,0.011129
0.060000,0.011087
0.060500,0.010492
0.061000,0.009376
0.061500,0.007792
0.062000,0.005821
0.062500,0.003560
0.063000,0.001121
0.063500,-0.001373
0.064000,-0.003799
0.064500,-0.006036
0.065000,-0.007972
0.065500,-0.009511
0.066000,-0.010577
0.066500,-0.011116
0.067000,-0.011102
0.067500,-0.010535
0.068000,-0.009443
0.068500,-0.007881
0.069000,-0.005927
0.069500,-0.003678
0.070000,-0.001245
0.070500,0.001249
0.071000,0.003682
0.071500,0.005930
0.072000,0.007884
0.072500,0.009445
0.073000,0.010536
0.073500,0.011102
0.074000,0.011116
0.074500,0.010576
0.075000,0.009509
0.075500,0.007969
0.076000,0.006032
0.076500,0.003795
0.077000,0.001369
0.077500,-0.001125
0.078000,-0.003563
0.078500,-0.005824
0.079000,-0.007795
0.079500,-0.009378
0.080000,-0.010494
0.080500,-0.011087
0.081000,-0.011128
0.081500,-0.010615
0.082000,-0.009574
0.082500,-0.008056
0.083000,-0.006137
0.083500,-0.003912
0.084000,-0.001493
0.084500,0.001001
0.085000,0.003445
0.085500,0.005717
0.086000,0.007705
0.086500,0.009309
0.087000,0.010450
0.087500,0.011070
0.088000,0.011139
0.088500,0.010654
0.089000,0.009638
0.089500,0.008142
0.090000,0.006241
0.090500,0.004029
0.091000,0.001616
0.091500,-0.000877
0.092000,-0.003326
0.092500,-0.005610
0.093000,-0.007614
0.093500,-0.009239
0.094000,-0.010405
0.094500,-0.011052
0.095000,-0.011149
0.095500,-0.010691
0.096000,-0.009700
0.096500,-0.008227
0.097000,-0.006344
0.097500,-0.004145
0.098000,-0.001740
0.098500,0.000752
0.099000,0.003207
0.099500,0.005501
0.100000,0.007522
0.100500,0.009168
0.101000,0.010358
0.101500,0.011032
0.102000,0.011157
0.102500,0.010726
0.103000,0.009761
0.103500,0.008311
0.104000,0.006446
0.104500,0.004260
0.105000,0.001863
0.105500,-0.000628
0.106000,-0.003087
0.106500,-0.005392
0.107000,-0.007429
0.107500,-0.009096
0.108000,-0.010311
0.108500,-0.011011
0.109000,-0.011164
0.109500,-0.010761
0.110000,-0.009822
0.110500,-0.008393
0.111000,-0.006547
0.111500,-0.004375
0.112000,-0.001986
0.112500,0.000503
0.113000,0.002967
0.113500,0.005283
0.114000,0.007336
0.114500,0.009023
0.115000,0.010262
0.115500,0.010989
0.116000,0.011169
0.116500,0.010794
0.117000,0.009880
0.117500,0.008475
0.118000,0.006648
0.118500,0.004490
0.119000,0.002108
0.119500,-0.000378
0.120000,-0.002846
0.120500,-0.005172
0.121000,-0.007241
0.121500,-0.008949
0.122000,-0.010211
0.122500,-0.010965
0.123000,-0.011173
0.123500,-0.010825
0.124000,-0.009938
0.124500,-0.008556
0.125000,-0.006748
0.125500,-0.004604
0.126000,-0.002231
0.126500,0.000254
0.127000,0.002725
0.127500,0.005061
0.128000,0.007145
0.128500,0.008873
0.129000,0.010160
0.129500,0.010940
0.130000,0.011176
0.130500,0.010856
0.131000,0.009994
0.131500,0.008636
0.132000,0.006847
0.132500,0.004717
0.133000,0.002353
0.133500,-0.000129
0.134000,-0.002604
0.134500,-0.004950
0.135000,-0.007049
0.135500,-0.008797
0.136000,-0.010107
0.136500,-0.010914
0.137000,-0.011177
0.137500,-0.010884
0.138000,-0.010050
0.138500,-0.008714
0.139000,-0.006945
0.139500,-0.004830
0.140000,-0.002475
0.140500,0.000004
0.141000,0.002483
0.141500,0.004837
0.142000,0.006951
0.142500,0.008719
0.143000,0.010053
0.143500,0.010886
0.144000,0.011177
0.144500,0.010912
0.145000,0.010103
0.145500,0.008792
0.146000,0.007042
0.146500,0.004942
0.147000,0.002596
0.147500,0.000121
0.148000,-0.002361
0.148500,-0.004725
0.149000,-0.006853
0.149500,-0.008641
0.150000,-0.009998
0.150500,-0.010857
0.151000,-0.011176
0.151500,-0.010938
0.152000,-0.010156
0.152500,-0.008868
0.153000,-0.007139
0.153500,-0.005054
0.154000,-0.002717
0.154500,-0.000245
0.155000,0.002239
0.155500,0.004611
0.156000,0.006754
0.156500,0.008561
0.157000,0.009941
0.157500,0.010827
0.158000,0.011173
0.158500,0.010963
0.159000,0.010207
0.159500,0.008943
0.160000,0.007234
0.160500,0.005165
0.161000,0.002838
0.161500,0.000370
0.162000,-0.002116
0.162500,-0.004497
0.163000,-0.006654
0.163500,-0.008480
0.164000,-0.009883
0.164500,-0.010795
0.165000,-0.011169
0.165500,-0.010987
0.166000,-0.010257
0.166500,-0.009017
0.167000,-0.007329
0.167500,-0.005275
0.168000,-0.002958
0.168500,-0.000495
0.169000,0.001994
0.169500,0.004383
0.170000,0.006554
0.170500,0.008398
0.171000,0.009824
0.171500,0.010762
0.172000,0.011163
0.172500,0.011009
0.173000,0.010306
0.173500,0.009091
0.174000,0.007422
0.174500,0.005384
0.175000,0.003078
0.175500,0.000619
0.176000,-0.001871
0.176500,-0.004268
0.177000,-0.006452
0.177500,-0.008315
0.178000,-0.009764
0.178500,-0.010727
0.179000,-0.011156
0.179500,-0.011029
0.180000,-0.010354
0.180500,-0.009162
0.181000,-0.007515
0.181500,-0.005493
0.182000,-0.003198
0.182500,-0.000744
0.183000,0.001748
0.183500,0.004152
0.184000,0.006350
0.184500,0.008231
0.185000,0.009703
0.185500,0.010691
0.186000,0.011148
0.186500,0.011049
0.187000,0.010400
0.187500,0.009233
0.188000,0.007607
0.188500,0.005602
0.189000,0.003317
0.189500,0.000868
0.190000,-0.001624
0.190500,-0.004036
0.191000,-0.006247
0.191500,-0.008146
0.192000,-0.009640
0.192500,-0.010654
0.193000,-0.011138
0.193500,-0.011067
0.194000,-0.010445
0.194500,-0.009303
0.195000,-0.007698
0.195500,-0.005709
0.196000,-0.003436
0.196500,-0.000993
0.197000,0.001501
0.197500,0.003919
0.198000,0.006143
0.198500,0.008060
0.199000,0.009576
0.199500,0.010616
0.200000,0.011127
0.200500,0.011083
0.201000,0.010488
0.201500,0.009371
0.202000,0.007787
0.202500,0.005816
0.203000,0.003555
0.203500,0.001117
0.204000,-0.001377
0.204500,-0.003802
0.205000,-0.006038
0.205500,-0.007973
0.206000,-0.009511
0.206500,-0.010576
0.207000,-0.011114
0.207500,-0.011099
0.208000,-0.010531
0.208500,-0.009439
0.209000,-0.007876
0.209500,-0.005922
0.210000,-0.003673
0.210500,-0.001241
0.211000,0.001253
0.211500,0.003685
0.212000,0.005933
0.212500,0.007885
0.213000,0.009445
0.213500,0.010535
0.214000,0.011100
0.214500,0.011113
0.215000,0.010572
0.215500,0.009505
0.216000,0.007964
0.216500,0.006027
0.217000,0.003790
0.217500,0.001365
0.218000,-0.001129
0.218500,-0.003567
0.219000,-0.005826
0.219500,-0.007796
0.220000,-0.009378
0.220500,-0.010492
0.221000,-0.011085
0.221500,-0.011125
0.222000,-0.010611
0.222500,-0.009570
0.223000,-0.008051
0.223500,-0.006132
0.224000,-0.003907
0.224500,-0.001488
0.225000,0.001005
0.225500,0.003448
0.226000,0.005719
0.226500,0.007706
0.227000,0.009309
0.227500,0.010449
0.228000,0.011068
0.228500,0.011136
0.229000,0.010650
0.229500,0.009633
0.230000,0.008137
0.230500,0.006236
0.231000,0.004024
0.231500,0.001612
0.232000,-0.000881
0.232500,-0.003329
0.233000,-0.005612
0.233500,-0.007615
0.234000,-0.009239
0.234500,-0.010404
0.235000,-0.011050
0.235500,-0.011146
0.236000,-0.010687
0.236500,-0.009696
0.237000,-0.008222
0.237500,-0.006339
0.238000,-0.004140
0.238500,-0.001735
0.239000,0.000756
0.239500,0.003210
0.240000,0.005504
0.240500,0.007523
0.241000,0.009169
0.241500,0.010357
0.242000,0.011030
0.242500,0.011154
0.243000,0.010723
0.243500,0.009757
0.244000,0.008306
0.244500,0.006441
0.245000,0.004256
0.245500,0.001858
0.246000,-0.000632
0.246500,-0.003090
0.247000,-0.005395
0.247500,-0.007431
0.248000,-0.009097
0.248500,-0.010310
0.249000,-0.011009
0.249500,-0.011161
0.250000,-0.010757
0.250500,-0.009817
0.251000,-0.008389
0.251500,-0.006543
0.252000,-0.004371
0.252500,-0.001981
0.253000,0.000507
0.253500,0.002970
0.254000,0.005285
0.254500,0.007337
0.255000,0.009023
0.255500,0.010261
0.256000,0.010987
0.256500,0.011167
0.257000,0.010790
0.257500,0.009876
0.258000,0.008470
0.258500,0.006643
0.259000,0.004485
0.259500,0.002104
0.260000,-0.000382
0.260500,-0.002850
0.261000,-0.005175
0.261500,-0.007242
0.262000,-0.008949
0.262500,-0.010211
0.263000,-0.010964
0.263500,-0.011171
0.264000,-0.010822
0.264500,-0.009934
0.265000,-0.008551
0.265500,-0.006743
0.266000,-0.004599
0.266500,-0.002226
0.267000,0.000258
0.267500,0.002729
0.268000,0.005064
0.268500,0.007147
0.269000,0.008874
0.269500,0.010159
0.270000,0.010939
0.270500,0.011173
0.271000,0.010852
0.271500,0.009990
0.272000,0.008631
0.272500,0.006842
0.273000,0.004712
0.273500,0.002348
0.274000,-0.000133
0.274500,-0.002608
0.275000,-0.004952
0.275500,-0.007050
0.276000,-0.008797
0.276500,-0.010106
0.277000,-0.010912
0.277500,-0.011175
0.278000,-0.010881
0.278500,-0.010045
0.279000,-0.008709
0.279500,-0.006940
0.280000,-0.004825
0.280500,-0.002470
0.281000,0.000008
0.281500,0.002486
0.282000,0.004840
0.282500,0.006953
0.283000,0.008720
0.283500,0.010052
0.284000,0.010885
0.284500,0.011175
0.285000,0.010909
0.285500,0.010099
0.286000,0.008787
0.286500,0.007037
0.287000,0.004937
0.287500,0.002591
0.288000,0.000116
0.288500,-0.002364
0.289000,-0.004727
0.289500,-0.006855
0.290000,-0.008641
0.290500,-0.009997
0.291000,-0.010855
0.291500,-0.011173
0.292000,-0.010935
0.292500,-0.010152
0.293000,-0.008863
0.293500,-0.007134
0.294000,-0.005049
0.294500,-0.002712
0.295000,-0.000241
0.295500,0.002242
0.296000,0.004614
0.296500,0.006756
0.297000,0.008561
0.297500,0.009941
0.298000,0.010825
0.298500,0.011170
0.299000,0.010960
0.299500,0.010203
0.300000,0.008939
0.300500,0.007229
0.301000,0.005160
0.301500,0.002833
0.302000,0.000366
0.302500,-0.002120
0.303000,-0.004500
0.303500,-0.006656
0.304000,-0.008481
0.304500,-0.009883
0.305000,-0.010793
0.305500,-0.011166
0.306000,-0.010983
0.306500,-0.010253
0.307000,-0.009013
0.307500,-0.007324
0.308000,-0.005270
0.308500,-0.002954
0.309000,-0.000490
0.309500,0.001997
0.310000,0.004385
0.310500,0.006555
0.311000,0.008399
0.311500,0.009824
0.312000,0.010760
0.312500,0.011161
0.313000,0.011005
0.313500,0.010302
0.314000,0.009086
0.314500,0.007417
0.315000,0.005379
0.315500,0.003074
0.316000,0.000615
0.316500,-0.001874
0.317000,-0.004270
0.317500,-0.006454
0.318000,-0.008316
0.318500,-0.009764
0.319000,-0.010726
0.319500,-0.011154
0.320000,-0.011026
0.320500,-0.010350
0.321000,-0.009158
0.321500,-0.007510
0.322000,-0.005488
0.322500,-0.003193
0.323000,-0.000739
0.323500,0.001751
0.324000,0.004155
0.324500,0.006352
0.325000,0.008232
0.325500,0.009703
0.326000,0.010690
0.326500,0.011145
0.327000,0.011046
0.327500,0.010396
0.328000,0.009229
0.328500,0.007602
0.329000,0.005597
0.329500,0.003313
0.330000,0.000864
0.330500,-0.001628
0.331000,-0.004039
0.331500,-0.006248
0.332000,-0.008147
0.332500,-0.009640
0.333000,-0.010653
0.333500,-0.011135
0.334000,-0.011064
0.334500,-0.010441
0.335000,-0.009298
0.335500,-0.007693
0.336000,-0.005704
0.336500,-0.003432
0.337000,-0.000988
0.337500,0.001504
0.338000,0.003922
0.338500,0.006145
0.339000,0.008061
0.339500,0.009576
0.340000,0.010614
0.340500,0.011124
0.341000,0.011080
0.341500,0.010484
0.342000,0.009367
0.342500,0.007783
0.343000,0.005811
0.343500,0.003550
0.344000,0.001112
0.344500,-0.001381
0.345000,-0.003805
0.345500,-0.006040
0.346000,-0.007974
0.346500,-0.009511
0.347000,-0.010575
0.347500,-0.011112
0.348000,-0.011096
0.348500,-0.010527
0.349000,-0.009434
0.349500,-0.007871
0.350000,-0.005917
0.350500,-0.003668
0.351000,-0.001236
0.351500,0.001257
0.352000,0.003688
0.352500,0.005935
0.353000,0.007886
0.353500,0.009445
0.354000,0.010534
0.354500,0.011098
0.355000,0.011109
0.355500,0.010568
0.356000,0.009500
0.356500,0.007959
0.357000,0.006022
0.357500,0.003786
0.358000,0.001360
0.358500,-0.001133
0.359000,-0.003570
0.359500,-0.005828
0.360000,-0.007797
0.360500,-0.009378
0.361000,-0.010491
0.361500,-0.011083
0.362000,-0.011122
0.362500,-0.010608
0.363000,-0.009565
0.363500,-0.008046
0.364000,-0.006127
0.364500,-0.003903
0.365000,-0.001484
0.365500,0.001009
0.366000,0.003451
0.366500,0.005722
0.367000,0.007707
0.367500,0.009309
0.368000,0.010448
0.368500,0.011066
0.369000,0.011133
0.369500,0.010646
0.370000,0.009629
0.370500,0.008132
0.371000,0.006231
0.371500,0.004019
0.372000,0.001607
0.372500,-0.000884
0.373000,-0.003332
0.373500,-0.005614
0.374000,-0.007616
0.374500,-0.009240
0.375000,-0.010403
0.375500,-0.011048
0.376000,-0.011143
0.376500,-0.010683
0.377000,-0.009691
0.377500,-0.008217
0.378000,-0.006334
0.378500,-0.004135
0.379000,-0.001731
0.379500,0.000760
0.380000,0.003213
0.380500,0.005506
0.381000,0.007525
0.381500,0.009169
0.382000,0.010356
0.382500,0.011028
0.383000,0.011151
0.383500,0.010719
0.384000,0.009753
0.384500,0.008301
0.385000,0.006436
0.385500,0.004251
0.386000,0.001854
0.386500,-0.000636
0.387000,-0.003093
0.387500,-0.005397
0.388000,-0.007432
0.388500,-0.009097
0.389000,-0.010309
0.389500,-0.011007
0.390000,-0.011158
0.390500,-0.010753
0.391000,-0.009813
0.391500,-0.008384
0.392000,-0.006538
0.392500,-0.004366
0.393000,-0.001977
0.393500,0.000511
0.394000,0.002973
0.394500,0.005287
0.395000,0.007338
0.395500,0.009024
0.396000,0.010260
0.396500,0.010985
0.397000,0.011164
0.397500,0.010786
0.398000,0.009872
0.398500,0.008466
0.399000,0.006638
0.399500,0.004480
0.400000,0.002099
0.400500,-0.000386
0.401000,-0.002853
0.401500,-0.005177
0.402000,-0.007244
0.402500,-0.008950
0.403000,-0.010210
0.403500,-0.010962
0.404000,-0.011168
0.404500,-0.010818
0.405000,-0.009929
0.405500,-0.008546
0.406000,-0.006738
0.406500,-0.004594
0.407000,-0.002221
0.407500,0.000262
0.408000,0.002732
0.408500,0.005066
0.409000,0.007148
0.409500,0.008874
0.410000,0.010158
0.410500,0.010937
0.411000,0.011171
0.411500,0.010848
0.412000,0.009986
0.412500,0.008626
0.413000,0.006837
0.413500,0.004707
0.414000,0.002343
0.414500,-0.000137
0.415000,-0.002611
0.415500,-0.004955
0.416000,-0.007052
0.416500,-0.008798
0.417000,-0.010106
0.417500,-0.010910
0.418000,-0.011172
0.418500,-0.010877
0.419000,-0.010041
0.419500,-0.008705
0.420000,-0.006935
0.420500,-0.004820
0.421000,-0.002465
0.421500,0.000012
0.422000,0.002489
0.422500,0.004843
0.423000,0.006955
0.423500,0.008720
0.424000,0.010052
0.424500,0.010883
0.425000,0.011172
0.425500,0.010905
0.426000,0.010095
0.426500,0.008782
0.427000,0.007032
0.427500,0.004932
0.428000,0.002587
0.428500,0.000112
0.429000,-0.002368
0.429500,-0.004730
0.430000,-0.006856
0.430500,-0.008642
0.431000,-0.009997
0.431500,-0.010854
0.432000,-0.011171
0.432500,-0.010931
0.433000,-0.010148
0.433500,-0.008859
0.434000,-0.007129
0.434500,-0.005044
0.435000,-0.002708
0.435500,-0.000237
0.436000,0.002246
0.436500,0.004617
0.437000,0.006758
0.437500,0.008562
0.438000,0.009940
0.438500,0.010823
0.439000,0.011168
0.439500,0.010956
0.440000,0.010199
0.440500,0.008934
0.441000,0.007224
0.441500,0.005155
0.442000,0.002829
0.442500,0.000362
0.443000,-0.002123
0.443500,-0.004503
0.444000,-0.006658
0.444500,-0.008481
0.445000,-0.009883
0.445500,-0.010792
0.446000,-0.011164
0.446500,-0.010980
0.447000,-0.010249
0.447500,-0.009008
0.448000,-0.007319
0.448500,-0.005265
0.449000,-0.002949
0.449500,-0.000486
0.450000,0.002001
0.450500,0.004388
0.451000,0.006557
0.451500,0.008399
0.452000,0.009824
0.452500,0.010759
0.453000,0.011158
0.453500,0.011002
0.454000,0.010298
0.454500,0.009081
0.455000,0.007412
0.455500,0.005375
0.456000,0.003069
0.456500,0.000611
0.457000,-0.001878
0.457500,-0.004273
0.458000,-0.006456
0.458500,-0.008317
0.459000,-0.009764
0.459500,-0.010724
0.460000,-0.011151
0.460500,-0.011023
0.461000,-0.010346
0.461500,-0.009153
0.462000,-0.007505
0.462500,-0.005483
0.463000,-0.003189
0.463500,-0.000735
0.464000,0.001755
0.464500,0.004158
0.465000,0.006353
0.465500,0.008233
0.466000,0.009702
0.466500,0.010689
0.467000,0.011143
0.467500,0.011042
0.468000,0.010392
0.468500,0.009224
0.469000,0.007597
0.469500,0.005592
0.470000,0.003308
0.470500,0.000860
0.471000,-0.001632
0.471500,-0.004042
0.472000,-0.006250
0.472500,-0.008148
0.473000,-0.009640
0.473500,-0.010652
0.474000,-0.011133
0.474500,-0.011060
0.475000,-0.010437
0.475500,-0.009294
0.476000,-0.007688
0.476500,-0.005699
0.477000,-0.003427
0.477500,-0.000984
0.478000,0.001508
0.478500,0.003925
0.479000,0.006147
0.479500,0.008062
0.480000,0.009576
0.480500,0.010613
0.481000,0.011122
0.481500,0.011077
0.482000,0.010481
0.482500,0.009362
0.483000,0.007778
0.483500,0.005806
0.484000,0.003545
0.484500,0.001108
0.485000,-0.001385
0.485500,-0.003808
0.486000,-0.006042
0.486500,-0.007975
0.487000,-0.009511
0.487500,-0.010574
0.488000,-0.011110
0.488500,-0.011092
0.489000,-0.010523
0.489500,-0.009430
0.490000,-0.007867
0.490500,-0.005912
0.491000,-0.003663
0.491500,-0.001232
0.492000,0.001261
0.492500,0.003691
0.493000,0.005937
0.493500,0.007887
0.494000,0.009445
0.494500,0.010533
0.495000,0.011096
0.495500,0.011106
0.496000,0.010564
0.496500,0.009496
0.497000,0.007955
0.497500,0.006017
0.498000,0.003781
0.498500,0.001356
0.499000,-0.001137
0.499500,-0.003573
0.500000,-0.005831
0.500500,-0.007798
0.501000,-0.009378
0.501500,-0.010490
0.502000,-0.011080
0.502500,-0.011119
0.503000,-0.010604
0.503500,-0.009561
0.504000,-0.008042
0.504500,-0.006122
0.505000,-0.003898
0.505500,-0.001479
0.506000,0.001013
0.506500,0.003454
0.507000,0.005724
0.507500,0.007708
0.508000,0.009309
0.508500,0.010447
0.509000,0.011064
0.509500,0.011130
0.510000,0.010642
0.510500,0.009624
0.511000,0.008127
0.511500,0.006226
0.512000,0.004014
0.512500,0.001603
0.513000,-0.000888
0.513500,-0.003335
0.514000,-0.005616
0.514500,-0.007618
0.515000,-0.009240
0.515500,-0.010402
0.516000,-0.011046
0.516500,-0.011140
0.517000,-0.010679
0.517500,-0.009687
0.518000,-0.008212
0.518500,-0.006329
0.519000,-0.004130
0.519500,-0.001726
0.520000,0.000764
0.520500,0.003216
0.521000,0.005508
0.521500,0.007526
0.522000,0.009169
0.522500,0.010355
0.523000,0.011026
0.523500,0.011148
0.524000,0.010715
0.524500,0.009748
0.525000,0.008296
0.525500,0.006431
0.526000,0.004246
0.526500,0.001849
0.527000,-0.000640
0.527500,-0.003097
0.528000,-0.005399
0.528500,-0.007433
0.529000,-0.009097
0.529500,-0.010308
0.530000,-0.011006
0.530500,-0.011155
0.531000,-0.010749
0.531500,-0.009808
0.532000,-0.008379
0.532500,-0.006533
0.533000,-0.004361
0.533500,-0.001972
0.534000,0.000515
0.534500,0.002977
0.535000,0.005290
0.535500,0.007340
0.536000,0.009024
0.536500,0.010259
0.537000,0.010983
0.537500,0.011161
0.538000,0.010783
0.538500,0.009867
0.539000,0.008461
0.539500,0.006633
0.540000,0.004475
0.540500,0.002095
0.541000,-0.000391
0.541500,-0.002856
0.542000,-0.005180
0.542500,-0.007245
0.543000,-0.008950
0.543500,-0.010209
0.544000,-0.010960
0.544500,-0.011165
0.545000,-0.010814
0.545500,-0.009925
0.546000,-0.008542
0.546500,-0.006733
0.547000,-0.004589
0.547500,-0.002217
0.548000,0.000266
0.548500,0.002735
0.549000,0.005069
0.549500,0.007150
0.550000,0.008875
0.550500,0.010158
0.551000,0.010935
0.551500,0.011168
0.552000,0.010845
0.552500,0.009982
0.553000,0.008621
0.553500,0.006832
0.554000,0.004703
0.554500,0.002339
0.555000,-0.000141
0.555500,-0.002614
0.556000,-0.004957
0.556500,-0.007053
0.557000,-0.008798
0.557500,-0.010105
0.558000,-0.010909
0.558500,-0.011169
0.559000,-0.010874
0.559500,-0.010037
0.560000,-0.008700
0.560500,-0.006930
0.561000,-0.004815
0.561500,-0.002461
0.562000,0.000017
0.562500,0.002493
0.563000,0.004845
0.563500,0.006956
0.564000,0.008721
0.564500,0.010051
0.565000,0.010881
0.565500,0.011169
0.566000,0.010901
0.566500,0.010091
0.567000,0.008778
0.567500,0.007027
0.568000,0.004927
0.568500,0.002582
0.569000,0.000108
0.569500,-0.002371
0.570000,-0.004732
0.570500,-0.006858
0.571000,-0.008642
0.571500,-0.009996
0.572000,-0.010852
0.572500,-0.011168
0.573000,-0.010928
0.573500,-0.010143
0.574000,-0.008854
0.574500,-0.007124
0.575000,-0.005039
0.575500,-0.002703
0.576000,-0.000233
0.576500,0.002249
0.577000,0.004619
0.577500,0.006759
0.578000,0.008563
0.578500,0.009940
0.579000,0.010822
0.579500,0.011165
0.580000,0.010953
0.580500,0.010195
0.581000,0.008929
0.581500,0.007219
0.582000,0.005150
0.582500,0.002824
0.583000,0.000357
0.583500,-0.002127
0.584000,-0.004505
0.584500,-0.006659
0.585000,-0.008482
0.585500,-0.009882
0.586000,-0.010790
0.586500,-0.011161
0.587000,-0.010976
0.587500,-0.010245
0.588000,-0.009004
0.588500,-0.007314
0.589000,-0.005260
0.589500,-0.002944
0.590000,-0.000482
0.590500,0.002004
0.591000,0.004391
0.591500,0.006559
0.592000,0.008400
0.592500,0.009823
0.593000,0.010757
0.593500,0.011156
0.594000,0.010999
0.594500,0.010294
0.595000,0.009077
0.595500,0.007408
0.596000,0.005370
0.596500,0.003064
0.597000,0.000606
0.597500,-0.001882
0.598000,-0.004276
0.598500,-0.006457
0.599000,-0.008317
0.599500,-0.009763
0.600000,-0.010723
0.600500,-0.011149
0.601000,-0.011019
0.601500,-0.010341
0.602000,-0.009149
0.602500,-0.007500
0.603000,-0.005478
0.603500,-0.003184
0.604000,-0.000731
0.604500,0.001759
0.605000,0.004161
0.605500,0.006355
0.606000,0.008234
0.606500,0.009702
0.607000,0.010687
0.607500,0.011140
0.608000,0.011039
0.608500,0.010388
0.609000,0.009219
0.609500,0.007592
0.610000,0.005587
0.610500,0.003303
0.611000,0.000855
0.611500,-0.001635
0.612000,-0.004045
0.612500,-0.006252
0.613000,-0.008149
0.613500,-0.009639
0.614000,-0.010650
0.614500,-0.011131
0.615000,-0.011057
0.615500,-0.010433
0.616000,-0.009289
0.616500,-0.007683
0.617000,-0.005694
0.617500,-0.003422
0.618000,-0.000979
0.618500,0.001512
0.619000,0.003928
0.619500,0.006149
0.620000,0.008063
0.620500,0.009576
0.621000,0.010612
0.621500,0.011120
0.622000,0.011074
0.622500,0.010477
0.623000,0.009358
0.623500,0.007773
0.624000,0.005801
0.624500,0.003540
0.625000,0.001104
0.625500,-0.001388
0.626000,-0.003811
0.626500,-0.006044
0.627000,-0.007976
0.627500,-0.009511
0.628000,-0.010572
0.628500,-0.011107
0.629000,-0.011089
0.629500,-0.010519
0.630000,-0.009425
0.630500,-0.007862
0.631000,-0.005907
0.631500,-0.003658
0.632000,-0.001227
0.632500,0.001265
0.633000,0.003694
0.633500,0.005939
0.634000,0.007888
0.634500,0.009445
0.635000,0.010531
0.635500,0.011093
0.636000,0.011103
0.636500,0.010560
0.637000,0.009491
0.637500,0.007950
0.638000,0.006012
0.638500,0.003776
0.639000,0.001351
0.639500,-0.001141
0.640000,-0.003576
0.640500,-0.005833
0.641000,-0.007799
0.641500,-0.009378
0.642000,-0.010489
0.642500,-0.011078
0.643000,-0.011116
0.643500,-0.010600
0.644000,-0.009556
0.644500,-0.008037
0.645000,-0.006117
0.645500,-0.003893
0.646000,-0.001475
0.646500,0.001017
0.647000,0.003457
0.647500,0.005726
0.648000,0.007710
0.648500,0.009309
0.649000,0.010445
0.649500,0.011062
0.650000,0.011127
0.650500,0.010638
0.651000,0.009620
0.651500,0.008123
0.652000,0.006221
0.652500,0.004009
0.653000,0.001598
0.653500,-0.000892
0.654000,-0.003339
0.654500,-0.005619
0.655000,-0.007619
0.655500,-0.009240
0.656000,-0.010401
0.656500,-0.011044
0.657000,-0.011137
0.657500,-0.010675
0.658000,-0.009683
0.658500,-0.008208
0.659000,-0.006324
0.659500,-0.004125
0.660000,-0.001722
0.660500,0.000768
0.661000,0.003219
0.661500,0.005510
0.662000,0.007527
0.662500,0.009169
0.663000,0.010354
0.663500,0.011024
0.664000,0.011145
0.664500,0.010711
0.665000,0.009744
0.665500,0.008291
0.666000,0.006426
0.666500,0.004241
0.667000,0.001845
0.667500,-0.000644
0.668000,-0.003100
0.668500,-0.005402
0.669000,-0.007434
0.669500,-0.009097
0.670000,-0.010307
0.670500,-0.011004
0.671000,-0.011152
0.671500,-0.010746
0.672000,-0.009804
0.672500,-0.008374
0.673000,-0.006528
0.673500,-0.004356
0.674000,-0.001967
0.674500,0.000519
0.675000,0.002980
0.675500,0.005292
0.676000,0.007341
0.676500,0.009024
0.677000,0.010258
0.677500,0.010981
0.678000,0.011158
0.678500,0.010779
0.679000,0.009863
0.679500,0.008456
0.680000,0.006628
0.680500,0.004470
0.681000,0.002090
0.681500,-0.000395
0.682000,-0.002859
0.682500,-0.005182
0.683000,-0.007246
0.683500,-0.008950
0.684000,-0.010208
0.684500,-0.010958
0.685000,-0.011162
0.685500,-0.010811
0.686000,-0.009921
0.686500,-0.008537
0.687000,-0.006728
0.687500,-0.004584
0.688000,-0.002212
0.688500,0.000270
0.689000,0.002739
0.689500,0.005071
0.690000,0.007151
0.690500,0.008875
0.691000,0.010157
0.691500,0.010933
0.692000,0.011165
0.692500,0.010841
0.693000,0.009977
0.693500,0.008617
0.694000,0.006827
0.694500,0.004698
0.695000,0.002334
0.695500,-0.000145
0.696000,-0.002618
0.696500,-0.004960
0.697000,-0.007055
0.697500,-0.008799
0.698000,-0.010104
0.698500,-0.010907
0.699000,-0.011167
0.699500,-0.010870
0.700000,-0.010032
0.700500,-0.008695
0.701000,-0.006925
0.701500,-0.004810
0.702000,-0.002456
0.702500,0.000021
0.703000,0.002496
0.703500,0.004848
0.704000,0.006958
0.704500,0.008721
0.705000,0.010051
0.705500,0.010879
0.706000,0.011167
0.706500,0.010898
0.707000,0.010086
0.707500,0.008773
0.708000,0.007023
0.708500,0.004922
0.709000,0.002577
0.709500,0.000104
0.710000,-0.002375
0.710500,-0.004735
0.711000,-0.006860
0.711500,-0.008643
0.712000,-0.009995
0.712500,-0.010851
0.713000,-0.011165
0.713500,-0.010924
0.714000,-0.010139
0.714500,-0.008849
0.715000,-0.007119
0.715500,-0.005034
0.716000,-0.002698
0.716500,-0.000229
0.717000,0.002253
0.717500,0.004622
0.718000,0.006761
0.718500,0.008563
0.719000,0.009939
0.719500,0.010820
0.720000,0.011163
0.720500,0.010949
0.721000,0.010191
0.721500,0.008925
0.722000,0.007214
0.722500,0.005145
0.723000,0.002819
0.723500,0.000353
0.724000,-0.002131
0.724500,-0.004508
0.725000,-0.006661
0.725500,-0.008483
0.726000,-0.009882
0.726500,-0.010789
0.727000,-0.011159
0.727500,-0.010973
0.728000,-0.010241
0.728500,-0.008999
0.729000,-0.007309
0.729500,-0.005255
0.730000,-0.002940
0.730500,-0.000478
0.731000,0.002008
0.731500,0.004394
0.732000,0.006561
0.732500,0.008401
0.733000,0.009823
0.733500,0.010756
0.734000,0.011153
0.734500,0.010995
0.735000,0.010290
0.735500,0.009072
0.736000,0.007403
0.736500,0.005365
0.737000,0.003060
0.737500,0.000602
0.738000,-0.001885
0.738500,-0.004279
0.739000,-0.006459
0.739500,-0.008318
0.740000,-0.009763
0.740500,-0.010721
0.741000,-0.011146
0.741500,-0.011016
0.742000,-0.010337
0.742500,-0.009144
0.743000,-0.007495
0.743500,-0.005474
0.744000,-0.003179
0.744500,-0.000727
0.745000,0.001762
0.745500,0.004163
0.746000,0.006357
0.746500,0.008234
0.747000,0.009702
0.747500,0.010686
0.748000,0.011138
0.748500,0.011036
0.749000,0.010384
0.749500,0.009215
0.750000,0.007587
0.750500,0.005582
0.751000,0.003298
0.751500,0.000851
0.752000,-0.001639
0.752500,-0.004047
0.753000,-0.006254
0.753500,-0.008150
0.754000,-0.009639
0.754500,-0.010649
0.755000,-0.011128
0.755500,-0.011054
0.756000,-0.010429
0.756500,-0.009285
0.757000,-0.007678
0.757500,-0.005689
0.758000,-0.003417
0.758500,-0.000975
0.759000,0.001516
0.759500,0.003931
0.760000,0.006151
0.760500,0.008064
0.761000,0.009576
0.761500,0.010611
0.762000,0.011117
0.762500,0.011071
0.763000,0.010473
0.763500,0.009353
0.764000,0.007768
0.764500,0.005796
0.765000,0.003536
0.765500,0.001099
0.766000,-0.001392
0.766500,-0.003814
0.767000,-0.006046
0.767500,-0.007977
0.768000,-0.009511
0.768500,-0.010571
0.769000,-0.011105
0.769500,-0.011086
0.770000,-0.010515
0.770500,-0.009420
0.771000,-0.007857
0.771500,-0.005902
0.772000,-0.003654
0.772500,-0.001223
0.773000,0.001268
0.773500,0.003697
0.774000,0.005941
0.774500,0.007889
0.775000,0.009445
0.775500,0.010530
0.776000,0.011091
0.776500,0.011100
0.777000,0.010556
0.777500,0.009487
0.778000,0.007945
0.778500,0.006008
0.779000,0.003771
0.779500,0.001347
0.780000,-0.001144
0.780500,-0.003579
0.781000,-0.005835
0.781500,-0.007800
0.782000,-0.009378
0.782500,-0.010488
0.783000,-0.011076
0.783500,-0.011113
0.784000,-0.010596
0.784500,-0.009552
0.785000,-0.008032
0.785500,-0.006112
0.786000,-0.003888
0.786500,-0.001470
0.787000,0.001020
0.787500,0.003460
0.788000,0.005728
0.788500,0.007711
0.789000,0.009309
0.789500,0.010444
0.790000,0.011059
0.790500,0.011124
0.791000,0.010634
0.791500,0.009616
0.792000,0.008118
0.792500,0.006216
0.793000,0.004005
0.793500,0.001594
0.794000,-0.000896
0.794500,-0.003342
0.795000,-0.005621
0.795500,-0.007620
0.796000,-0.009240
0.796500,-0.010400
0.797000,-0.011042
0.797500,-0.011134
0.798000,-0.010672
0.798500,-0.009678
0.799000,-0.008203
0.799500,-0.006319
0.800000,-0.004121
0.800500,-0.001717
0.801000,0.000772
0.801500,0.003223
0.802000,0.005513
0.802500,0.007528
0.803000,0.009169
0.803500,0.010353
0.804000,0.011022
0.804500,0.011142
0.805000,0.010707
0.805500,0.009740
0.806000,0.008287
0.806500,0.006421
0.807000,0.004236
0.807500,0.001840
0.808000,-0.000648
0.808500,-0.003103
0.809000,-0.005404
0.809500,-0.007436
0.810000,-0.009097
0.810500,-0.010306
0.811000,-0.011002
0.811500,-0.011149
0.812000,-0.010742
0.812500,-0.009800
0.813000,-0.008370
0.813500,-0.006523
0.814000,-0.004351
0.814500,-0.001963
0.815000,0.000523
0.815500,0.002983
0.816000,0.005294
0.816500,0.007342
0.817000,0.009024
0.817500,0.010257
0.818000,0.010980
0.818500,0.011155
0.819000,0.010775
0.819500,0.009859
0.820000,0.008451
0.820500,0.006623
0.821000,0.004466
0.821500,0.002085
0.822000,-0.000399
0.822500,-0.002863
0.823000,-0.005184
0.823500,-0.007248
0.824000,-0.008950
0.824500,-0.010207
0.825000,-0.010956
0.825500,-0.011159
0.826000,-0.010807
0.826500,-0.009916
0.827000,-0.008532
0.827500,-0.006723
0.828000,-0.004579
0.828500,-0.002208
0.829000,0.000274
0.829500,0.002742
0.830000,0.005074
0.830500,0.007153
0.831000,0.008875
0.831500,0.010156
0.832000,0.010931
0.832500,0.011162
0.833000,0.010837
0.833500,0.009973
0.834000,0.008612
0.834500,0.006822
0.835000,0.004693
0.835500,0.002330
0.836000,-0.000149
0.836500,-0.002621
0.837000,-0.004962
0.837500,-0.007056
0.838000,-0.008799
0.838500,-0.010104
0.839000,-0.010905
0.839500,-0.011164
0.840000,-0.010867
0.840500,-0.010028
0.841000,-0.008691
0.841500,-0.006920
0.842000,-0.004805
0.842500,-0.002451
0.843000,0.000025
0.843500,0.002500
0.844000,0.004850
0.844500,0.006959
0.845000,0.008722
0.845500,0.010050
0.846000,0.010878
0.846500,0.011164
0.847000,0.010894
0.847500,0.010082
0.848000,0.008768
0.848500,0.007018
0.849000,0.004918
0.849500,0.002573
0.850000,0.000100
0.850500,-0.002378
0.851000,-0.004738
0.851500,-0.006861
0.852000,-0.008643
0.852500,-0.009995
0.853000,-0.010849
0.853500,-0.011163
0.854000,-0.010921
0.854500,-0.010135
0.855000,-0.008845
0.855500,-0.007114
0.856000,-0.005029
0.856500,-0.002694
0.857000,-0.000224
0.857500,0.002256
0.858000,0.004625
0.858500,0.006762
0.859000,0.008564
0.859500,0.009939
0.860000,0.010819
0.860500,0.011160
0.861000,0.010946
0.861500,0.010187
0.862000,0.008920
0.862500,0.007209
0.863000,0.005140
0.863500,0.002814
0.864000,0.000349
0.864500,-0.002134
0.865000,-0.004511
0.865500,-0.006663
0.866000,-0.008483
0.866500,-0.009881
0.867000,-0.010787
0.867500,-0.011156
0.868000,-0.010969
0.868500,-0.010237
0.869000,-0.008994
0.869500,-0.007304
0.870000,-0.005250
0.870500,-0.002935
0.871000,-0.000473
0.871500,0.002012
0.872000,0.004396
0.872500,0.006562
0.873000,0.008402
0.873500,0.009822
0.874000,0.010754
0.874500,0.011151
0.875000,0.010992
0.875500,0.010286
0.876000,0.009067
0.876500,0.007398
0.877000,0.005360
0.877500,0.003055
0.878000,0.000598
0.878500,-0.001889
0.879000,-0.004282
0.879500,-0.006461
0.880000,-0.008319
0.880500,-0.009763
0.881000,-0.010720
0.881500,-0.011144
0.882000,-0.011013
0.882500,-0.010333
0.883000,-0.009139
0.883500,-0.007491
0.884000,-0.005469
0.884500,-0.003174
0.885000,-0.000722
0.885500,0.001766
0.886000,0.004166
0.886500,0.006359
0.887000,0.008235
0.887500,0.009701
0.888000,0.010684
0.888500,0.011136
0.889000,0.011032
0.889500,0.010380
0.890000,0.009210
0.890500,0.007582
0.891000,0.005577
0.891500,0.003294
0.892000,0.000846
0.892500,-0.001643
0.893000,-0.004050
0.893500,-0.006256
0.894000,-0.008150
0.894500,-0.009639
0.895000,-0.010648
0.895500,-0.011126
0.896000,-0.011051
0.896500,-0.010425
0.897000,-0.009280
0.897500,-0.007673
0.898000,-0.005684
0.898500,-0.003412
0.899000,-0.000971
0.899500,0.001519
0.900000,0.003934
0.900500,0.006152
0.901000,0.008065
0.901500,0.009575
0.902000,0.010609
0.902500,0.011115
0.903000,0.011067
0.903500,0.010469
0.904000,0.009349
0.904500,0.007763
0.905000,0.005791
0.905500,0.003531
0.906000,0.001095
0.906500,-0.001396
0.907000,-0.003817
0.907500,-0.006048
0.908000,-0.007978
0.908500,-0.009511
0.909000,-0.010570
0.909500,-0.011103
0.910000,-0.011083
0.910500,-0.010511
0.911000,-0.009416
0.911500,-0.007852
0.912000,-0.005897
0.912500,-0.003649
0.913000,-0.001219
0.913500,0.001272
0.914000,0.003700
0.914500,0.005943
0.915000,0.007890
0.915500,0.009445
0.916000,0.010529
0.916500,0.011089
0.917000,0.011097
0.917500,0.010552
0.918000,0.009482
0.918500,0.007940
0.919000,0.006003
0.919500,0.003766
0.920000,0.001342
0.920500,-0.001148
0.921000,-0.003582
0.921500,-0.005837
0.922000,-0.007802
0.922500,-0.009378
0.923000,-0.010487
0.923500,-0.011074
0.924000,-0.011110
0.924500,-0.010592
0.925000,-0.009547
0.925500,-0.008027
0.926000,-0.006107
0.926500,-0.003883
0.927000,-0.001466
0.927500,0.001024
0.928000,0.003464
0.928500,0.005730
0.929000,0.007712
0.929500,0.009309
0.930000,0.010443
0.930500,0.011057
0.931000,0.011121
0.931500,0.010631
0.932000,0.009611
0.932500,0.008113
0.933000,0.006211
0.933500,0.004000
0.934000,0.001589
0.934500,-0.000900
0.935000,-0.003345
0.935500,-0.005623
0.936000,-0.007621
0.936500,-0.009240
0.937000,-0.010399
0.937500,-0.011039
0.938000,-0.011131
0.938500,-0.010668
0.939000,-0.009674
0.939500,-0.008198
0.940000,-0.006314
0.940500,-0.004116
0.941000,-0.001713
0.941500,0.000776
0.942000,0.003226
0.942500,0.005515
0.943000,0.007530
0.943500,0.009169
0.944000,0.010353
0.944500,0.011020
0.945000,0.011139
0.945500,0.010704
0.946000,0.009735
0.946500,0.008282
0.947000,0.006416
0.947500,0.004231
0.948000,0.001836
0.948500,-0.000652
0.949000,-0.003106
0.949500,-0.005406
0.950000,-0.007437
0.950500,-0.009098
0.951000,-0.010305
0.951500,-0.011000
0.952000,-0.011146
0.952500,-0.010738
0.953000,-0.009795
0.953500,-0.008365
0.954000,-0.006518
0.954500,-0.004346
0.955000,-0.001958
0.955500,0.000527
0.956000,0.002986
0.956500,0.005297
0.957000,0.007344
0.957500,0.009025
0.958000,0.010257
0.958500,0.010978
0.959000,0.011152
0.959500,0.010771
0.960000,0.009854
0.960500,0.008447
0.961000,0.006618
0.961500,0.004461
0.962000,0.002081
0.962500,-0.000403
0.963000,-0.002866
0.963500,-0.005187
0.964000,-0.007249
0.964500,-0.008951
0.965000,-0.010207
0.965500,-0.010954
0.966000,-0.011157
0.966500,-0.010803
0.967000,-0.009912
0.967500,-0.008528
0.968000,-0.006718
0.968500,-0.004575
0.969000,-0.002203
0.969500,0.000278
0.970000,0.002745
0.970500,0.005076
0.971000,0.007154
0.971500,0.008876
0.972000,0.010155
0.972500,0.010930
0.973000,0.011159
0.973500,0.010834
0.974000,0.009969
0.974500,0.008607
0.975000,0.006817
0.975500,0.004688
0.976000,0.002325
0.976500,-0.000154
0.977000,-0.002625
0.977500,-0.004965
0.978000,-0.007058
0.978500,-0.008799
0.979000,-0.010103
0.979500,-0.010903
0.980000,-0.011161
0.980500,-0.010863
0.981000,-0.010024
0.981500,-0.008686
0.982000,-0.006915
0.982500,-0.004801
0.983000,-0.002447
0.983500,0.000029
0.984000,0.002503
0.984500,0.004853
0.985000,0.006961
0.985500,0.008722
0.986000,0.010049
0.986500,0.010876
0.987000,0.011161
0.987500,0.010891
0.988000,0.010078
0.988500,0.008764
0.989000,0.007013
0.989500,0.004913
0.990000,0.002568
0.990500,0.000096
0.991000,-0.002382
0.991500,-0.004740
0.992000,-0.006863
0.992500,-0.008644
0.993000,-0.009994
0.993500,-0.010847
0.994000,-0.011160
0.994500,-0.010917
0.995000,-0.010131
0.995500,-0.008840
0.996000,-0.007109
0.996500,-0.005024
0.997000,-0.002689
0.997500,-0.000220
0.998000,0.002260
0.998500,0.004627
0.999000,0.006764
0.999500,0.008564
