0.000000,0.000000
0.000100,0.000000
0.000200,0.000000
0.000300,0.000000
0.000400,0.000000
0.000500,0.000000
0.000600,0.000000
0.000700,0.000000
0.000800,0.000000
0.000900,0.000000
0.001000,0.000000
0.001100,0.000000
0.001200,0.000000
0.001300,0.000000
0.001400,0.000000
0.001500,0.000000
0.001600,0.000000
0.001700,0.000000
0.001800,0.000000
0.001900,0.000000
0.002000,0.000000
0.002100,0.000000
0.002200,0.000000
0.002300,0.000000
0.002400,0.000000
0.002500,0.000000
0.002600,0.000000
0.002700,0.000000
0.002800,0.000000
0.002900,0.000000
0.003000,0.000000
0.003100,0.000000
0.003200,0.000000
0.003300,0.000000
0.003400,0.000000
0.003500,0.000000
0.003600,0.000000
0.003700,0.000000
0.003800,0.000000
0.003900,0.000000
0.004000,0.000000
0.004100,0.000000
0.004200,0.000000
0.004300,0.000000
0.004400,-0.000000
0.004500,-0.000000
0.004600,-0.000000
0.004700,-0.000000
0.004800,-0.000000
0.004900,-0.000000
0.005000,-0.000000
0.005100,-0.000001
0.005200,-0.000001
0.005300,-0.000001
0.005400,-0.000001
0.005500,-0.000001
0.005600,-0.000001
0.005700,-0.000001
0.005800,-0.000001
0.005900,-0.000001
0.006000,-0.000002
0.006100,-0.000002
0.006200,-0.000002
0.006300,-0.000002
0.006400,-0.000002
0.006500,-0.000002
0.006600,-0.000003
0.006700,-0.000003
0.006800,-0.000003
0.006900,-0.000003
0.007000,-0.000003
0.007100,-0.000004
0.007200,-0.000004
0.007300,-0.000004
0.007400,-0.000004
0.007500,-0.000004
0.007600,-0.000005
0.007700,-0.000005
0.007800,-0.000005
0.007900,-0.000005
0.008000,-0.000005
0.008100,-0.000006
0.008200,-0.000006
0.008300,-0.000006
0.008400,-0.000006
0.008500,-0.000007
0.008600,-0.000007
0.008700,-0.000007
0.008800,-0.000007
0.008900,-0.000008
0.009000,-0.000008
0.009100,-0.000008
0.009200,-0.000008
0.009300,-0.000008
0.009400,-0.000009
0.009500,-0.000009
0.009600,-0.000009
0.009700,-0.000009
0.009800,-0.000010
0.009900,-0.000010
0.010000,-0.000010
0.010100,-0.000010
0.010200,-0.000011
0.010300,-0.000011
0.010400,-0.000011
0.010500,-0.000011
0.010600,-0.000011
0.010700,-0.000012
0.010800,-0.000012
0.010900,-0.000012
0.011000,-0.000012
0.011100,-0.000013
0.011200,-0.000013
0.011300,-0.000013
0.011400,-0.000013
0.011500,-0.000014
0.011600,-0.000014
0.011700,-0.000014
0.011800,-0.000014
0.011900,-0.000015
0.012000,-0.000015
0.012100,-0.000015
0.012200,-0.000015
0.012300,-0.000016
0.012400,-0.000016
0.012500,-0.000016
0.012600,-0.000016
0.012700,-0.000017
0.012800,-0.000017
0.012900,-0.000017
0.013000,-0.000018
0.013100,-0.000018
0.013200,-0.000018
0.013300,-0.000019
0.013400,-0.000019
0.013500,-0.000019
0.013600,-0.000019
0.013700,-0.000020
0.013800,-0.000020
0.013900,-0.000020
0.014000,-0.000021
0.014100,-0.000021
0.014200,-0.000022
0.014300,-0.000022
0.014400,-0.000022
0.014500,-0.000023
0.014600,-0.000023
0.014700,-0.000023
0.014800,-0.000024
0.014900,-0.000024
0.015000,-0.000024
0.015100,-0.000025
0.015200,-0.000025
0.015300,-0.000026
0.015400,-0.000026
0.015500,-0.000026
0.015600,-0.000027
0.015700,-0.000027
0.015800,-0.000027
0.015900,-0.000028
0.016000,-0.000028
0.016100,-0.000029
0.016200,-0.000029
0.016300,-0.000029
0.016400,-0.000030
0.016500,-0.000030
0.016600,-0.000031
0.016700,-0.000031
0.016800,-0.000031
0.016900,-0.000032
0.017000,-0.000032
0.017100,-0.000033
0.017200,-0.000033
0.017300,-0.000033
0.017400,-0.000034
0.017500,-0.000034
0.017600,-0.000034
0.017700,-0.000035
0.017800,-0.000035
0.017900,-0.000036
0.018000,-0.000036
0.018100,-0.000036
0.018200,-0.000037
0.018300,-0.000037
0.018400,-0.000038
0.018500,-0.000038
0.018600,-0.000038
0.018700,-0.000039
0.018800,-0.000039
0.018900,-0.000039
0.019000,-0.000040
0.019100,-0.000040
0.019200,-0.000041
0.019300,-0.000041
0.019400,-0.000041
0.019500,-0.000042
0.019600,-0.000042
0.019700,-0.000042
0.019800,-0.000043
0.019900,-0.000043
0.020000,-0.000044
0.020100,-0.000044
0.020200,-0.000044
0.020300,-0.000045
0.020400,-0.000045
0.020500,-0.000045
0.020600,-0.000046
0.020700,-0.000046
0.020800,-0.000047
0.020900,-0.000047
0.021000,-0.000047
0.021100,-0.000048
0.021200,-0.000048
0.021300,-0.000049
0.021400,-0.000049
0.021500,-0.000050
0.021600,-0.000050
0.021700,-0.000050
0.021800,-0.000051
0.021900,-0.000051
0.022000,-0.000052
0.022100,-0.000052
0.022200,-0.000053
0.022300,-0.000053
0.022400,-0.000054
0.022500,-0.000054
0.022600,-0.000055
0.022700,-0.000055
0.022800,-0.000056
0.022900,-0.000056
0.023000,-0.000057
0.023100,-0.000057
0.023200,-0.000058
0.023300,-0.000058
0.023400,-0.000059
0.023500,-0.000059
0.023600,-0.000060
0.023700,-0.000060
0.023800,-0.000061
0.023900,-0.000061
0.024000,-0.000062
0.024100,-0.000063
0.024200,-0.000063
0.024300,-0.000064
0.024400,-0.000064
0.024500,-0.000065
0.024600,-0.000066
0.024700,-0.000066
0.024800,-0.000067
0.024900,-0.000067
0.025000,-0.000068
0.025100,-0.000069
0.025200,-0.000069
0.025300,-0.000070
0.025400,-0.000071
0.025500,-0.000071
0.025600,-0.000072
0.025700,-0.000073
0.025800,-0.000073
0.025900,-0.000074
0.026000,-0.000075
0.026100,-0.000075
0.026200,-0.000076
0.026300,-0.000077
0.026400,-0.000077
0.026500,-0.000078
0.026600,-0.000079
0.026700,-0.000079
0.026800,-0.000080
0.026900,-0.000081
0.027000,-0.000082
0.027100,-0.000082
0.027200,-0.000083
0.027300,-0.000084
0.027400,-0.000084
0.027500,-0.000085
0.027600,-0.000086
0.027700,-0.000086
0.027800,-0.000087
0.027900,-0.000088
0.028000,-0.000088
0.028100,-0.000089
0.028200,-0.000090
0.028300,-0.000091
0.028400,-0.000091
0.028500,-0.000092
0.028600,-0.000093
0.028700,-0.000093
0.028800,-0.000094
0.028900,-0.000095
0.029000,-0.000095
0.029100,-0.000096
0.029200,-0.000097
0.029300,-0.000097
0.029400,-0.000098
0.029500,-0.000099
0.029600,-0.000099
0.029700,-0.000100
0.029800,-0.000101
0.029900,-0.000102
0.030000,-0.000102
0.030100,-0.000103
0.030200,-0.000104
0.030300,-0.000104
0.030400,-0.000105
0.030500,-0.000106
0.030600,-0.000106
0.030700,-0.000107
0.030800,-0.000108
0.030900,-0.000109
0.031000,-0.000109
0.031100,-0.000110
0.031200,-0.000111
0.031300,-0.000111
0.031400,-0.000112
0.031500,-0.000113
0.031600,-0.000114
0.031700,-0.000114
0.031800,-0.000115
0.031900,-0.000116
0.032000,-0.000117
0.032100,-0.000117
0.032200,-0.000118
0.032300,-0.000119
0.032400,-0.000119
0.032500,-0.000120
0.032600,-0.000121
0.032700,-0.000122
0.032800,-0.000122
0.032900,-0.000123
0.033000,-0.000124
0.033100,-0.000125
0.033200,-0.000125
0.033300,-0.000126
0.033400,-0.000127
0.033500,-0.000128
0.033600,-0.000128
0.033700,-0.000129
0.033800,-0.000130
0.033900,-0.000131
0.034000,-0.000131
0.034100,-0.000132
0.034200,-0.000133
0.034300,-0.000134
0.034400,-0.000134
0.034500,-0.000135
0.034600,-0.000136
0.034700,-0.000136
0.034800,-0.000137
0.034900,-0.000138
0.035000,-0.000139
0.035100,-0.000139
0.035200,-0.000140
0.035300,-0.000141
0.035400,-0.000142
0.035500,-0.000142
0.035600,-0.000143
0.035700,-0.000144
0.035800,-0.000145
0.035900,-0.000145
0.036000,-0.000146
0.036100,-0.000147
0.036200,-0.000147
0.036300,-0.000148
0.036400,-0.000149
0.036500,-0.000150
0.036600,-0.000150
0.036700,-0.000151
0.036800,-0.000152
0.036900,-0.000153
0.037000,-0.000154
0.037100,-0.000154
0.037200,-0.000155
0.037300,-0.000156
0.037400,-0.000157
0.037500,-0.000158
0.037600,-0.000158
0.037700,-0.000159
0.037800,-0.000160
0.037900,-0.000161
0.038000,-0.000162
0.038100,-0.000162
0.038200,-0.000163
0.038300,-0.000164
0.038400,-0.000165
0.038500,-0.000166
0.038600,-0.000167
0.038700,-0.000168
0.038800,-0.000169
0.038900,-0.000170
0.039000,-0.000171
0.039100,-0.000171
0.039200,-0.000172
0.039300,-0.000173
0.039400,-0.000174
0.039500,-0.000175
0.039600,-0.000176
0.039700,-0.000177
0.039800,-0.000178
0.039900,-0.000179
0.040000,-0.000180
0.040100,-0.000181
0.040200,-0.000182
0.040300,-0.000183
0.040400,-0.000185
0.040500,-0.000186
0.040600,-0.000187
0.040700,-0.000188
0.040800,-0.000189
0.040900,-0.000190
0.041000,-0.000191
0.041100,-0.000192
0.041200,-0.000193
0.041300,-0.000194
0.041400,-0.000196
0.041500,-0.000197
0.041600,-0.000198
0.041700,-0.000199
0.041800,-0.000200
0.041900,-0.000201
0.042000,-0.000202
0.042100,-0.000204
0.042200,-0.000205
0.042300,-0.000206
0.042400,-0.000207
0.042500,-0.000208
0.042600,-0.000210
0.042700,-0.000211
0.042800,-0.000212
0.042900,-0.000213
0.043000,-0.000214
0.043100,-0.000216
0.043200,-0.000217
0.043300,-0.000218
0.043400,-0.000219
0.043500,-0.000220
0.043600,-0.000221
0.043700,-0.000223
0.043800,-0.000224
0.043900,-0.000225
0.044000,-0.000226
0.044100,-0.000227
0.044200,-0.000229
0.044300,-0.000230
0.044400,-0.000231
0.044500,-0.000232
0.044600,-0.000233
0.044700,-0.000234
0.044800,-0.000235
0.044900,-0.000237
0.045000,-0.000238
0.045100,-0.000239
0.045200,-0.000240
0.045300,-0.000241
0.045400,-0.000242
0.045500,-0.000243
0.045600,-0.000244
0.045700,-0.000245
0.045800,-0.000247
0.045900,-0.000248
0.046000,-0.000249
0.046100,-0.000250
0.046200,-0.000251
0.046300,-0.000252
0.046400,-0.000253
0.046500,-0.000254
0.046600,-0.000255
0.046700,-0.000256
0.046800,-0.000257
0.046900,-0.000258
0.047000,-0.000259
0.047100,-0.000260
0.047200,-0.000261
0.047300,-0.000262
0.047400,-0.000263
0.047500,-0.000264
0.047600,-0.000265
0.047700,-0.000266
0.047800,-0.000267
0.047900,-0.000268
0.048000,-0.000269
0.048100,-0.000270
0.048200,-0.000271
0.048300,-0.000272
0.048400,-0.000273
0.048500,-0.000274
0.048600,-0.000275
0.048700,-0.000276
0.048800,-0.000277
0.048900,-0.000278
0.049000,-0.000279
0.049100,-0.000280
0.049200,-0.000281
0.049300,-0.000282
0.049400,-0.000283
0.049500,-0.000284
0.049600,-0.000285
0.049700,-0.000286
0.049800,-0.000287
0.049900,-0.000288
0.050000,-0.000290
0.050100,-0.000291
0.050200,-0.000292
0.050300,-0.000293
0.050400,-0.000294
0.050500,-0.000295
0.050600,-0.000296
0.050700,-0.000297
0.050800,-0.000298
0.050900,-0.000300
0.051000,-0.000301
0.051100,-0.000302
0.051200,-0.000303
0.051300,-0.000304
0.051400,-0.000305
0.051500,-0.000307
0.051600,-0.000308
0.051700,-0.000309
0.051800,-0.000310
0.051900,-0.000312
0.052000,-0.000313
0.052100,-0.000314
0.052200,-0.000315
0.052300,-0.000317
0.052400,-0.000318
0.052500,-0.000319
0.052600,-0.000320
0.052700,-0.000322
0.052800,-0.000323
0.052900,-0.000324
0.053000,-0.000326
0.053100,-0.000327
0.053200,-0.000328
0.053300,-0.000330
0.053400,-0.000331
0.053500,-0.000333
0.053600,-0.000334
0.053700,-0.000335
0.053800,-0.000337
0.053900,-0.000338
0.054000,-0.000340
0.054100,-0.000341
0.054200,-0.000342
0.054300,-0.000344
0.054400,-0.000345
0.054500,-0.000347
0.054600,-0.000348
0.054700,-0.000350
0.054800,-0.000351
0.054900,-0.000353
0.055000,-0.000354
0.055100,-0.000356
0.055200,-0.000357
0.055300,-0.000359
0.055400,-0.000360
0.055500,-0.000362
0.055600,-0.000363
0.055700,-0.000365
0.055800,-0.000366
0.055900,-0.000368
0.056000,-0.000369
0.056100,-0.000371
0.056200,-0.000372
0.056300,-0.000374
0.056400,-0.000375
0.056500,-0.000377
0.056600,-0.000379
0.056700,-0.000380
0.056800,-0.000382
0.056900,-0.000383
0.057000,-0.000385
0.057100,-0.000386
0.057200,-0.000388
0.057300,-0.000390
0.057400,-0.000391
0.057500,-0.000393
0.057600,-0.000394
0.057700,-0.000396
0.057800,-0.000398
0.057900,-0.000399
0.058000,-0.000401
0.058100,-0.000402
0.058200,-0.000404
0.058300,-0.000406
0.058400,-0.000407
0.058500,-0.000409
0.058600,-0.000410
0.058700,-0.000412
0.058800,-0.000414
0.058900,-0.000415
0.059000,-0.000417
0.059100,-0.000418
0.059200,-0.000420
0.059300,-0.000422
0.059400,-0.000423
0.059500,-0.000425
0.059600,-0.000426
0.059700,-0.000428
0.059800,-0.000429
0.059900,-0.000431
0.060000,-0.000433
0.060100,-0.000434
0.060200,-0.000436
0.060300,-0.000437
0.060400,-0.000439
0.060500,-0.000440
0.060600,-0.000442
0.060700,-0.000443
0.060800,-0.000445
0.060900,-0.000446
0.061000,-0.000448
0.061100,-0.000449
0.061200,-0.000451
0.061300,-0.000452
0.061400,-0.000454
0.061500,-0.000455
0.061600,-0.000457
0.061700,-0.000458
0.061800,-0.000460
0.061900,-0.000461
0.062000,-0.000463
0.062100,-0.000464
0.062200,-0.000466
0.062300,-0.000467
0.062400,-0.000469
0.062500,-0.000470
0.062600,-0.000471
0.062700,-0.000473
0.062800,-0.000474
0.062900,-0.000476
0.063000,-0.000477
0.063100,-0.000478
0.063200,-0.000480
0.063300,-0.000481
0.063400,-0.000483
0.063500,-0.000484
0.063600,-0.000485
0.063700,-0.000487
0.063800,-0.000488
0.063900,-0.000489
0.064000,-0.000491
0.064100,-0.000492
0.064200,-0.000494
0.064300,-0.000495
0.064400,-0.000496
0.064500,-0.000498
0.064600,-0.000499
0.064700,-0.000500
0.064800,-0.000502
0.064900,-0.000503
0.065000,-0.000505
0.065100,-0.000506
0.065200,-0.000507
0.065300,-0.000509
0.065400,-0.000510
0.065500,-0.000512
0.065600,-0.000513
0.065700,-0.000515
0.065800,-0.000516
0.065900,-0.000518
0.066000,-0.000519
0.066100,-0.000521
0.066200,-0.000522
0.066300,-0.000524
0.066400,-0.000525
0.066500,-0.000527
0.066600,-0.000528
0.066700,-0.000530
0.066800,-0.000531
0.066900,-0.000533
0.067000,-0.000535
0.067100,-0.000536
0.067200,-0.000538
0.067300,-0.000540
0.067400,-0.000541
0.067500,-0.000543
0.067600,-0.000545
0.067700,-0.000546
0.067800,-0.000548
0.067900,-0.000550
0.068000,-0.000552
0.068100,-0.000554
0.068200,-0.000555
0.068300,-0.000557
0.068400,-0.000559
0.068500,-0.000561
0.068600,-0.000563
0.068700,-0.000565
0.068800,-0.000567
0.068900,-0.000569
0.069000,-0.000571
0.069100,-0.000573
0.069200,-0.000575
0.069300,-0.000577
0.069400,-0.000579
0.069500,-0.000581
0.069600,-0.000583
0.069700,-0.000585
0.069800,-0.000587
0.069900,-0.000589
0.070000,-0.000591
0.070100,-0.000593
0.070200,-0.000595
0.070300,-0.000597
0.070400,-0.000599
0.070500,-0.000601
0.070600,-0.000604
0.070700,-0.000606
0.070800,-0.000608
0.070900,-0.000610
0.071000,-0.000612
0.071100,-0.000614
0.071200,-0.000616
0.071300,-0.000619
0.071400,-0.000621
0.071500,-0.000623
0.071600,-0.000625
0.071700,-0.000627
0.071800,-0.000629
0.071900,-0.000631
0.072000,-0.000634
0.072100,-0.000636
0.072200,-0.000638
0.072300,-0.000640
0.072400,-0.000642
0.072500,-0.000644
0.072600,-0.000646
0.072700,-0.000648
0.072800,-0.000651
0.072900,-0.000653
0.073000,-0.000655
0.073100,-0.000657
0.073200,-0.000659
0.073300,-0.000661
0.073400,-0.000663
0.073500,-0.000665
0.073600,-0.000667
0.073700,-0.000669
0.073800,-0.000671
0.073900,-0.000673
0.074000,-0.000675
0.074100,-0.000677
0.074200,-0.000679
0.074300,-0.000681
0.074400,-0.000683
0.074500,-0.000685
0.074600,-0.000687
0.074700,-0.000688
0.074800,-0.000690
0.074900,-0.000692
0.075000,-0.000694
0.075100,-0.000696
0.075200,-0.000698
0.075300,-0.000700
0.075400,-0.000702
0.075500,-0.000704
0.075600,-0.000705
0.075700,-0.000707
0.075800,-0.000709
0.075900,-0.000711
0.076000,-0.000713
0.076100,-0.000714
0.076200,-0.000716
0.076300,-0.000718
0.076400,-0.000720
0.076500,-0.000722
0.076600,-0.000724
0.076700,-0.000725
0.076800,-0.000727
0.076900,-0.000729
0.077000,-0.000731
0.077100,-0.000732
0.077200,-0.000734
0.077300,-0.000736
0.077400,-0.000738
0.077500,-0.000739
0.077600,-0.000741
0.077700,-0.000743
0.077800,-0.000745
0.077900,-0.000747
0.078000,-0.000748
0.078100,-0.000750
0.078200,-0.000752
0.078300,-0.000754
0.078400,-0.000755
0.078500,-0.000757
0.078600,-0.000759
0.078700,-0.000761
0.078800,-0.000762
0.078900,-0.000764
0.079000,-0.000766
0.079100,-0.000768
0.079200,-0.000770
0.079300,-0.000771
0.079400,-0.000773
0.079500,-0.000775
0.079600,-0.000777
0.079700,-0.000779
0.079800,-0.000780
0.079900,-0.000782
0.080000,-0.000784
0.080100,-0.000786
0.080200,-0.000788
0.080300,-0.000790
0.080400,-0.000792
0.080500,-0.000794
0.080600,-0.000796
0.080700,-0.000798
0.080800,-0.000799
0.080900,-0.000801
0.081000,-0.000803
0.081100,-0.000805
0.081200,-0.000807
0.081300,-0.000810
0.081400,-0.000812
0.081500,-0.000814
0.081600,-0.000816
0.081700,-0.000818
0.081800,-0.000820
0.081900,-0.000822
0.082000,-0.000824
0.082100,-0.000826
0.082200,-0.000829
0.082300,-0.000831
0.082400,-0.000833
0.082500,-0.000835
0.082600,-0.000838
0.082700,-0.000840
0.082800,-0.000842
0.082900,-0.000844
0.083000,-0.000847
0.083100,-0.000849
0.083200,-0.000851
0.083300,-0.000854
0.083400,-0.000856
0.083500,-0.000859
0.083600,-0.000861
0.083700,-0.000864
0.083800,-0.000866
0.083900,-0.000869
0.084000,-0.000871
0.084100,-0.000874
0.084200,-0.000876
0.084300,-0.000879
0.084400,-0.000881
0.084500,-0.000884
0.084600,-0.000886
0.084700,-0.000889
0.084800,-0.000891
0.084900,-0.000894
0.085000,-0.000897
0.085100,-0.000899
0.085200,-0.000902
0.085300,-0.000905
0.085400,-0.000907
0.085500,-0.000910
0.085600,-0.000912
0.085700,-0.000915
0.085800,-0.000918
0.085900,-0.000920
0.086000,-0.000923
0.086100,-0.000926
0.086200,-0.000928
0.086300,-0.000931
0.086400,-0.000934
0.086500,-0.000936
0.086600,-0.000939
0.086700,-0.000942
0.086800,-0.000944
0.086900,-0.000947
0.087000,-0.000950
0.087100,-0.000952
0.087200,-0.000955
0.087300,-0.000957
0.087400,-0.000960
0.087500,-0.000963
0.087600,-0.000965
0.087700,-0.000968
0.087800,-0.000970
0.087900,-0.000973
0.088000,-0.000976
0.088100,-0.000978
0.088200,-0.000981
0.088300,-0.000983
0.088400,-0.000986
0.088500,-0.000988
0.088600,-0.000991
0.088700,-0.000993
0.088800,-0.000995
0.088900,-0.000998
0.089000,-0.001000
0.089100,-0.001003
0.089200,-0.001005
0.089300,-0.001007
0.089400,-0.001010
0.089500,-0.001012
0.089600,-0.001014
0.089700,-0.001017
0.089800,-0.001019
0.089900,-0.001021
0.090000,-0.001024
0.090100,-0.001026
0.090200,-0.001028
0.090300,-0.001030
0.090400,-0.001032
0.090500,-0.001035
0.090600,-0.001037
0.090700,-0.001039
0.090800,-0.001041
0.090900,-0.001043
0.091000,-0.001045
0.091100,-0.001047
0.091200,-0.001050
0.091300,-0.001052
0.091400,-0.001054
0.091500,-0.001056
0.091600,-0.001058
0.091700,-0.001060
0.091800,-0.001062
0.091900,-0.001064
0.092000,-0.001066
0.092100,-0.001068
0.092200,-0.001070
0.092300,-0.001072
0.092400,-0.001074
0.092500,-0.001077
0.092600,-0.001079
0.092700,-0.001081
0.092800,-0.001083
0.092900,-0.001085
0.093000,-0.001087
0.093100,-0.001089
0.093200,-0.001091
0.093300,-0.001093
0.093400,-0.001095
0.093500,-0.001098
0.093600,-0.001100
0.093700,-0.001102
0.093800,-0.001104
0.093900,-0.001106
0.094000,-0.001108
0.094100,-0.001111
0.094200,-0.001113
0.094300,-0.001115
0.094400,-0.001117
0.094500,-0.001120
0.094600,-0.001122
0.094700,-0.001124
0.094800,-0.001127
0.094900,-0.001129
0.095000,-0.001131
0.095100,-0.001134
0.095200,-0.001136
0.095300,-0.001139
0.095400,-0.001141
0.095500,-0.001144
0.095600,-0.001146
0.095700,-0.001149
0.095800,-0.001151
0.095900,-0.001154
0.096000,-0.001156
0.096100,-0.001159
0.096200,-0.001162
0.096300,-0.001164
0.096400,-0.001167
0.096500,-0.001170
0.096600,-0.001172
0.096700,-0.001175
0.096800,-0.001178
0.096900,-0.001181
0.097000,-0.001184
0.097100,-0.001186
0.097200,-0.001189
0.097300,-0.001192
0.097400,-0.001195
0.097500,-0.001198
0.097600,-0.001201
0.097700,-0.001204
0.097800,-0.001207
0.097900,-0.001209
0.098000,-0.001212
0.098100,-0.001215
0.098200,-0.001218
0.098300,-0.001221
0.098400,-0.001224
0.098500,-0.001227
0.098600,-0.001230
0.098700,-0.001234
0.098800,-0.001237
0.098900,-0.001240
0.099000,-0.001243
0.099100,-0.001246
0.099200,-0.001249
0.099300,-0.001252
0.099400,-0.001255
0.099500,-0.001258
0.099600,-0.001261
0.099700,-0.001264
0.099800,-0.001267
0.099900,-0.001271
0.100000,-0.001274
0.100100,-0.001277
0.100200,-0.001280
0.100300,-0.001283
0.100400,-0.001286
0.100500,-0.001289
0.100600,-0.001292
0.100700,-0.001295
0.100800,-0.001299
0.100900,-0.001302
0.101000,-0.001305
0.101100,-0.001308
0.101200,-0.001311
0.101300,-0.001314
0.101400,-0.001317
0.101500,-0.001320
0.101600,-0.001323
0.101700,-0.001326
0.101800,-0.001329
0.101900,-0.001332
0.102000,-0.001335
0.102100,-0.001338
0.102200,-0.001341
0.102300,-0.001344
0.102400,-0.001347
0.102500,-0.001350
0.102600,-0.001353
0.102700,-0.001356
0.102800,-0.001358
0.102900,-0.001361
0.103000,-0.001364
0.103100,-0.001367
0.103200,-0.001370
0.103300,-0.001373
0.103400,-0.001376
0.103500,-0.001378
0.103600,-0.001381
0.103700,-0.001384
0.103800,-0.001387
0.103900,-0.001389
0.104000,-0.001392
0.104100,-0.001395
0.104200,-0.001398
0.104300,-0.001400
0.104400,-0.001403
0.104500,-0.001406
0.104600,-0.001408
0.104700,-0.001411
0.104800,-0.001414
0.104900,-0.001416
0.105000,-0.001419
0.105100,-0.001422
0.105200,-0.001424
0.105300,-0.001427
0.105400,-0.001430
0.105500,-0.001432
0.105600,-0.001435
0.105700,-0.001437
0.105800,-0.001440
0.105900,-0.001443
0.106000,-0.001445
0.106100,-0.001448
0.106200,-0.001450
0.106300,-0.001453
0.106400,-0.001455
0.106500,-0.001458
0.106600,-0.001461
0.106700,-0.001463
0.106800,-0.001466
0.106900,-0.001468
0.107000,-0.001471
0.107100,-0.001474
0.107200,-0.001476
0.107300,-0.001479
0.107400,-0.001481
0.107500,-0.001484
0.107600,-0.001486
0.107700,-0.001489
0.107800,-0.001492
0.107900,-0.001494
0.108000,-0.001497
0.108100,-0.001500
0.108200,-0.001502
0.108300,-0.001505
0.108400,-0.001508
0.108500,-0.001510
0.108600,-0.001513
0.108700,-0.001516
0.108800,-0.001518
0.108900,-0.001521
0.109000,-0.001524
0.109100,-0.001526
0.109200,-0.001529
0.109300,-0.001532
0.109400,-0.001535
0.109500,-0.001537
0.109600,-0.001540
0.109700,-0.001543
0.109800,-0.001546
0.109900,-0.001549
0.110000,-0.001552
0.110100,-0.001555
0.110200,-0.001557
0.110300,-0.001560
0.110400,-0.001563
0.110500,-0.001566
0.110600,-0.001569
0.110700,-0.001572
0.110800,-0.001575
0.110900,-0.001578
0.111000,-0.001581
0.111100,-0.001584
0.111200,-0.001588
0.111300,-0.001591
0.111400,-0.001594
0.111500,-0.001597
0.111600,-0.001600
0.111700,-0.001603
0.111800,-0.001607
0.111900,-0.001610
0.112000,-0.001613
0.112100,-0.001617
0.112200,-0.001620
0.112300,-0.001623
0.112400,-0.001627
0.112500,-0.001630
0.112600,-0.001633
0.112700,-0.001637
0.112800,-0.001640
0.112900,-0.001644
0.113000,-0.001647
0.113100,-0.001651
0.113200,-0.001654
0.113300,-0.001658
0.113400,-0.001661
0.113500,-0.001665
0.113600,-0.001668
0.113700,-0.001672
0.113800,-0.001676
0.113900,-0.001679
0.114000,-0.001683
0.114100,-0.001686
0.114200,-0.001690
0.114300,-0.001694
0.114400,-0.001697
0.114500,-0.001701
0.114600,-0.001705
0.114700,-0.001708
0.114800,-0.001712
0.114900,-0.001715
0.115000,-0.001719
0.115100,-0.001723
0.115200,-0.001726
0.115300,-0.001730
0.115400,-0.001733
0.115500,-0.001737
0.115600,-0.001741
0.115700,-0.001744
0.115800,-0.001748
0.115900,-0.001751
0.116000,-0.001755
0.116100,-0.001759
0.116200,-0.001762
0.116300,-0.001766
0.116400,-0.001769
0.116500,-0.001773
0.116600,-0.001776
0.116700,-0.001779
0.116800,-0.001783
0.116900,-0.001786
0.117000,-0.001790
0.117100,-0.001793
0.117200,-0.001797
0.117300,-0.001800
0.117400,-0.001803
0.117500,-0.001807
0.117600,-0.001810
0.117700,-0.001813
0.117800,-0.001817
0.117900,-0.001820
0.118000,-0.001823
0.118100,-0.001826
0.118200,-0.001829
0.118300,-0.001833
0.118400,-0.001836
0.118500,-0.001839
0.118600,-0.001842
0.118700,-0.001845
0.118800,-0.001848
0.118900,-0.001852
0.119000,-0.001855
0.119100,-0.001858
0.119200,-0.001861
0.119300,-0.001864
0.119400,-0.001867
0.119500,-0.001870
0.119600,-0.001873
0.119700,-0.001876
0.119800,-0.001879
0.119900,-0.001882
0.120000,-0.001885
0.120100,-0.001888
0.120200,-0.001891
0.120300,-0.001894
0.120400,-0.001897
0.120500,-0.001900
0.120600,-0.001903
0.120700,-0.001906
0.120800,-0.001909
0.120900,-0.001912
0.121000,-0.001915
0.121100,-0.001918
0.121200,-0.001921
0.121300,-0.001924
0.121400,-0.001927
0.121500,-0.001930
0.121600,-0.001933
0.121700,-0.001936
0.121800,-0.001939
0.121900,-0.001942
0.122000,-0.001945
0.122100,-0.001948
0.122200,-0.001951
0.122300,-0.001954
0.122400,-0.001957
0.122500,-0.001960
0.122600,-0.001964
0.122700,-0.001967
0.122800,-0.001970
0.122900,-0.001973
0.123000,-0.001976
0.123100,-0.001979
0.123200,-0.001982
0.123300,-0.001986
0.123400,-0.001989
0.123500,-0.001992
0.123600,-0.001995
0.123700,-0.001998
0.123800,-0.002002
0.123900,-0.002005
0.124000,-0.002008
0.124100,-0.002012
0.124200,-0.002015
0.124300,-0.002018
0.124400,-0.002022
0.124500,-0.002025
0.124600,-0.002028
0.124700,-0.002032
0.124800,-0.002035
0.124900,-0.002039
0.125000,-0.002042
0.125100,-0.002046
0.125200,-0.002049
0.125300,-0.002053
0.125400,-0.002056
0.125500,-0.002060
0.125600,-0.002063
0.125700,-0.002067
0.125800,-0.002071
0.125900,-0.002074
0.126000,-0.002078
0.126100,-0.002082
0.126200,-0.002085
0.126300,-0.002089
0.126400,-0.002093
0.126500,-0.002096
0.126600,-0.002100
0.126700,-0.002104
0.126800,-0.002108
0.126900,-0.002112
0.127000,-0.002115
0.127100,-0.002119
0.127200,-0.002123
0.127300,-0.002127
0.127400,-0.002131
0.127500,-0.002135
0.127600,-0.002138
0.127700,-0.002142
0.127800,-0.002146
0.127900,-0.002150
0.128000,-0.002154
0.128100,-0.002158
0.128200,-0.002162
0.128300,-0.002166
0.128400,-0.002170
0.128500,-0.002174
0.128600,-0.002178
0.128700,-0.002182
0.128800,-0.002186
0.128900,-0.002190
0.129000,-0.002194
0.129100,-0.002198
0.129200,-0.002202
0.129300,-0.002206
0.129400,-0.002210
0.129500,-0.002214
0.129600,-0.002218
0.129700,-0.002222
0.129800,-0.002226
0.129900,-0.002229
0.130000,-0.002233
0.130100,-0.002237
0.130200,-0.002241
0.130300,-0.002245
0.130400,-0.002249
0.130500,-0.002253
0.130600,-0.002257
0.130700,-0.002261
0.130800,-0.002265
0.130900,-0.002269
0.131000,-0.002273
0.131100,-0.002277
0.131200,-0.002281
0.131300,-0.002285
0.131400,-0.002289
0.131500,-0.002292
0.131600,-0.002296
0.131700,-0.002300
0.131800,-0.002304
0.131900,-0.002308
0.132000,-0.002312
0.132100,-0.002316
0.132200,-0.002319
0.132300,-0.002323
0.132400,-0.002327
0.132500,-0.002331
0.132600,-0.002334
0.132700,-0.002338
0.132800,-0.002342
0.132900,-0.002346
0.133000,-0.002349
0.133100,-0.002353
0.133200,-0.002357
0.133300,-0.002360
0.133400,-0.002364
0.133500,-0.002368
0.133600,-0.002371
0.133700,-0.002375
0.133800,-0.002379
0.133900,-0.002382
0.134000,-0.002386
0.134100,-0.002389
0.134200,-0.002393
0.134300,-0.002397
0.134400,-0.002400
0.134500,-0.002404
0.134600,-0.002407
0.134700,-0.002411
0.134800,-0.002414
0.134900,-0.002418
0.135000,-0.002421
0.135100,-0.002425
0.135200,-0.002428
0.135300,-0.002432
0.135400,-0.002435
0.135500,-0.002439
0.135600,-0.002442
0.135700,-0.002446
0.135800,-0.002449
0.135900,-0.002453
0.136000,-0.002456
0.136100,-0.002460
0.136200,-0.002463
0.136300,-0.002467
0.136400,-0.002470
0.136500,-0.002474
0.136600,-0.002477
0.136700,-0.002481
0.136800,-0.002484
0.136900,-0.002488
0.137000,-0.002491
0.137100,-0.002495
0.137200,-0.002499
0.137300,-0.002502
0.137400,-0.002506
0.137500,-0.002509
0.137600,-0.002513
0.137700,-0.002516
0.137800,-0.002520
0.137900,-0.002524
0.138000,-0.002527
0.138100,-0.002531
0.138200,-0.002535
0.138300,-0.002538
0.138400,-0.002542
0.138500,-0.002546
0.138600,-0.002550
0.138700,-0.002553
0.138800,-0.002557
0.138900,-0.002561
0.139000,-0.002565
0.139100,-0.002568
0.139200,-0.002572
0.139300,-0.002576
0.139400,-0.002580
0.139500,-0.002584
0.139600,-0.002588
0.139700,-0.002592
0.139800,-0.002596
0.139900,-0.002600
0.140000,-0.002604
0.140100,-0.002608
0.140200,-0.002612
0.140300,-0.002616
0.140400,-0.002620
0.140500,-0.002624
0.140600,-0.002628
0.140700,-0.002632
0.140800,-0.002636
0.140900,-0.002640
0.141000,-0.002644
0.141100,-0.002648
0.141200,-0.002652
0.141300,-0.002657
0.141400,-0.002661
0.141500,-0.002665
0.141600,-0.002669
0.141700,-0.002674
0.141800,-0.002678
0.141900,-0.002682
0.142000,-0.002686
0.142100,-0.002691
0.142200,-0.002695
0.142300,-0.002699
0.142400,-0.002703
0.142500,-0.002708
0.142600,-0.002712
0.142700,-0.002716
0.142800,-0.002721
0.142900,-0.002725
0.143000,-0.002729
0.143100,-0.002734
0.143200,-0.002738
0.143300,-0.002743
0.143400,-0.002747
0.143500,-0.002751
0.143600,-0.002756
0.143700,-0.002760
0.143800,-0.002765
0.143900,-0.002769
0.144000,-0.002773
0.144100,-0.002778
0.144200,-0.002782
0.144300,-0.002786
0.144400,-0.002791
0.144500,-0.002795
0.144600,-0.002800
0.144700,-0.002804
0.144800,-0.002808
0.144900,-0.002813
0.145000,-0.002817
0.145100,-0.002821
0.145200,-0.002826
0.145300,-0.002830
0.145400,-0.002834
0.145500,-0.002839
0.145600,-0.002843
0.145700,-0.002847
0.145800,-0.002852
0.145900,-0.002856
0.146000,-0.002860
0.146100,-0.002864
0.146200,-0.002869
0.146300,-0.002873
0.146400,-0.002877
0.146500,-0.002881
0.146600,-0.002886
0.146700,-0.002890
0.146800,-0.002894
0.146900,-0.002898
0.147000,-0.002902
0.147100,-0.002907
0.147200,-0.002911
0.147300,-0.002915
0.147400,-0.002919
0.147500,-0.002923
0.147600,-0.002927
0.147700,-0.002931
0.147800,-0.002936
0.147900,-0.002940
0.148000,-0.002944
0.148100,-0.002948
0.148200,-0.002952
0.148300,-0.002956
0.148400,-0.002960
0.148500,-0.002964
0.148600,-0.002968
0.148700,-0.002973
0.148800,-0.002977
0.148900,-0.002981
0.149000,-0.002985
0.149100,-0.002989
0.149200,-0.002993
0.149300,-0.002997
0.149400,-0.003001
0.149500,-0.003005
0.149600,-0.003009
0.149700,-0.003014
0.149800,-0.003018
0.149900,-0.003022
0.150000,-0.003026
0.150100,-0.003030
0.150200,-0.003034
0.150300,-0.003038
0.150400,-0.003042
0.150500,-0.003046
0.150600,-0.003050
0.150700,-0.003055
0.150800,-0.003059
0.150900,-0.003063
0.151000,-0.003067
0.151100,-0.003071
0.151200,-0.003075
0.151300,-0.003079
0.151400,-0.003084
0.151500,-0.003088
0.151600,-0.003092
0.151700,-0.003096
0.151800,-0.003100
0.151900,-0.003104
0.152000,-0.003108
0.152100,-0.003113
0.152200,-0.003117
0.152300,-0.003121
0.152400,-0.003125
0.152500,-0.003129
0.152600,-0.003134
0.152700,-0.003138
0.152800,-0.003142
0.152900,-0.003146
0.153000,-0.003150
0.153100,-0.003155
0.153200,-0.003159
0.153300,-0.003163
0.153400,-0.003167
0.153500,-0.003171
0.153600,-0.003176
0.153700,-0.003180
0.153800,-0.003184
0.153900,-0.003188
0.154000,-0.003193
0.154100,-0.003197
0.154200,-0.003201
0.154300,-0.003205
0.154400,-0.003210
0.154500,-0.003214
0.154600,-0.003218
0.154700,-0.003223
0.154800,-0.003227
0.154900,-0.003231
0.155000,-0.003236
0.155100,-0.003240
0.155200,-0.003244
0.155300,-0.003249
0.155400,-0.003253
0.155500,-0.003257
0.155600,-0.003262
0.155700,-0.003266
0.155800,-0.003271
0.155900,-0.003275
0.156000,-0.003280
0.156100,-0.003284
0.156200,-0.003289
0.156300,-0.003293
0.156400,-0.003298
0.156500,-0.003302
0.156600,-0.003307
0.156700,-0.003311
0.156800,-0.003316
0.156900,-0.003320
0.157000,-0.003325
0.157100,-0.003329
0.157200,-0.003334
0.157300,-0.003339
0.157400,-0.003343
0.157500,-0.003348
0.157600,-0.003353
0.157700,-0.003357
0.157800,-0.003362
0.157900,-0.003367
0.158000,-0.003371
0.158100,-0.003376
0.158200,-0.003381
0.158300,-0.003385
0.158400,-0.003390
0.158500,-0.003395
0.158600,-0.003400
0.158700,-0.003404
0.158800,-0.003409
0.158900,-0.003414
0.159000,-0.003419
0.159100,-0.003423
0.159200,-0.003428
0.159300,-0.003433
0.159400,-0.003438
0.159500,-0.003443
0.159600,-0.003447
0.159700,-0.003452
0.159800,-0.003457
0.159900,-0.003462
0.160000,-0.003467
0.160100,-0.003471
0.160200,-0.003476
0.160300,-0.003481
0.160400,-0.003486
0.160500,-0.003491
0.160600,-0.003495
0.160700,-0.003500
0.160800,-0.003505
0.160900,-0.003510
0.161000,-0.003514
0.161100,-0.003519
0.161200,-0.003524
0.161300,-0.003529
0.161400,-0.003534
0.161500,-0.003538
0.161600,-0.003543
0.161700,-0.003548
0.161800,-0.003553
0.161900,-0.003557
0.162000,-0.003562
0.162100,-0.003567
0.162200,-0.003571
0.162300,-0.003576
0.162400,-0.003581
0.162500,-0.003586
0.162600,-0.003590
0.162700,-0.003595
0.162800,-0.003600
0.162900,-0.003604
0.163000,-0.003609
0.163100,-0.003614
0.163200,-0.003618
0.163300,-0.003623
0.163400,-0.003628
0.163500,-0.003632
0.163600,-0.003637
0.163700,-0.003641
0.163800,-0.003646
0.163900,-0.003651
0.164000,-0.003655
0.164100,-0.003660
0.164200,-0.003664
0.164300,-0.003669
0.164400,-0.003674
0.164500,-0.003678
0.164600,-0.003683
0.164700,-0.003687
0.164800,-0.003692
0.164900,-0.003697
0.165000,-0.003701
0.165100,-0.003706
0.165200,-0.003710
0.165300,-0.003715
0.165400,-0.003719
0.165500,-0.003724
0.165600,-0.003728
0.165700,-0.003733
0.165800,-0.003738
0.165900,-0.003742
0.166000,-0.003747
0.166100,-0.003751
0.166200,-0.003756
0.166300,-0.003760
0.166400,-0.003765
0.166500,-0.003770
0.166600,-0.003774
0.166700,-0.003779
0.166800,-0.003783
0.166900,-0.003788
0.167000,-0.003793
0.167100,-0.003797
0.167200,-0.003802
0.167300,-0.003806
0.167400,-0.003811
0.167500,-0.003816
0.167600,-0.003820
0.167700,-0.003825
0.167800,-0.003830
0.167900,-0.003834
0.168000,-0.003839
0.168100,-0.003844
0.168200,-0.003848
0.168300,-0.003853
0.168400,-0.003858
0.168500,-0.003862
0.168600,-0.003867
0.168700,-0.003872
0.168800,-0.003877
0.168900,-0.003881
0.169000,-0.003886
0.169100,-0.003891
0.169200,-0.003896
0.169300,-0.003900
0.169400,-0.003905
0.169500,-0.003910
0.169600,-0.003915
0.169700,-0.003920
0.169800,-0.003924
0.169900,-0.003929
0.170000,-0.003934
0.170100,-0.003939
0.170200,-0.003944
0.170300,-0.003948
0.170400,-0.003953
0.170500,-0.003958
0.170600,-0.003963
0.170700,-0.003968
0.170800,-0.003973
0.170900,-0.003978
0.171000,-0.003982
0.171100,-0.003987
0.171200,-0.003992
0.171300,-0.003997
0.171400,-0.004002
0.171500,-0.004007
0.171600,-0.004012
0.171700,-0.004017
0.171800,-0.004022
0.171900,-0.004027
0.172000,-0.004032
0.172100,-0.004037
0.172200,-0.004042
0.172300,-0.004047
0.172400,-0.004052
0.172500,-0.004057
0.172600,-0.004062
0.172700,-0.004067
0.172800,-0.004072
0.172900,-0.004077
0.173000,-0.004082
0.173100,-0.004087
0.173200,-0.004092
0.173300,-0.004097
0.173400,-0.004102
0.173500,-0.004107
0.173600,-0.004112
0.173700,-0.004117
0.173800,-0.004122
0.173900,-0.004127
0.174000,-0.004132
0.174100,-0.004138
0.174200,-0.004143
0.174300,-0.004148
0.174400,-0.004153
0.174500,-0.004158
0.174600,-0.004163
0.174700,-0.004168
0.174800,-0.004173
0.174900,-0.004179
0.175000,-0.004184
0.175100,-0.004189
0.175200,-0.004194
0.175300,-0.004199
0.175400,-0.004204
0.175500,-0.004210
0.175600,-0.004215
0.175700,-0.004220
0.175800,-0.004225
0.175900,-0.004230
0.176000,-0.004236
0.176100,-0.004241
0.176200,-0.004246
0.176300,-0.004251
0.176400,-0.004256
0.176500,-0.004262
0.176600,-0.004267
0.176700,-0.004272
0.176800,-0.004277
0.176900,-0.004282
0.177000,-0.004288
0.177100,-0.004293
0.177200,-0.004298
0.177300,-0.004303
0.177400,-0.004308
0.177500,-0.004314
0.177600,-0.004319
0.177700,-0.004324
0.177800,-0.004329
0.177900,-0.004334
0.178000,-0.004340
0.178100,-0.004345
0.178200,-0.004350
0.178300,-0.004355
0.178400,-0.004360
0.178500,-0.004365
0.178600,-0.004371
0.178700,-0.004376
0.178800,-0.004381
0.178900,-0.004386
0.179000,-0.004391
0.179100,-0.004396
0.179200,-0.004401
0.179300,-0.004407
0.179400,-0.004412
0.179500,-0.004417
0.179600,-0.004422
0.179700,-0.004427
0.179800,-0.004432
0.179900,-0.004437
0.180000,-0.004442
0.180100,-0.004448
0.180200,-0.004453
0.180300,-0.004458
0.180400,-0.004463
0.180500,-0.004468
0.180600,-0.004473
0.180700,-0.004478
0.180800,-0.004483
0.180900,-0.004488
0.181000,-0.004493
0.181100,-0.004499
0.181200,-0.004504
0.181300,-0.004509
0.181400,-0.004514
0.181500,-0.004519
0.181600,-0.004524
0.181700,-0.004529
0.181800,-0.004534
0.181900,-0.004539
0.182000,-0.004544
0.182100,-0.004549
0.182200,-0.004554
0.182300,-0.004559
0.182400,-0.004565
0.182500,-0.004570
0.182600,-0.004575
0.182700,-0.004580
0.182800,-0.004585
0.182900,-0.004590
0.183000,-0.004595
0.183100,-0.004600
0.183200,-0.004605
0.183300,-0.004610
0.183400,-0.004615
0.183500,-0.004620
0.183600,-0.004626
0.183700,-0.004631
0.183800,-0.004636
0.183900,-0.004641
0.184000,-0.004646
0.184100,-0.004651
0.184200,-0.004656
0.184300,-0.004661
0.184400,-0.004667
0.184500,-0.004672
0.184600,-0.004677
0.184700,-0.004682
0.184800,-0.004687
0.184900,-0.004692
0.185000,-0.004698
0.185100,-0.004703
0.185200,-0.004708
0.185300,-0.004713
0.185400,-0.004718
0.185500,-0.004724
0.185600,-0.004729
0.185700,-0.004734
0.185800,-0.004739
0.185900,-0.004745
0.186000,-0.004750
0.186100,-0.004755
0.186200,-0.004760
0.186300,-0.004766
0.186400,-0.004771
0.186500,-0.004776
0.186600,-0.004782
0.186700,-0.004787
0.186800,-0.004792
0.186900,-0.004798
0.187000,-0.004803
0.187100,-0.004809
0.187200,-0.004814
0.187300,-0.004819
0.187400,-0.004825
0.187500,-0.004830
0.187600,-0.004836
0.187700,-0.004841
0.187800,-0.004847
0.187900,-0.004852
0.188000,-0.004857
0.188100,-0.004863
0.188200,-0.004868
0.188300,-0.004874
0.188400,-0.004879
0.188500,-0.004885
0.188600,-0.004890
0.188700,-0.004896
0.188800,-0.004901
0.188900,-0.004907
0.189000,-0.004912
0.189100,-0.004918
0.189200,-0.004924
0.189300,-0.004929
0.189400,-0.004935
0.189500,-0.004940
0.189600,-0.004946
0.189700,-0.004951
0.189800,-0.004957
0.189900,-0.004962
0.190000,-0.004968
0.190100,-0.004973
0.190200,-0.004979
0.190300,-0.004985
0.190400,-0.004990
0.190500,-0.004996
0.190600,-0.005001
0.190700,-0.005007
0.190800,-0.005012
0.190900,-0.005018
0.191000,-0.005023
0.191100,-0.005029
0.191200,-0.005035
0.191300,-0.005040
0.191400,-0.005046
0.191500,-0.005051
0.191600,-0.005057
0.191700,-0.005062
0.191800,-0.005068
0.191900,-0.005074
0.192000,-0.005079
0.192100,-0.005085
0.192200,-0.005090
0.192300,-0.005096
0.192400,-0.005101
0.192500,-0.005107
0.192600,-0.005113
0.192700,-0.005118
0.192800,-0.005124
0.192900,-0.005129
0.193000,-0.005135
0.193100,-0.005141
0.193200,-0.005146
0.193300,-0.005152
0.193400,-0.005157
0.193500,-0.005163
0.193600,-0.005169
0.193700,-0.005174
0.193800,-0.005180
0.193900,-0.005185
0.194000,-0.005191
0.194100,-0.005197
0.194200,-0.005202
0.194300,-0.005208
0.194400,-0.005213
0.194500,-0.005219
0.194600,-0.005225
0.194700,-0.005230
0.194800,-0.005236
0.194900,-0.005242
0.195000,-0.005247
0.195100,-0.005253
0.195200,-0.005259
0.195300,-0.005264
0.195400,-0.005270
0.195500,-0.005275
0.195600,-0.005281
0.195700,-0.005287
0.195800,-0.005292
0.195900,-0.005298
0.196000,-0.005304
0.196100,-0.005309
0.196200,-0.005315
0.196300,-0.005320
0.196400,-0.005326
0.196500,-0.005332
0.196600,-0.005337
0.196700,-0.005343
0.196800,-0.005349
0.196900,-0.005354
0.197000,-0.005360
0.197100,-0.005365
0.197200,-0.005371
0.197300,-0.005377
0.197400,-0.005382
0.197500,-0.005388
0.197600,-0.005393
0.197700,-0.005399
0.197800,-0.005405
0.197900,-0.005410
0.198000,-0.005416
0.198100,-0.005421
0.198200,-0.005427
0.198300,-0.005432
0.198400,-0.005438
0.198500,-0.005444
0.198600,-0.005449
0.198700,-0.005455
0.198800,-0.005460
0.198900,-0.005466
0.199000,-0.005471
0.199100,-0.005477
0.199200,-0.005483
0.199300,-0.005488
0.199400,-0.005494
0.199500,-0.005499
0.199600,-0.005505
0.199700,-0.005510
0.199800,-0.005516
0.199900,-0.005521
0.200000,-0.005527
0.200100,-0.005533
0.200200,-0.005538
0.200300,-0.005544
0.200400,-0.005549
0.200500,-0.005555
0.200600,-0.005561
0.200700,-0.005566
0.200800,-0.005572
0.200900,-0.005577
0.201000,-0.005583
0.201100,-0.005589
0.201200,-0.005594
0.201300,-0.005600
0.201400,-0.005605
0.201500,-0.005611
0.201600,-0.005617
0.201700,-0.005622
0.201800,-0.005628
0.201900,-0.005634
0.202000,-0.005640
0.202100,-0.005645
0.202200,-0.005651
0.202300,-0.005657
0.202400,-0.005662
0.202500,-0.005668
0.202600,-0.005674
0.202700,-0.005680
0.202800,-0.005685
0.202900,-0.005691
0.203000,-0.005697
0.203100,-0.005703
0.203200,-0.005709
0.203300,-0.005714
0.203400,-0.005720
0.203500,-0.005726
0.203600,-0.005732
0.203700,-0.005738
0.203800,-0.005744
0.203900,-0.005750
0.204000,-0.005755
0.204100,-0.005761
0.204200,-0.005767
0.204300,-0.005773
0.204400,-0.005779
0.204500,-0.005785
0.204600,-0.005791
0.204700,-0.005797
0.204800,-0.005803
0.204900,-0.005809
0.205000,-0.005815
0.205100,-0.005821
0.205200,-0.005827
0.205300,-0.005833
0.205400,-0.005839
0.205500,-0.005845
0.205600,-0.005851
0.205700,-0.005857
0.205800,-0.005863
0.205900,-0.005869
0.206000,-0.005875
0.206100,-0.005881
0.206200,-0.005887
0.206300,-0.005893
0.206400,-0.005899
0.206500,-0.005905
0.206600,-0.005911
0.206700,-0.005917
0.206800,-0.005923
0.206900,-0.005929
0.207000,-0.005935
0.207100,-0.005941
0.207200,-0.005947
0.207300,-0.005953
0.207400,-0.005959
0.207500,-0.005965
0.207600,-0.005971
0.207700,-0.005977
0.207800,-0.005983
0.207900,-0.005989
0.208000,-0.005995
0.208100,-0.006001
0.208200,-0.006007
0.208300,-0.006014
0.208400,-0.006020
0.208500,-0.006026
0.208600,-0.006032
0.208700,-0.006038
0.208800,-0.006044
0.208900,-0.006050
0.209000,-0.006056
0.209100,-0.006062
0.209200,-0.006068
0.209300,-0.006074
0.209400,-0.006080
0.209500,-0.006086
0.209600,-0.006092
0.209700,-0.006098
0.209800,-0.006104
0.209900,-0.006110
0.210000,-0.006116
0.210100,-0.006122
0.210200,-0.006128
0.210300,-0.006134
0.210400,-0.006140
0.210500,-0.006146
0.210600,-0.006152
0.210700,-0.006158
0.210800,-0.006164
0.210900,-0.006170
0.211000,-0.006176
0.211100,-0.006183
0.211200,-0.006189
0.211300,-0.006195
0.211400,-0.006201
0.211500,-0.006207
0.211600,-0.006213
0.211700,-0.006219
0.211800,-0.006225
0.211900,-0.006231
0.212000,-0.006237
0.212100,-0.006243
0.212200,-0.006249
0.212300,-0.006255
0.212400,-0.006261
0.212500,-0.006267
0.212600,-0.006274
0.212700,-0.006280
0.212800,-0.006286
0.212900,-0.006292
0.213000,-0.006298
0.213100,-0.006304
0.213200,-0.006310
0.213300,-0.006316
0.213400,-0.006322
0.213500,-0.006328
0.213600,-0.006334
0.213700,-0.006340
0.213800,-0.006346
0.213900,-0.006353
0.214000,-0.006359
0.214100,-0.006365
0.214200,-0.006371
0.214300,-0.006377
0.214400,-0.006383
0.214500,-0.006389
0.214600,-0.006395
0.214700,-0.006401
0.214800,-0.006407
0.214900,-0.006413
0.215000,-0.006419
0.215100,-0.006425
0.215200,-0.006431
0.215300,-0.006437
0.215400,-0.006444
0.215500,-0.006450
0.215600,-0.006456
0.215700,-0.006462
0.215800,-0.006468
0.215900,-0.006474
0.216000,-0.006480
0.216100,-0.006486
0.216200,-0.006492
0.216300,-0.006498
0.216400,-0.006504
0.216500,-0.006510
0.216600,-0.006516
0.216700,-0.006522
0.216800,-0.006528
0.216900,-0.006534
0.217000,-0.006540
0.217100,-0.006546
0.217200,-0.006552
0.217300,-0.006559
0.217400,-0.006565
0.217500,-0.006571
0.217600,-0.006577
0.217700,-0.006583
0.217800,-0.006589
0.217900,-0.006595
0.218000,-0.006601
0.218100,-0.006607
0.218200,-0.006613
0.218300,-0.006619
0.218400,-0.006625
0.218500,-0.006632
0.218600,-0.006638
0.218700,-0.006644
0.218800,-0.006650
0.218900,-0.006656
0.219000,-0.006662
0.219100,-0.006668
0.219200,-0.006675
0.219300,-0.006681
0.219400,-0.006687
0.219500,-0.006693
0.219600,-0.006699
0.219700,-0.006705
0.219800,-0.006712
0.219900,-0.006718
0.220000,-0.006724
0.220100,-0.006730
0.220200,-0.006737
0.220300,-0.006743
0.220400,-0.006749
0.220500,-0.006755
0.220600,-0.006762
0.220700,-0.006768
0.220800,-0.006774
0.220900,-0.006781
0.221000,-0.006787
0.221100,-0.006793
0.221200,-0.006799
0.221300,-0.006806
0.221400,-0.006812
0.221500,-0.006819
0.221600,-0.006825
0.221700,-0.006831
0.221800,-0.006838
0.221900,-0.006844
0.222000,-0.006851
0.222100,-0.006857
0.222200,-0.006863
0.222300,-0.006870
0.222400,-0.006876
0.222500,-0.006883
0.222600,-0.006889
0.222700,-0.006896
0.222800,-0.006902
0.222900,-0.006909
0.223000,-0.006915
0.223100,-0.006922
0.223200,-0.006928
0.223300,-0.006935
0.223400,-0.006941
0.223500,-0.006948
0.223600,-0.006954
0.223700,-0.006961
0.223800,-0.006967
0.223900,-0.006974
0.224000,-0.006981
0.224100,-0.006987
0.224200,-0.006994
0.224300,-0.007000
0.224400,-0.007007
0.224500,-0.007014
0.224600,-0.007020
0.224700,-0.007027
0.224800,-0.007033
0.224900,-0.007040
0.225000,-0.007047
0.225100,-0.007053
0.225200,-0.007060
0.225300,-0.007066
0.225400,-0.007073
0.225500,-0.007080
0.225600,-0.007086
0.225700,-0.007093
0.225800,-0.007099
0.225900,-0.007106
0.226000,-0.007113
0.226100,-0.007119
0.226200,-0.007126
0.226300,-0.007133
0.226400,-0.007139
0.226500,-0.007146
0.226600,-0.007152
0.226700,-0.007159
0.226800,-0.007165
0.226900,-0.007172
0.227000,-0.007179
0.227100,-0.007185
0.227200,-0.007192
0.227300,-0.007198
0.227400,-0.007205
0.227500,-0.007211
0.227600,-0.007218
0.227700,-0.007224
0.227800,-0.007231
0.227900,-0.007237
0.228000,-0.007244
0.228100,-0.007250
0.228200,-0.007257
0.228300,-0.007263
0.228400,-0.007270
0.228500,-0.007276
0.228600,-0.007283
0.228700,-0.007289
0.228800,-0.007295
0.228900,-0.007302
0.229000,-0.007308
0.229100,-0.007315
0.229200,-0.007321
0.229300,-0.007328
0.229400,-0.007334
0.229500,-0.007340
0.229600,-0.007347
0.229700,-0.007353
0.229800,-0.007360
0.229900,-0.007366
0.230000,-0.007372
0.230100,-0.007379
0.230200,-0.007385
0.230300,-0.007391
0.230400,-0.007398
0.230500,-0.007404
0.230600,-0.007411
0.230700,-0.007417
0.230800,-0.007423
0.230900,-0.007430
0.231000,-0.007436
0.231100,-0.007442
0.231200,-0.007449
0.231300,-0.007455
0.231400,-0.007462
0.231500,-0.007468
0.231600,-0.007474
0.231700,-0.007481
0.231800,-0.007487
0.231900,-0.007493
0.232000,-0.007500
0.232100,-0.007506
0.232200,-0.007513
0.232300,-0.007519
0.232400,-0.007525
0.232500,-0.007532
0.232600,-0.007538
0.232700,-0.007545
0.232800,-0.007551
0.232900,-0.007557
0.233000,-0.007564
0.233100,-0.007570
0.233200,-0.007577
0.233300,-0.007583
0.233400,-0.007590
0.233500,-0.007596
0.233600,-0.007602
0.233700,-0.007609
0.233800,-0.007615
0.233900,-0.007622
0.234000,-0.007628
0.234100,-0.007635
0.234200,-0.007641
0.234300,-0.007648
0.234400,-0.007654
0.234500,-0.007661
0.234600,-0.007667
0.234700,-0.007674
0.234800,-0.007680
0.234900,-0.007687
0.235000,-0.007694
0.235100,-0.007700
0.235200,-0.007707
0.235300,-0.007713
0.235400,-0.007720
0.235500,-0.007727
0.235600,-0.007733
0.235700,-0.007740
0.235800,-0.007747
0.235900,-0.007753
0.236000,-0.007760
0.236100,-0.007767
0.236200,-0.007773
0.236300,-0.007780
0.236400,-0.007787
0.236500,-0.007794
0.236600,-0.007800
0.236700,-0.007807
0.236800,-0.007814
0.236900,-0.007821
0.237000,-0.007827
0.237100,-0.007834
0.237200,-0.007841
0.237300,-0.007848
0.237400,-0.007855
0.237500,-0.007862
0.237600,-0.007869
0.237700,-0.007876
0.237800,-0.007882
0.237900,-0.007889
0.238000,-0.007896
0.238100,-0.007903
0.238200,-0.007910
0.238300,-0.007917
0.238400,-0.007924
0.238500,-0.007931
0.238600,-0.007938
0.238700,-0.007945
0.238800,-0.007952
0.238900,-0.007959
0.239000,-0.007966
0.239100,-0.007973
0.239200,-0.007981
0.239300,-0.007988
0.239400,-0.007995
0.239500,-0.008002
0.239600,-0.008009
0.239700,-0.008016
0.239800,-0.008023
0.239900,-0.008030
0.240000,-0.008037
0.240100,-0.008044
0.240200,-0.008052
0.240300,-0.008059
0.240400,-0.008066
0.240500,-0.008073
0.240600,-0.008080
0.240700,-0.008087
0.240800,-0.008094
0.240900,-0.008101
0.241000,-0.008109
0.241100,-0.008116
0.241200,-0.008123
0.241300,-0.008130
0.241400,-0.008137
0.241500,-0.008144
0.241600,-0.008151
0.241700,-0.008158
0.241800,-0.008165
0.241900,-0.008172
0.242000,-0.008179
0.242100,-0.008186
0.242200,-0.008193
0.242300,-0.008200
0.242400,-0.008207
0.242500,-0.008214
0.242600,-0.008221
0.242700,-0.008228
0.242800,-0.008235
0.242900,-0.008242
0.243000,-0.008249
0.243100,-0.008256
0.243200,-0.008263
0.243300,-0.008270
0.243400,-0.008277
0.243500,-0.008283
0.243600,-0.008290
0.243700,-0.008297
0.243800,-0.008304
0.243900,-0.008311
0.244000,-0.008317
0.244100,-0.008324
0.244200,-0.008331
0.244300,-0.008338
0.244400,-0.008344
0.244500,-0.008351
0.244600,-0.008358
0.244700,-0.008365
0.244800,-0.008371
0.244900,-0.008378
0.245000,-0.008385
0.245100,-0.008391
0.245200,-0.008398
0.245300,-0.008404
0.245400,-0.008411
0.245500,-0.008418
0.245600,-0.008424
0.245700,-0.008431
0.245800,-0.008438
0.245900,-0.008444
0.246000,-0.008451
0.246100,-0.008457
0.246200,-0.008464
0.246300,-0.008470
0.246400,-0.008477
0.246500,-0.008484
0.246600,-0.008490
0.246700,-0.008497
0.246800,-0.008503
0.246900,-0.008510
0.247000,-0.008517
0.247100,-0.008523
0.247200,-0.008530
0.247300,-0.008537
0.247400,-0.008543
0.247500,-0.008550
0.247600,-0.008556
0.247700,-0.008563
0.247800,-0.008570
0.247900,-0.008576
0.248000,-0.008583
0.248100,-0.008590
0.248200,-0.008597
0.248300,-0.008603
0.248400,-0.008610
0.248500,-0.008617
0.248600,-0.008624
0.248700,-0.008630
0.248800,-0.008637
0.248900,-0.008644
0.249000,-0.008651
0.249100,-0.008658
0.249200,-0.008665
0.249300,-0.008672
0.249400,-0.008679
0.249500,-0.008686
0.249600,-0.008692
0.249700,-0.008699
0.249800,-0.008706
0.249900,-0.008713
0.250000,-0.008720
0.250100,-0.008728
0.250200,-0.008735
0.250300,-0.008742
0.250400,-0.008749
0.250500,-0.008756
0.250600,-0.008763
0.250700,-0.008770
0.250800,-0.008777
0.250900,-0.008785
0.251000,-0.008792
0.251100,-0.008799
0.251200,-0.008806
0.251300,-0.008813
0.251400,-0.008821
0.251500,-0.008828
0.251600,-0.008835
0.251700,-0.008843
0.251800,-0.008850
0.251900,-0.008857
0.252000,-0.008865
0.252100,-0.008872
0.252200,-0.008879
0.252300,-0.008887
0.252400,-0.008894
0.252500,-0.008901
0.252600,-0.008909
0.252700,-0.008916
0.252800,-0.008924
0.252900,-0.008931
0.253000,-0.008939
0.253100,-0.008946
0.253200,-0.008953
0.253300,-0.008961
0.253400,-0.008968
0.253500,-0.008976
0.253600,-0.008983
0.253700,-0.008991
0.253800,-0.008998
0.253900,-0.009006
0.254000,-0.009013
0.254100,-0.009021
0.254200,-0.009028
0.254300,-0.009036
0.254400,-0.009043
0.254500,-0.009051
0.254600,-0.009058
0.254700,-0.009066
0.254800,-0.009073
0.254900,-0.009080
0.255000,-0.009088
0.255100,-0.009095
0.255200,-0.009103
0.255300,-0.009110
0.255400,-0.009118
0.255500,-0.009125
0.255600,-0.009133
0.255700,-0.009140
0.255800,-0.009148
0.255900,-0.009155
0.256000,-0.009162
0.256100,-0.009170
0.256200,-0.009177
0.256300,-0.009185
0.256400,-0.009192
0.256500,-0.009199
0.256600,-0.009207
0.256700,-0.009214
0.256800,-0.009222
0.256900,-0.009229
0.257000,-0.009236
0.257100,-0.009244
0.257200,-0.009251
0.257300,-0.009258
0.257400,-0.009265
0.257500,-0.009273
0.257600,-0.009280
0.257700,-0.009287
0.257800,-0.009294
0.257900,-0.009302
0.258000,-0.009309
0.258100,-0.009316
0.258200,-0.009323
0.258300,-0.009330
0.258400,-0.009338
0.258500,-0.009345
0.258600,-0.009352
0.258700,-0.009359
0.258800,-0.009366
0.258900,-0.009373
0.259000,-0.009380
0.259100,-0.009387
0.259200,-0.009395
0.259300,-0.009402
0.259400,-0.009409
0.259500,-0.009416
0.259600,-0.009423
0.259700,-0.009430
0.259800,-0.009437
0.259900,-0.009444
0.260000,-0.009451
0.260100,-0.009458
0.260200,-0.009465
0.260300,-0.009472
0.260400,-0.009479
0.260500,-0.009486
0.260600,-0.009493
0.260700,-0.009500
0.260800,-0.009507
0.260900,-0.009514
0.261000,-0.009521
0.261100,-0.009527
0.261200,-0.009534
0.261300,-0.009541
0.261400,-0.009548
0.261500,-0.009555
0.261600,-0.009562
0.261700,-0.009569
0.261800,-0.009576
0.261900,-0.009583
0.262000,-0.009590
0.262100,-0.009597
0.262200,-0.009604
0.262300,-0.009611
0.262400,-0.009618
0.262500,-0.009625
0.262600,-0.009632
0.262700,-0.009639
0.262800,-0.009646
0.262900,-0.009654
0.263000,-0.009661
0.263100,-0.009668
0.263200,-0.009675
0.263300,-0.009682
0.263400,-0.009689
0.263500,-0.009696
0.263600,-0.009703
0.263700,-0.009711
0.263800,-0.009718
0.263900,-0.009725
0.264000,-0.009732
0.264100,-0.009740
0.264200,-0.009747
0.264300,-0.009754
0.264400,-0.009761
0.264500,-0.009769
0.264600,-0.009776
0.264700,-0.009783
0.264800,-0.009791
0.264900,-0.009798
0.265000,-0.009806
0.265100,-0.009813
0.265200,-0.009821
0.265300,-0.009828
0.265400,-0.009836
0.265500,-0.009843
0.265600,-0.009851
0.265700,-0.009858
0.265800,-0.009866
0.265900,-0.009873
0.266000,-0.009881
0.266100,-0.009889
0.266200,-0.009896
0.266300,-0.009904
0.266400,-0.009912
0.266500,-0.009919
0.266600,-0.009927
0.266700,-0.009935
0.266800,-0.009942
0.266900,-0.009950
0.267000,-0.009958
0.267100,-0.009966
0.267200,-0.009973
0.267300,-0.009981
0.267400,-0.009989
0.267500,-0.009997
0.267600,-0.010005
0.267700,-0.010013
0.267800,-0.010021
0.267900,-0.010028
0.268000,-0.010036
0.268100,-0.010044
0.268200,-0.010052
0.268300,-0.010060
0.268400,-0.010068
0.268500,-0.010076
0.268600,-0.010084
0.268700,-0.010092
0.268800,-0.010099
0.268900,-0.010107
0.269000,-0.010115
0.269100,-0.010123
0.269200,-0.010131
0.269300,-0.010139
0.269400,-0.010147
0.269500,-0.010155
0.269600,-0.010163
0.269700,-0.010171
0.269800,-0.010178
0.269900,-0.010186
0.270000,-0.010194
0.270100,-0.010202
0.270200,-0.010210
0.270300,-0.010218
0.270400,-0.010225
0.270500,-0.010233
0.270600,-0.010241
0.270700,-0.010249
0.270800,-0.010257
0.270900,-0.010264
0.271000,-0.010272
0.271100,-0.010280
0.271200,-0.010287
0.271300,-0.010295
0.271400,-0.010303
0.271500,-0.010310
0.271600,-0.010318
0.271700,-0.010326
0.271800,-0.010333
0.271900,-0.010341
0.272000,-0.010348
0.272100,-0.010356
0.272200,-0.010364
0.272300,-0.010371
0.272400,-0.010379
0.272500,-0.010386
0.272600,-0.010394
0.272700,-0.010401
0.272800,-0.010408
0.272900,-0.010416
0.273000,-0.010423
0.273100,-0.010431
0.273200,-0.010438
0.273300,-0.010445
0.273400,-0.010453
0.273500,-0.010460
0.273600,-0.010467
0.273700,-0.010475
0.273800,-0.010482
0.273900,-0.010489
0.274000,-0.010497
0.274100,-0.010504
0.274200,-0.010511
0.274300,-0.010519
0.274400,-0.010526
0.274500,-0.010533
0.274600,-0.010540
0.274700,-0.010548
0.274800,-0.010555
0.274900,-0.010562
0.275000,-0.010570
0.275100,-0.010577
0.275200,-0.010584
0.275300,-0.010591
0.275400,-0.010599
0.275500,-0.010606
0.275600,-0.010613
0.275700,-0.010621
0.275800,-0.010628
0.275900,-0.010635
0.276000,-0.010643
0.276100,-0.010650
0.276200,-0.010657
0.276300,-0.010665
0.276400,-0.010672
0.276500,-0.010679
0.276600,-0.010687
0.276700,-0.010694
0.276800,-0.010702
0.276900,-0.010709
0.277000,-0.010716
0.277100,-0.010724
0.277200,-0.010731
0.277300,-0.010739
0.277400,-0.010746
0.277500,-0.010754
0.277600,-0.010761
0.277700,-0.010769
0.277800,-0.010777
0.277900,-0.010784
0.278000,-0.010792
0.278100,-0.010799
0.278200,-0.010807
0.278300,-0.010815
0.278400,-0.010822
0.278500,-0.010830
0.278600,-0.010838
0.278700,-0.010845
0.278800,-0.010853
0.278900,-0.010861
0.279000,-0.010869
0.279100,-0.010876
0.279200,-0.010884
0.279300,-0.010892
0.279400,-0.010900
0.279500,-0.010908
0.279600,-0.010916
0.279700,-0.010924
0.279800,-0.010931
0.279900,-0.010939
0.280000,-0.010947
0.280100,-0.010955
0.280200,-0.010963
0.280300,-0.010971
0.280400,-0.010979
0.280500,-0.010987
0.280600,-0.010995
0.280700,-0.011003
0.280800,-0.011011
0.280900,-0.011019
0.281000,-0.011027
0.281100,-0.011035
0.281200,-0.011043
0.281300,-0.011051
0.281400,-0.011059
0.281500,-0.011068
0.281600,-0.011076
0.281700,-0.011084
0.281800,-0.011092
0.281900,-0.011100
0.282000,-0.011108
0.282100,-0.011116
0.282200,-0.011124
0.282300,-0.011132
0.282400,-0.011141
0.282500,-0.011149
0.282600,-0.011157
0.282700,-0.011165
0.282800,-0.011173
0.282900,-0.011181
0.283000,-0.011189
0.283100,-0.011197
0.283200,-0.011206
0.283300,-0.011214
0.283400,-0.011222
0.283500,-0.011230
0.283600,-0.011238
0.283700,-0.011246
0.283800,-0.011254
0.283900,-0.011262
0.284000,-0.011271
0.284100,-0.011279
0.284200,-0.011287
0.284300,-0.011295
0.284400,-0.011303
0.284500,-0.011311
0.284600,-0.011319
0.284700,-0.011327
0.284800,-0.011335
0.284900,-0.011343
0.285000,-0.011351
0.285100,-0.011359
0.285200,-0.011367
0.285300,-0.011375
0.285400,-0.011383
0.285500,-0.011391
0.285600,-0.011399
0.285700,-0.011407
0.285800,-0.011415
0.285900,-0.011423
0.286000,-0.011431
0.286100,-0.011439
0.286200,-0.011447
0.286300,-0.011455
0.286400,-0.011463
0.286500,-0.011470
0.286600,-0.011478
0.286700,-0.011486
0.286800,-0.011494
0.286900,-0.011502
0.287000,-0.011510
0.287100,-0.011518
0.287200,-0.011525
0.287300,-0.011533
0.287400,-0.011541
0.287500,-0.011549
0.287600,-0.011556
0.287700,-0.011564
0.287800,-0.011572
0.287900,-0.011580
0.288000,-0.011587
0.288100,-0.011595
0.288200,-0.011603
0.288300,-0.011610
0.288400,-0.011618
0.288500,-0.011626
0.288600,-0.011634
0.288700,-0.011641
0.288800,-0.011649
0.288900,-0.011657
0.289000,-0.011664
0.289100,-0.011672
0.289200,-0.011680
0.289300,-0.011687
0.289400,-0.011695
0.289500,-0.011703
0.289600,-0.011710
0.289700,-0.011718
0.289800,-0.011726
0.289900,-0.011733
0.290000,-0.011741
0.290100,-0.011749
0.290200,-0.011756
0.290300,-0.011764
0.290400,-0.011772
0.290500,-0.011779
0.290600,-0.011787
0.290700,-0.011795
0.290800,-0.011802
0.290900,-0.011810
0.291000,-0.011818
0.291100,-0.011826
0.291200,-0.011833
0.291300,-0.011841
0.291400,-0.011849
0.291500,-0.011857
0.291600,-0.011865
0.291700,-0.011872
0.291800,-0.011880
0.291900,-0.011888
0.292000,-0.011896
0.292100,-0.011904
0.292200,-0.011912
0.292300,-0.011920
0.292400,-0.011928
0.292500,-0.011936
0.292600,-0.011944
0.292700,-0.011952
0.292800,-0.011960
0.292900,-0.011968
0.293000,-0.011976
0.293100,-0.011984
0.293200,-0.011992
0.293300,-0.012000
0.293400,-0.012008
0.293500,-0.012017
0.293600,-0.012025
0.293700,-0.012033
0.293800,-0.012041
0.293900,-0.012049
0.294000,-0.012058
0.294100,-0.012066
0.294200,-0.012074
0.294300,-0.012083
0.294400,-0.012091
0.294500,-0.012099
0.294600,-0.012107
0.294700,-0.012116
0.294800,-0.012124
0.294900,-0.012133
0.295000,-0.012141
0.295100,-0.012149
0.295200,-0.012158
0.295300,-0.012166
0.295400,-0.012174
0.295500,-0.012183
0.295600,-0.012191
0.295700,-0.012200
0.295800,-0.012208
0.295900,-0.012216
0.296000,-0.012225
0.296100,-0.012233
0.296200,-0.012242
0.296300,-0.012250
0.296400,-0.012259
0.296500,-0.012267
0.296600,-0.012275
0.296700,-0.012284
0.296800,-0.012292
0.296900,-0.012301
0.297000,-0.012309
0.297100,-0.012317
0.297200,-0.012326
0.297300,-0.012334
0.297400,-0.012342
0.297500,-0.012351
0.297600,-0.012359
0.297700,-0.012368
0.297800,-0.012376
0.297900,-0.012384
0.298000,-0.012393
0.298100,-0.012401
0.298200,-0.012409
0.298300,-0.012417
0.298400,-0.012426
0.298500,-0.012434
0.298600,-0.012442
0.298700,-0.012451
0.298800,-0.012459
0.298900,-0.012467
0.299000,-0.012475
0.299100,-0.012483
0.299200,-0.012492
0.299300,-0.012500
0.299400,-0.012508
0.299500,-0.012516
0.299600,-0.012524
0.299700,-0.012533
0.299800,-0.012541
0.299900,-0.012549
0.300000,-0.012557
0.300100,-0.012565
0.300200,-0.012573
0.300300,-0.012581
0.300400,-0.012589
0.300500,-0.012598
0.300600,-0.012606
0.300700,-0.012614
0.300800,-0.012622
0.300900,-0.012630
0.301000,-0.012638
0.301100,-0.012646
0.301200,-0.012654
0.301300,-0.012662
0.301400,-0.012670
0.301500,-0.012678
0.301600,-0.012686
0.301700,-0.012694
0.301800,-0.012702
0.301900,-0.012710
0.302000,-0.012718
0.302100,-0.012727
0.302200,-0.012735
0.302300,-0.012743
0.302400,-0.012751
0.302500,-0.012759
0.302600,-0.012767
0.302700,-0.012775
0.302800,-0.012783
0.302900,-0.012791
0.303000,-0.012799
0.303100,-0.012807
0.303200,-0.012815
0.303300,-0.012823
0.303400,-0.012831
0.303500,-0.012839
0.303600,-0.012847
0.303700,-0.012855
0.303800,-0.012864
0.303900,-0.012872
0.304000,-0.012880
0.304100,-0.012888
0.304200,-0.012896
0.304300,-0.012904
0.304400,-0.012912
0.304500,-0.012920
0.304600,-0.012929
0.304700,-0.012937
0.304800,-0.012945
0.304900,-0.012953
0.305000,-0.012961
0.305100,-0.012970
0.305200,-0.012978
0.305300,-0.012986
0.305400,-0.012994
0.305500,-0.013002
0.305600,-0.013011
0.305700,-0.013019
0.305800,-0.013027
0.305900,-0.013036
0.306000,-0.013044
0.306100,-0.013052
0.306200,-0.013061
0.306300,-0.013069
0.306400,-0.013077
0.306500,-0.013086
0.306600,-0.013094
0.306700,-0.013102
0.306800,-0.013111
0.306900,-0.013119
0.307000,-0.013128
0.307100,-0.013136
0.307200,-0.013144
0.307300,-0.013153
0.307400,-0.013161
0.307500,-0.013170
0.307600,-0.013178
0.307700,-0.013187
0.307800,-0.013195
0.307900,-0.013204
0.308000,-0.013212
0.308100,-0.013221
0.308200,-0.013229
0.308300,-0.013238
0.308400,-0.013246
0.308500,-0.013255
0.308600,-0.013263
0.308700,-0.013272
0.308800,-0.013280
0.308900,-0.013289
0.309000,-0.013297
0.309100,-0.013306
0.309200,-0.013314
0.309300,-0.013323
0.309400,-0.013332
0.309500,-0.013340
0.309600,-0.013349
0.309700,-0.013357
0.309800,-0.013366
0.309900,-0.013374
0.310000,-0.013383
0.310100,-0.013391
0.310200,-0.013400
0.310300,-0.013409
0.310400,-0.013417
0.310500,-0.013426
0.310600,-0.013434
0.310700,-0.013443
0.310800,-0.013451
0.310900,-0.013460
0.311000,-0.013468
0.311100,-0.013477
0.311200,-0.013486
0.311300,-0.013494
0.311400,-0.013503
0.311500,-0.013511
0.311600,-0.013520
0.311700,-0.013528
0.311800,-0.013537
0.311900,-0.013545
0.312000,-0.013554
0.312100,-0.013562
0.312200,-0.013571
0.312300,-0.013579
0.312400,-0.013588
0.312500,-0.013596
0.312600,-0.013605
0.312700,-0.013613
0.312800,-0.013622
0.312900,-0.013630
0.313000,-0.013639
0.313100,-0.013647
0.313200,-0.013656
0.313300,-0.013664
0.313400,-0.013673
0.313500,-0.013681
0.313600,-0.013690
0.313700,-0.013698
0.313800,-0.013707
0.313900,-0.013715
0.314000,-0.013724
0.314100,-0.013732
0.314200,-0.013740
0.314300,-0.013749
0.314400,-0.013757
0.314500,-0.013766
0.314600,-0.013774
0.314700,-0.013783
0.314800,-0.013791
0.314900,-0.013799
0.315000,-0.013808
0.315100,-0.013816
0.315200,-0.013825
0.315300,-0.013833
0.315400,-0.013841
0.315500,-0.013850
0.315600,-0.013858
0.315700,-0.013866
0.315800,-0.013875
0.315900,-0.013883
0.316000,-0.013892
0.316100,-0.013900
0.316200,-0.013908
0.316300,-0.013917
0.316400,-0.013925
0.316500,-0.013933
0.316600,-0.013942
0.316700,-0.013950
0.316800,-0.013959
0.316900,-0.013967
0.317000,-0.013975
0.317100,-0.013984
0.317200,-0.013992
0.317300,-0.014000
0.317400,-0.014009
0.317500,-0.014017
0.317600,-0.014026
0.317700,-0.014034
0.317800,-0.014042
0.317900,-0.014051
0.318000,-0.014059
0.318100,-0.014068
0.318200,-0.014076
0.318300,-0.014084
0.318400,-0.014093
0.318500,-0.014101
0.318600,-0.014110
0.318700,-0.014118
0.318800,-0.014127
0.318900,-0.014135
0.319000,-0.014144
0.319100,-0.014152
0.319200,-0.014161
0.319300,-0.014169
0.319400,-0.014178
0.319500,-0.014186
0.319600,-0.014195
0.319700,-0.014203
0.319800,-0.014212
0.319900,-0.014220
0.320000,-0.014229
0.320100,-0.014238
0.320200,-0.014246
0.320300,-0.014255
0.320400,-0.014264
0.320500,-0.014272
0.320600,-0.014281
0.320700,-0.014290
0.320800,-0.014298
0.320900,-0.014307
0.321000,-0.014316
0.321100,-0.014324
0.321200,-0.014333
0.321300,-0.014342
0.321400,-0.014351
0.321500,-0.014359
0.321600,-0.014368
0.321700,-0.014377
0.321800,-0.014386
0.321900,-0.014394
0.322000,-0.014403
0.322100,-0.014412
0.322200,-0.014421
0.322300,-0.014430
0.322400,-0.014438
0.322500,-0.014447
0.322600,-0.014456
0.322700,-0.014465
0.322800,-0.014474
0.322900,-0.014483
0.323000,-0.014491
0.323100,-0.014500
0.323200,-0.014509
0.323300,-0.014518
0.323400,-0.014527
0.323500,-0.014536
0.323600,-0.014545
0.323700,-0.014553
0.323800,-0.014562
0.323900,-0.014571
0.324000,-0.014580
0.324100,-0.014589
0.324200,-0.014598
0.324300,-0.014606
0.324400,-0.014615
0.324500,-0.014624
0.324600,-0.014633
0.324700,-0.014642
0.324800,-0.014651
0.324900,-0.014659
0.325000,-0.014668
0.325100,-0.014677
0.325200,-0.014686
0.325300,-0.014695
0.325400,-0.014703
0.325500,-0.014712
0.325600,-0.014721
0.325700,-0.014730
0.325800,-0.014738
0.325900,-0.014747
0.326000,-0.014756
0.326100,-0.014765
0.326200,-0.014773
0.326300,-0.014782
0.326400,-0.014791
0.326500,-0.014799
0.326600,-0.014808
0.326700,-0.014817
0.326800,-0.014826
0.326900,-0.014834
0.327000,-0.014843
0.327100,-0.014851
0.327200,-0.014860
0.327300,-0.014869
0.327400,-0.014877
0.327500,-0.014886
0.327600,-0.014895
0.327700,-0.014903
0.327800,-0.014912
0.327900,-0.014920
0.328000,-0.014929
0.328100,-0.014938
0.328200,-0.014946
0.328300,-0.014955
0.328400,-0.014963
0.328500,-0.014972
0.328600,-0.014981
0.328700,-0.014989
0.328800,-0.014998
0.328900,-0.015006
0.329000,-0.015015
0.329100,-0.015023
0.329200,-0.015032
0.329300,-0.015041
0.329400,-0.015049
0.329500,-0.015058
0.329600,-0.015066
0.329700,-0.015075
0.329800,-0.015084
0.329900,-0.015092
0.330000,-0.015101
0.330100,-0.015109
0.330200,-0.015118
0.330300,-0.015127
0.330400,-0.015135
0.330500,-0.015144
0.330600,-0.015153
0.330700,-0.015161
0.330800,-0.015170
0.330900,-0.015179
0.331000,-0.015187
0.331100,-0.015196
0.331200,-0.015205
0.331300,-0.015214
0.331400,-0.015222
0.331500,-0.015231
0.331600,-0.015240
0.331700,-0.015248
0.331800,-0.015257
0.331900,-0.015266
0.332000,-0.015275
0.332100,-0.015284
0.332200,-0.015292
0.332300,-0.015301
0.332400,-0.015310
0.332500,-0.015319
0.332600,-0.015328
0.332700,-0.015336
0.332800,-0.015345
0.332900,-0.015354
0.333000,-0.015363
0.333100,-0.015372
0.333200,-0.015381
0.333300,-0.015390
0.333400,-0.015398
0.333500,-0.015407
0.333600,-0.015416
0.333700,-0.015425
0.333800,-0.015434
0.333900,-0.015443
0.334000,-0.015452
0.334100,-0.015461
0.334200,-0.015470
0.334300,-0.015479
0.334400,-0.015487
0.334500,-0.015496
0.334600,-0.015505
0.334700,-0.015514
0.334800,-0.015523
0.334900,-0.015532
0.335000,-0.015541
0.335100,-0.015550
0.335200,-0.015559
0.335300,-0.015568
0.335400,-0.015577
0.335500,-0.015586
0.335600,-0.015595
0.335700,-0.015604
0.335800,-0.015613
0.335900,-0.015622
0.336000,-0.015631
0.336100,-0.015640
0.336200,-0.015649
0.336300,-0.015658
0.336400,-0.015667
0.336500,-0.015676
0.336600,-0.015685
0.336700,-0.015694
0.336800,-0.015703
0.336900,-0.015712
0.337000,-0.015721
0.337100,-0.015730
0.337200,-0.015739
0.337300,-0.015748
0.337400,-0.015757
0.337500,-0.015767
0.337600,-0.015776
0.337700,-0.015785
0.337800,-0.015794
0.337900,-0.015803
0.338000,-0.015812
0.338100,-0.015821
0.338200,-0.015830
0.338300,-0.015839
0.338400,-0.015848
0.338500,-0.015857
0.338600,-0.015866
0.338700,-0.015875
0.338800,-0.015884
0.338900,-0.015893
0.339000,-0.015902
0.339100,-0.015911
0.339200,-0.015920
0.339300,-0.015929
0.339400,-0.015938
0.339500,-0.015947
0.339600,-0.015956
0.339700,-0.015965
0.339800,-0.015974
0.339900,-0.015983
0.340000,-0.015992
0.340100,-0.016001
0.340200,-0.016010
0.340300,-0.016019
0.340400,-0.016028
0.340500,-0.016037
0.340600,-0.016046
0.340700,-0.016055
0.340800,-0.016064
0.340900,-0.016073
0.341000,-0.016082
0.341100,-0.016091
0.341200,-0.016099
0.341300,-0.016108
0.341400,-0.016117
0.341500,-0.016126
0.341600,-0.016135
0.341700,-0.016144
0.341800,-0.016153
0.341900,-0.016162
0.342000,-0.016171
0.342100,-0.016179
0.342200,-0.016188
0.342300,-0.016197
0.342400,-0.016206
0.342500,-0.016215
0.342600,-0.016224
0.342700,-0.016233
0.342800,-0.016241
0.342900,-0.016250
0.343000,-0.016259
0.343100,-0.016268
0.343200,-0.016277
0.343300,-0.016286
0.343400,-0.016294
0.343500,-0.016303
0.343600,-0.016312
0.343700,-0.016321
0.343800,-0.016330
0.343900,-0.016339
0.344000,-0.016347
0.344100,-0.016356
0.344200,-0.016365
0.344300,-0.016374
0.344400,-0.016383
0.344500,-0.016392
0.344600,-0.016401
0.344700,-0.016410
0.344800,-0.016418
0.344900,-0.016427
0.345000,-0.016436
0.345100,-0.016445
0.345200,-0.016454
0.345300,-0.016463
0.345400,-0.016472
0.345500,-0.016481
0.345600,-0.016490
0.345700,-0.016499
0.345800,-0.016508
0.345900,-0.016517
0.346000,-0.016526
0.346100,-0.016535
0.346200,-0.016544
0.346300,-0.016553
0.346400,-0.016562
0.346500,-0.016571
0.346600,-0.016580
0.346700,-0.016589
0.346800,-0.016598
0.346900,-0.016607
0.347000,-0.016616
0.347100,-0.016625
0.347200,-0.016634
0.347300,-0.016643
0.347400,-0.016652
0.347500,-0.016661
0.347600,-0.016670
0.347700,-0.016680
0.347800,-0.016689
0.347900,-0.016698
0.348000,-0.016707
0.348100,-0.016716
0.348200,-0.016725
0.348300,-0.016735
0.348400,-0.016744
0.348500,-0.016753
0.348600,-0.016762
0.348700,-0.016771
0.348800,-0.016781
0.348900,-0.016790
0.349000,-0.016799
0.349100,-0.016808
0.349200,-0.016818
0.349300,-0.016827
0.349400,-0.016836
0.349500,-0.016845
0.349600,-0.016855
0.349700,-0.016864
0.349800,-0.016873
0.349900,-0.016882
0.350000,-0.016892
0.350100,-0.016901
0.350200,-0.016910
0.350300,-0.016920
0.350400,-0.016929
0.350500,-0.016938
0.350600,-0.016947
0.350700,-0.016957
0.350800,-0.016966
0.350900,-0.016975
0.351000,-0.016985
0.351100,-0.016994
0.351200,-0.017003
0.351300,-0.017013
0.351400,-0.017022
0.351500,-0.017031
0.351600,-0.017040
0.351700,-0.017050
0.351800,-0.017059
0.351900,-0.017068
0.352000,-0.017077
0.352100,-0.017087
0.352200,-0.017096
0.352300,-0.017105
0.352400,-0.017114
0.352500,-0.017124
0.352600,-0.017133
0.352700,-0.017142
0.352800,-0.017151
0.352900,-0.017161
0.353000,-0.017170
0.353100,-0.017179
0.353200,-0.017188
0.353300,-0.017197
0.353400,-0.017207
0.353500,-0.017216
0.353600,-0.017225
0.353700,-0.017234
0.353800,-0.017243
0.353900,-0.017252
0.354000,-0.017262
0.354100,-0.017271
0.354200,-0.017280
0.354300,-0.017289
0.354400,-0.017298
0.354500,-0.017307
0.354600,-0.017316
0.354700,-0.017325
0.354800,-0.017335
0.354900,-0.017344
0.355000,-0.017353
0.355100,-0.017362
0.355200,-0.017371
0.355300,-0.017380
0.355400,-0.017389
0.355500,-0.017398
0.355600,-0.017407
0.355700,-0.017416
0.355800,-0.017426
0.355900,-0.017435
0.356000,-0.017444
0.356100,-0.017453
0.356200,-0.017462
0.356300,-0.017471
0.356400,-0.017480
0.356500,-0.017489
0.356600,-0.017498
0.356700,-0.017507
0.356800,-0.017516
0.356900,-0.017526
0.357000,-0.017535
0.357100,-0.017544
0.357200,-0.017553
0.357300,-0.017562
0.357400,-0.017571
0.357500,-0.017580
0.357600,-0.017589
0.357700,-0.017599
0.357800,-0.017608
0.357900,-0.017617
0.358000,-0.017626
0.358100,-0.017635
0.358200,-0.017644
0.358300,-0.017653
0.358400,-0.017663
0.358500,-0.017672
0.358600,-0.017681
0.358700,-0.017690
0.358800,-0.017699
0.358900,-0.017708
0.359000,-0.017718
0.359100,-0.017727
0.359200,-0.017736
0.359300,-0.017745
0.359400,-0.017754
0.359500,-0.017764
0.359600,-0.017773
0.359700,-0.017782
0.359800,-0.017791
0.359900,-0.017801
0.360000,-0.017810
0.360100,-0.017819
0.360200,-0.017828
0.360300,-0.017838
0.360400,-0.017847
0.360500,-0.017856
0.360600,-0.017865
0.360700,-0.017875
0.360800,-0.017884
0.360900,-0.017893
0.361000,-0.017903
0.361100,-0.017912
0.361200,-0.017921
0.361300,-0.017930
0.361400,-0.017940
0.361500,-0.017949
0.361600,-0.017958
0.361700,-0.017968
0.361800,-0.017977
0.361900,-0.017986
0.362000,-0.017996
0.362100,-0.018005
0.362200,-0.018014
0.362300,-0.018024
0.362400,-0.018033
0.362500,-0.018042
0.362600,-0.018052
0.362700,-0.018061
0.362800,-0.018070
0.362900,-0.018080
0.363000,-0.018089
0.363100,-0.018098
0.363200,-0.018108
0.363300,-0.018117
0.363400,-0.018127
0.363500,-0.018136
0.363600,-0.018145
0.363700,-0.018155
0.363800,-0.018164
0.363900,-0.018173
0.364000,-0.018183
0.364100,-0.018192
0.364200,-0.018201
0.364300,-0.018211
0.364400,-0.018220
0.364500,-0.018230
0.364600,-0.018239
0.364700,-0.018248
0.364800,-0.018258
0.364900,-0.018267
0.365000,-0.018277
0.365100,-0.018286
0.365200,-0.018295
0.365300,-0.018305
0.365400,-0.018314
0.365500,-0.018324
0.365600,-0.018333
0.365700,-0.018342
0.365800,-0.018352
0.365900,-0.018361
0.366000,-0.018371
0.366100,-0.018380
0.366200,-0.018390
0.366300,-0.018399
0.366400,-0.018408
0.366500,-0.018418
0.366600,-0.018427
0.366700,-0.018437
0.366800,-0.018446
0.366900,-0.018456
0.367000,-0.018465
0.367100,-0.018475
0.367200,-0.018484
0.367300,-0.018494
0.367400,-0.018503
0.367500,-0.018512
0.367600,-0.018522
0.367700,-0.018531
0.367800,-0.018541
0.367900,-0.018550
0.368000,-0.018560
0.368100,-0.018569
0.368200,-0.018579
0.368300,-0.018588
0.368400,-0.018598
0.368500,-0.018607
0.368600,-0.018616
0.368700,-0.018626
0.368800,-0.018635
0.368900,-0.018645
0.369000,-0.018654
0.369100,-0.018664
0.369200,-0.018673
0.369300,-0.018683
0.369400,-0.018692
0.369500,-0.018701
0.369600,-0.018711
0.369700,-0.018720
0.369800,-0.018730
0.369900,-0.018739
0.370000,-0.018749
0.370100,-0.018758
0.370200,-0.018767
0.370300,-0.018777
0.370400,-0.018786
0.370500,-0.018796
0.370600,-0.018805
0.370700,-0.018814
0.370800,-0.018824
0.370900,-0.018833
0.371000,-0.018842
0.371100,-0.018852
0.371200,-0.018861
0.371300,-0.018870
0.371400,-0.018880
0.371500,-0.018889
0.371600,-0.018899
0.371700,-0.018908
0.371800,-0.018917
0.371900,-0.018927
0.372000,-0.018936
0.372100,-0.018945
0.372200,-0.018955
0.372300,-0.018964
0.372400,-0.018973
0.372500,-0.018983
0.372600,-0.018992
0.372700,-0.019001
0.372800,-0.019010
0.372900,-0.019020
0.373000,-0.019029
0.373100,-0.019038
0.373200,-0.019048
0.373300,-0.019057
0.373400,-0.019067
0.373500,-0.019076
0.373600,-0.019085
0.373700,-0.019095
0.373800,-0.019104
0.373900,-0.019113
0.374000,-0.019123
0.374100,-0.019132
0.374200,-0.019141
0.374300,-0.019151
0.374400,-0.019160
0.374500,-0.019170
0.374600,-0.019179
0.374700,-0.019188
0.374800,-0.019198
0.374900,-0.019207
0.375000,-0.019217
0.375100,-0.019226
0.375200,-0.019235
0.375300,-0.019245
0.375400,-0.019254
0.375500,-0.019264
0.375600,-0.019273
0.375700,-0.019283
0.375800,-0.019292
0.375900,-0.019302
0.376000,-0.019311
0.376100,-0.019321
0.376200,-0.019330
0.376300,-0.019340
0.376400,-0.019349
0.376500,-0.019359
0.376600,-0.019368
0.376700,-0.019378
0.376800,-0.019387
0.376900,-0.019397
0.377000,-0.019406
0.377100,-0.019416
0.377200,-0.019425
0.377300,-0.019435
0.377400,-0.019444
0.377500,-0.019454
0.377600,-0.019463
0.377700,-0.019473
0.377800,-0.019483
0.377900,-0.019492
0.378000,-0.019502
0.378100,-0.019511
0.378200,-0.019521
0.378300,-0.019530
0.378400,-0.019540
0.378500,-0.019550
0.378600,-0.019559
0.378700,-0.019569
0.378800,-0.019578
0.378900,-0.019588
0.379000,-0.019597
0.379100,-0.019607
0.379200,-0.019617
0.379300,-0.019626
0.379400,-0.019636
0.379500,-0.019645
0.379600,-0.019655
0.379700,-0.019665
0.379800,-0.019674
0.379900,-0.019684
0.380000,-0.019693
0.380100,-0.019703
0.380200,-0.019713
0.380300,-0.019722
0.380400,-0.019732
0.380500,-0.019741
0.380600,-0.019751
0.380700,-0.019761
0.380800,-0.019770
0.380900,-0.019780
0.381000,-0.019789
0.381100,-0.019799
0.381200,-0.019809
0.381300,-0.019818
0.381400,-0.019828
0.381500,-0.019838
0.381600,-0.019847
0.381700,-0.019857
0.381800,-0.019866
0.381900,-0.019876
0.382000,-0.019886
0.382100,-0.019895
0.382200,-0.019905
0.382300,-0.019915
0.382400,-0.019924
0.382500,-0.019934
0.382600,-0.019943
0.382700,-0.019953
0.382800,-0.019963
0.382900,-0.019972
0.383000,-0.019982
0.383100,-0.019992
0.383200,-0.020001
0.383300,-0.020011
0.383400,-0.020021
0.383500,-0.020030
0.383600,-0.020040
0.383700,-0.020050
0.383800,-0.020059
0.383900,-0.020069
0.384000,-0.020078
0.384100,-0.020088
0.384200,-0.020098
0.384300,-0.020107
0.384400,-0.020117
0.384500,-0.020127
0.384600,-0.020136
0.384700,-0.020146
0.384800,-0.020156
0.384900,-0.020165
0.385000,-0.020175
0.385100,-0.020184
0.385200,-0.020194
0.385300,-0.020204
0.385400,-0.020213
0.385500,-0.020223
0.385600,-0.020233
0.385700,-0.020242
0.385800,-0.020252
0.385900,-0.020261
0.386000,-0.020271
0.386100,-0.020281
0.386200,-0.020290
0.386300,-0.020300
0.386400,-0.020309
0.386500,-0.020319
0.386600,-0.020329
0.386700,-0.020338
0.386800,-0.020348
0.386900,-0.020357
0.387000,-0.020367
0.387100,-0.020377
0.387200,-0.020386
0.387300,-0.020396
0.387400,-0.020405
0.387500,-0.020415
0.387600,-0.020424
0.387700,-0.020434
0.387800,-0.020444
0.387900,-0.020453
0.388000,-0.020463
0.388100,-0.020472
0.388200,-0.020482
0.388300,-0.020491
0.388400,-0.020501
0.388500,-0.020510
0.388600,-0.020520
0.388700,-0.020530
0.388800,-0.020539
0.388900,-0.020549
0.389000,-0.020558
0.389100,-0.020568
0.389200,-0.020577
0.389300,-0.020587
0.389400,-0.020596
0.389500,-0.020606
0.389600,-0.020616
0.389700,-0.020625
0.389800,-0.020635
0.389900,-0.020644
0.390000,-0.020654
0.390100,-0.020663
0.390200,-0.020673
0.390300,-0.020682
0.390400,-0.020692
0.390500,-0.020702
0.390600,-0.020711
0.390700,-0.020721
0.390800,-0.020730
0.390900,-0.020740
0.391000,-0.020749
0.391100,-0.020759
0.391200,-0.020769
0.391300,-0.020778
0.391400,-0.020788
0.391500,-0.020797
0.391600,-0.020807
0.391700,-0.020817
0.391800,-0.020826
0.391900,-0.020836
0.392000,-0.020846
0.392100,-0.020855
0.392200,-0.020865
0.392300,-0.020875
0.392400,-0.020884
0.392500,-0.020894
0.392600,-0.020904
0.392700,-0.020913
0.392800,-0.020923
0.392900,-0.020933
0.393000,-0.020942
0.393100,-0.020952
0.393200,-0.020962
0.393300,-0.020971
0.393400,-0.020981
0.393500,-0.020991
0.393600,-0.021001
0.393700,-0.021010
0.393800,-0.021020
0.393900,-0.021030
0.394000,-0.021040
0.394100,-0.021049
0.394200,-0.021059
0.394300,-0.021069
0.394400,-0.021079
0.394500,-0.021089
0.394600,-0.021098
0.394700,-0.021108
0.394800,-0.021118
0.394900,-0.021128
0.395000,-0.021138
0.395100,-0.021148
0.395200,-0.021157
0.395300,-0.021167
0.395400,-0.021177
0.395500,-0.021187
0.395600,-0.021197
0.395700,-0.021207
0.395800,-0.021216
0.395900,-0.021226
0.396000,-0.021236
0.396100,-0.021246
0.396200,-0.021256
0.396300,-0.021266
0.396400,-0.021275
0.396500,-0.021285
0.396600,-0.021295
0.396700,-0.021305
0.396800,-0.021315
0.396900,-0.021325
0.397000,-0.021335
0.397100,-0.021344
0.397200,-0.021354
0.397300,-0.021364
0.397400,-0.021374
0.397500,-0.021384
0.397600,-0.021394
0.397700,-0.021403
0.397800,-0.021413
0.397900,-0.021423
0.398000,-0.021433
0.398100,-0.021443
0.398200,-0.021453
0.398300,-0.021462
0.398400,-0.021472
0.398500,-0.021482
0.398600,-0.021492
0.398700,-0.021502
0.398800,-0.021512
0.398900,-0.021521
0.399000,-0.021531
0.399100,-0.021541
0.399200,-0.021551
0.399300,-0.021561
0.399400,-0.021570
0.399500,-0.021580
0.399600,-0.021590
0.399700,-0.021600
0.399800,-0.021610
0.399900,-0.021619
0.400000,-0.021629
0.400100,-0.021639
0.400200,-0.021649
0.400300,-0.021658
0.400400,-0.021668
0.400500,-0.021678
0.400600,-0.021688
0.400700,-0.021697
0.400800,-0.021707
0.400900,-0.021717
0.401000,-0.021727
0.401100,-0.021736
0.401200,-0.021746
0.401300,-0.021756
0.401400,-0.021766
0.401500,-0.021775
0.401600,-0.021785
0.401700,-0.021795
0.401800,-0.021805
0.401900,-0.021814
0.402000,-0.021824
0.402100,-0.021834
0.402200,-0.021844
0.402300,-0.021853
0.402400,-0.021863
0.402500,-0.021873
0.402600,-0.021882
0.402700,-0.021892
0.402800,-0.021902
0.402900,-0.021912
0.403000,-0.021921
0.403100,-0.021931
0.403200,-0.021941
0.403300,-0.021950
0.403400,-0.021960
0.403500,-0.021970
0.403600,-0.021980
0.403700,-0.021989
0.403800,-0.021999
0.403900,-0.022009
0.404000,-0.022019
0.404100,-0.022028
0.404200,-0.022038
0.404300,-0.022048
0.404400,-0.022057
0.404500,-0.022067
0.404600,-0.022077
0.404700,-0.022087
0.404800,-0.022096
0.404900,-0.022106
0.405000,-0.022116
0.405100,-0.022126
0.405200,-0.022135
0.405300,-0.022145
0.405400,-0.022155
0.405500,-0.022165
0.405600,-0.022175
0.405700,-0.022184
0.405800,-0.022194
0.405900,-0.022204
0.406000,-0.022214
0.406100,-0.022223
0.406200,-0.022233
0.406300,-0.022243
0.406400,-0.022253
0.406500,-0.022262
0.406600,-0.022272
0.406700,-0.022282
0.406800,-0.022292
0.406900,-0.022302
0.407000,-0.022311
0.407100,-0.022321
0.407200,-0.022331
0.407300,-0.022341
0.407400,-0.022351
0.407500,-0.022360
0.407600,-0.022370
0.407700,-0.022380
0.407800,-0.022390
0.407900,-0.022400
0.408000,-0.022410
0.408100,-0.022419
0.408200,-0.022429
0.408300,-0.022439
0.408400,-0.022449
0.408500,-0.022459
0.408600,-0.022469
0.408700,-0.022478
0.408800,-0.022488
0.408900,-0.022498
0.409000,-0.022508
0.409100,-0.022518
0.409200,-0.022528
0.409300,-0.022538
0.409400,-0.022547
0.409500,-0.022557
0.409600,-0.022567
0.409700,-0.022577
0.409800,-0.022587
0.409900,-0.022597
0.410000,-0.022607
0.410100,-0.022617
0.410200,-0.022627
0.410300,-0.022637
0.410400,-0.022647
0.410500,-0.022657
0.410600,-0.022667
0.410700,-0.022677
0.410800,-0.022687
0.410900,-0.022696
0.411000,-0.022706
0.411100,-0.022716
0.411200,-0.022726
0.411300,-0.022736
0.411400,-0.022746
0.411500,-0.022756
0.411600,-0.022766
0.411700,-0.022777
0.411800,-0.022787
0.411900,-0.022797
0.412000,-0.022807
0.412100,-0.022817
0.412200,-0.022827
0.412300,-0.022837
0.412400,-0.022847
0.412500,-0.022857
0.412600,-0.022867
0.412700,-0.022877
0.412800,-0.022887
0.412900,-0.022897
0.413000,-0.022907
0.413100,-0.022917
0.413200,-0.022927
0.413300,-0.022937
0.413400,-0.022947
0.413500,-0.022957
0.413600,-0.022967
0.413700,-0.022977
0.413800,-0.022987
0.413900,-0.022997
0.414000,-0.023008
0.414100,-0.023018
0.414200,-0.023028
0.414300,-0.023038
0.414400,-0.023048
0.414500,-0.023058
0.414600,-0.023068
0.414700,-0.023078
0.414800,-0.023088
0.414900,-0.023098
0.415000,-0.023107
0.415100,-0.023117
0.415200,-0.023127
0.415300,-0.023137
0.415400,-0.023147
0.415500,-0.023157
0.415600,-0.023167
0.415700,-0.023177
0.415800,-0.023187
0.415900,-0.023197
0.416000,-0.023207
0.416100,-0.023217
0.416200,-0.023226
0.416300,-0.023236
0.416400,-0.023246
0.416500,-0.023256
0.416600,-0.023266
0.416700,-0.023276
0.416800,-0.023286
0.416900,-0.023295
0.417000,-0.023305
0.417100,-0.023315
0.417200,-0.023325
0.417300,-0.023335
0.417400,-0.023344
0.417500,-0.023354
0.417600,-0.023364
0.417700,-0.023374
0.417800,-0.023384
0.417900,-0.023393
0.418000,-0.023403
0.418100,-0.023413
0.418200,-0.023423
0.418300,-0.023433
0.418400,-0.023442
0.418500,-0.023452
0.418600,-0.023462
0.418700,-0.023472
0.418800,-0.023482
0.418900,-0.023491
0.419000,-0.023501
0.419100,-0.023511
0.419200,-0.023521
0.419300,-0.023531
0.419400,-0.023540
0.419500,-0.023550
0.419600,-0.023560
0.419700,-0.023570
0.419800,-0.023580
0.419900,-0.023590
0.420000,-0.023599
0.420100,-0.023609
0.420200,-0.023619
0.420300,-0.023629
0.420400,-0.023639
0.420500,-0.023649
0.420600,-0.023659
0.420700,-0.023668
0.420800,-0.023678
0.420900,-0.023688
0.421000,-0.023698
0.421100,-0.023708
0.421200,-0.023718
0.421300,-0.023728
0.421400,-0.023738
0.421500,-0.023748
0.421600,-0.023758
0.421700,-0.023768
0.421800,-0.023778
0.421900,-0.023788
0.422000,-0.023798
0.422100,-0.023808
0.422200,-0.023818
0.422300,-0.023828
0.422400,-0.023838
0.422500,-0.023848
0.422600,-0.023858
0.422700,-0.023868
0.422800,-0.023878
0.422900,-0.023888
0.423000,-0.023898
0.423100,-0.023908
0.423200,-0.023918
0.423300,-0.023928
0.423400,-0.023938
0.423500,-0.023948
0.423600,-0.023958
0.423700,-0.023968
0.423800,-0.023978
0.423900,-0.023988
0.424000,-0.023998
0.424100,-0.024008
0.424200,-0.024018
0.424300,-0.024028
0.424400,-0.024038
0.424500,-0.024049
0.424600,-0.024059
0.424700,-0.024069
0.424800,-0.024079
0.424900,-0.024089
0.425000,-0.024099
0.425100,-0.024109
0.425200,-0.024119
0.425300,-0.024129
0.425400,-0.024139
0.425500,-0.024150
0.425600,-0.024160
0.425700,-0.024170
0.425800,-0.024180
0.425900,-0.024190
0.426000,-0.024200
0.426100,-0.024210
0.426200,-0.024220
0.426300,-0.024230
0.426400,-0.024241
0.426500,-0.024251
0.426600,-0.024261
0.426700,-0.024271
0.426800,-0.024281
0.426900,-0.024291
0.427000,-0.024301
0.427100,-0.024311
0.427200,-0.024321
0.427300,-0.024332
0.427400,-0.024342
0.427500,-0.024352
0.427600,-0.024362
0.427700,-0.024372
0.427800,-0.024382
0.427900,-0.024392
0.428000,-0.024402
0.428100,-0.024412
0.428200,-0.024422
0.428300,-0.024432
0.428400,-0.024442
0.428500,-0.024453
0.428600,-0.024463
0.428700,-0.024473
0.428800,-0.024483
0.428900,-0.024493
0.429000,-0.024503
0.429100,-0.024513
0.429200,-0.024523
0.429300,-0.024533
0.429400,-0.024543
0.429500,-0.024553
0.429600,-0.024563
0.429700,-0.024573
0.429800,-0.024583
0.429900,-0.024593
0.430000,-0.024603
0.430100,-0.024613
0.430200,-0.024624
0.430300,-0.024634
0.430400,-0.024644
0.430500,-0.024654
0.430600,-0.024664
0.430700,-0.024674
0.430800,-0.024684
0.430900,-0.024694
0.431000,-0.024704
0.431100,-0.024714
